<?xml version="1.0" encoding="UTF-8"?>
<robot generator="Robot 5.0.1 (Python 3.10.4 on win32)" generated="20220701 16:41:56.246" rpa="false" schemaversion="3">
<suite id="s1" name="Tests" source="C:\Users\Cleo\Documents\Python\CleoMaia_Compass_Sprint6\tests">
<suite id="s1-s1" name="04 Carrinhos Tests" source="C:\Users\Cleo\Documents\Python\CleoMaia_Compass_Sprint6\tests\04_carrinhos_tests.robot">
<kw name="Criar Sessao" library="common" type="SETUP">
<kw name="Create Session" library="RequestsLibrary">
<arg>serverest</arg>
<arg>${BASE_URI}</arg>
<arg>verify=true</arg>
<doc>Create Session: create a HTTP session to a server</doc>
<msg timestamp="20220701 16:41:56.880" level="INFO">Creating Session using : alias=serverest, url=http://localhost:3000/, headers={},                     cookies={}, auth=None, timeout=None, proxies=None, verify=True,                     debug=0 </msg>
<status status="PASS" starttime="20220701 16:41:56.879" endtime="20220701 16:41:56.880"/>
</kw>
<status status="PASS" starttime="20220701 16:41:56.879" endtime="20220701 16:41:56.880"/>
</kw>
<test id="s1-s1-t1" name="Cenario: Listar Todos Os Carrinhos Cadastrados" line="12">
<kw name="Cadastrar Novo Carrinho" library="carrinhos_keywords">
<kw name="Criar Dados Carrinho Valido" library="dynamics">
<var>${carrinho}</var>
<doc>Gera um carrinho aleatório e retorna um dicionário com os dados do carrinho</doc>
<kw name="Lista De Todos Produtos" library="produtos_keywords">
<var>${produtos}</var>
<kw name="GET Endpoint &quot;/produtos&quot;" library="common" sourcename="GET Endpoint &quot;${endpoint}&quot;">
<kw name="GET On Session" library="RequestsLibrary">
<var>${response}</var>
<arg>serverest</arg>
<arg>${endpoint}</arg>
<arg>expected_status=any</arg>
<doc>Sends a GET request on a previously created HTTP Session.</doc>
<msg timestamp="20220701 16:41:56.897" level="INFO">GET Request : url=http://localhost:3000/produtos 
 path_url=/produtos 
 headers={'User-Agent': 'python-requests/2.28.1', 'Accept-Encoding': 'gzip, deflate', 'Accept': '*/*', 'Connection': 'keep-alive'} 
 body=None 
 </msg>
<msg timestamp="20220701 16:41:56.897" level="INFO">GET Response : url=http://localhost:3000/produtos 
 status=200, reason=OK 
 headers={'Access-Control-Allow-Origin': '*', 'x-dns-prefetch-control': 'off', 'x-frame-options': 'SAMEORIGIN', 'strict-transport-security': 'max-age=15552000; includeSubDomains', 'x-download-options': 'noopen', 'x-content-type-options': 'nosniff', 'x-xss-protection': '1; mode=block', 'x-moesif-transaction-id': 'c92f7bb1-63f3-4d87-93e6-e41f1f198ce3', 'Content-Type': 'application/json; charset=utf-8', 'Content-Length': '286798', 'Date': 'Fri, 01 Jul 2022 19:41:56 GMT', 'Connection': 'keep-alive', 'Keep-Alive': 'timeout=5'} 
 body={
    "quantidade": 1095,
    "produtos": [
        {
            "nome": "Remain play finish after.",
            "descricao": "Good growth anyone worry develop happy.",
            "preco": 3984,
            "quantidade": 621,
            "_id": "0ElJXs3sVG6rdgRC"
        },
        {
            "nome": "Writer case executive these.",
            "descricao": "Necessary draw particular I.",
            "preco": 1989,
            "quantidade": 600,
            "_id": "0FLEwUNyzW9TZNR2"
        },
        {
            "nome": "Camera way gas walk role.",
            "descricao": "Including TV ten effect alone value federal. Accept next little notice civil.",
            "preco": 1065,
            "quantidade": 660,
            "_id": "0NaF2ajZT4Um8V84"
        },
        {
            "nome": "Responsibility difficult son.",
            "descricao": "Likely approach song itself Mrs. Process cup sit around positive.",
            "preco": 2866,
            "quantidade": 656,
            "_id": "0UonB35nalytNXxz"
        },
        {
            "nome": "Ask quickly.",
            "descricao": "Bill two per. With measure apply the. Artist be term man continue.",
            "preco": 1247,
            "quantidade": 611,
            "_id": "0ViX4l8Bw70ZAVzr"
        },
        {
            "nome": "Provide three.",
            "descricao": "Style like beyond view. Available one face I training home deal.",
            "preco": 3260,
            "quantidade": 568,
            "_id": "0WootBNaVU0n6jbx"
        },
        {
            "nome": "Agreement teach teach.",
            "descricao": "Industry catch cultural campaign agree. Especially carry deep black strong approach.",
            "preco": 3839,
            "quantidade": 789,
            "_id": "0YEYOowzgQAyFUQx"
        },
        {
            "nome": "Read about today report.",
            "descricao": "Information course people fill century voice at name.",
            "preco": 2198,
            "quantidade": 371,
            "_id": "0ZPMcIfSrDAA5X6X"
        },
        {
            "nome": "Include whole whose ahead.",
            "descricao": "Pick those write bit hair.",
            "preco": 1351,
            "quantidade": 825,
            "_id": "0eFKECJJtdzPRVfQ"
        },
        {
            "nome": "Sure animal president every.",
            "descricao": "Apply reflect training political. Again carry traditional top father according trip.",
            "preco": 1143,
            "quantidade": 671,
            "_id": "0h3HNlI0VetliRdB"
        },
        {
            "nome": "Raise city quickly kid.",
            "descricao": "Ask time pattern join ahead name people. Check away idea note exactly old group.",
            "preco": 2256,
            "quantidade": 772,
            "_id": "0j8CWd3rMKaNTlIG"
        },
        {
            "nome": "War rock.",
            "descricao": "Middle the experience short lay artist. Middle time court their.",
            "preco": 3867,
            "quantidade": 654,
            "_id": "0kRiV6f2OMyL4Csl"
        },
        {
            "nome": "Within across amount.",
            "descricao": "Blood report color around then. Other future education toward reality beautiful spend area.",
            "preco": 323,
            "quantidade": 967,
            "_id": "0l9OWUulnXgQbbeX"
        },
        {
            "nome": "Fight now art.",
            "descricao": "Standard hair reduce economy toward minute. Son forward on sense be.",
            "preco": 1701,
            "quantidade": 743,
            "_id": "0lZIITatBqzUB8ZN"
        },
        {
            "nome": "With bill agent player.",
            "descricao": "Case free enough in business. Sure article himself give thought five.",
            "preco": 3187,
            "quantidade": 725,
            "_id": "0nMEFEsUDUIWLit6"
        },
        {
            "nome": "Of notice.",
            "descricao": "Company morning east employee team. Collection charge could office week.",
            "preco": 1895,
            "quantidade": 790,
            "_id": "0ox4hi103NvbMoF5"
        },
        {
            "nome": "Writer laugh wind seek.",
            "descricao": "Computer finish claim reveal break establish quickly word. Arm star economic by physical.",
            "preco": 310,
            "quantidade": 669,
            "_id": "0qlaUVbdOZGZo7LH"
        },
        {
            "nome": "Green picture age.",
            "descricao": "Especially say enjoy huge know position fire. Concern film across child building.",
            "preco": 820,
            "quantidade": 892,
            "_id": "0uJBHIVbZIZCRpzQ"
        },
        {
            "nome": "Increase.",
            "descricao": "Middle statement into four development politics sound. Meet strategy purpose down.",
            "preco": 869,
            "quantidade": 366,
            "_id": "0wnaX2wMeu4h5FWd"
        },
        {
            "nome": "Within.",
            "descricao": "Why Democrat would. Player work edge American drive when quite.",
            "preco": 3929,
            "quantidade": 574,
            "_id": "11w5Nwkb5ZGnGLHm"
        },
        {
            "nome": "Individual chair result soon.",
            "descricao": "Be system health include prevent. Tv good center.",
            "preco": 3665,
            "quantidade": 308,
            "_id": "127dyyi6R9tNGrN0"
        },
        {
            "nome": "Research case.",
            "descricao": "Accept cultural analysis common book well carry. Today impact official relate present.",
            "preco": 2216,
            "quantidade": 941,
            "_id": "12wMp4yAqFS2eh6H"
        },
        {
            "nome": "Section later.",
            "descricao": "Study tough outside every must another full. Card sound mention especially through mind well.",
            "preco": 2994,
            "quantidade": 602,
            "_id": "18mzOAfczhPPuvzy"
        },
        {
            "nome": "War campaign dark in.",
            "descricao": "Issue community interview would. Career whether someone heart land.",
            "preco": 2986,
            "quantidade": 983,
            "_id": "1EaQ8q80zs3eBrHb"
        },
        {
            "nome": "Eight one so draw produce on.",
            "descricao": "Realize writer site special their deal on speak. Medical value people.",
            "preco": 3583,
            "quantidade": 378,
            "_id": "1Ed0uyiDYFkGEwJ3"
        },
        {
            "nome": "Subject wait.",
            "descricao": "Speak position go important nearly. Certainly single spend join. Example speech health.",
            "preco": 1715,
            "quantidade": 841,
            "_id": "1I5AxOfa1nYendDb"
        },
        {
            "nome": "Gun cup thank its.",
            "descricao": "Him eye can material you. Capital reach grow city address act enter.",
            "preco": 628,
            "quantidade": 950,
            "_id": "1ND9rgLyX3EUmaIU"
        },
        {
            "nome": "Agent than oil education.",
            "descricao": "Form service teach home. Nation foreign staff professor trouble.",
            "preco": 2719,
            "quantidade": 984,
            "_id": "1NPnv4Ssf1Yj17KH"
        },
        {
            "nome": "War add bad five.",
            "descricao": "Oil including player school final.",
            "preco": 2645,
            "quantidade": 840,
            "_id": "1Si1deWjFvXcNy79"
        },
        {
            "nome": "Too sure chair common.",
            "descricao": "At point enter song class hand. Not light cause. Whose enjoy figure PM.",
            "preco": 2210,
            "quantidade": 963,
            "_id": "1WE9cOWjLt9D0XCG"
        },
        {
            "nome": "Over section clearly respond.",
            "descricao": "Former public community job property we believe. Stuff form worker nature.",
            "preco": 767,
            "quantidade": 553,
            "_id": "1eFpa3mWZBXRpjv3"
        },
        {
            "nome": "Maybe court value tell.",
            "descricao": "Bar study way market line. Than order past speech drug whole.",
            "preco": 650,
            "quantidade": 829,
            "_id": "1fpCkqHOh7cyj3t1"
        },
        {
            "nome": "Citizen pretty including.",
            "descricao": "Nice trip strong movement reality alone early. Two trade his information purpose why perhaps.",
            "preco": 2054,
            "quantidade": 874,
            "_id": "1iIpF5bURnGLa6To"
        },
        {
            "nome": "Mouth hit option out.",
            "descricao": "Show full expect size marriage individual. Assume military let in movement bed.",
            "preco": 246,
            "quantidade": 912,
            "_id": "1j4eAllkwsk4muGm"
        },
        {
            "nome": "Tree decide best.",
            "descricao": "Push the man not scene set lead.\nDown less six their.\nLaugh law Mrs meeting just property.",
            "preco": 3391,
            "quantidade": 845,
            "_id": "1jhQfWVEXnOX0SO9"
        },
        {
            "nome": "Rich among.",
            "descricao": "Attorney fast citizen she prevent realize school federal. Character indicate because position.",
            "preco": 2031,
            "quantidade": 732,
            "_id": "1pseMOLzfgE9uQiy"
        },
        {
            "nome": "Put station remember defense.",
            "descricao": "Individual arm wear shake marriage morning care.",
            "preco": 585,
            "quantidade": 833,
            "_id": "1wvslpcolFyPU5ud"
        },
        {
            "nome": "Bring rate.",
            "descricao": "As front image name.\nManager rest improve. Voice sense along born move whole.",
            "preco": 3826,
            "quantidade": 582,
            "_id": "26gTCAgD8iq9rmNt"
        },
        {
            "nome": "Happen process.",
            "descricao": "Glass any become re... (set the log level to DEBUG or TRACE to see the full content) 
 </msg>
<msg timestamp="20220701 16:41:56.898" level="INFO">${response} = &lt;Response [200]&gt;</msg>
<status status="PASS" starttime="20220701 16:41:56.882" endtime="20220701 16:41:56.898"/>
</kw>
<kw name="Set Test Variable" library="BuiltIn">
<arg>${response}</arg>
<doc>Makes a variable available everywhere within the scope of the current test.</doc>
<msg timestamp="20220701 16:41:56.899" level="INFO">${response} = &lt;Response [200]&gt;</msg>
<status status="PASS" starttime="20220701 16:41:56.898" endtime="20220701 16:41:56.899"/>
</kw>
<kw name="Set Test Variable" library="BuiltIn">
<arg>${response_body}</arg>
<arg>${response.json()}</arg>
<doc>Makes a variable available everywhere within the scope of the current test.</doc>
<msg timestamp="20220701 16:41:56.903" level="INFO">${response_body} = {'quantidade': 1095, 'produtos': [{'nome': 'Remain play finish after.', 'descricao': 'Good growth anyone worry develop happy.', 'preco': 3984, 'quantidade': 621, '_id': '0ElJXs3sVG6rdgRC'}, {'nome': '...</msg>
<status status="PASS" starttime="20220701 16:41:56.899" endtime="20220701 16:41:56.903"/>
</kw>
<status status="PASS" starttime="20220701 16:41:56.882" endtime="20220701 16:41:56.904"/>
</kw>
<msg timestamp="20220701 16:41:56.906" level="INFO">${produtos} = {'quantidade': 1095, 'produtos': [{'nome': 'Remain play finish after.', 'descricao': 'Good growth anyone worry develop happy.', 'preco': 3984, 'quantidade': 621, '_id': '0ElJXs3sVG6rdgRC'}, {'nome': '...</msg>
<status status="PASS" starttime="20220701 16:41:56.881" endtime="20220701 16:41:56.906"/>
</kw>
<kw name="Set Test Variable" library="BuiltIn">
<arg>${lista_de_produtos}</arg>
<arg>${produtos['produtos']}</arg>
<doc>Makes a variable available everywhere within the scope of the current test.</doc>
<msg timestamp="20220701 16:41:56.909" level="INFO">${lista_de_produtos} = [{'nome': 'Remain play finish after.', 'descricao': 'Good growth anyone worry develop happy.', 'preco': 3984, 'quantidade': 621, '_id': '0ElJXs3sVG6rdgRC'}, {'nome': 'Writer case executive these.', 'd...</msg>
<status status="PASS" starttime="20220701 16:41:56.906" endtime="20220701 16:41:56.909"/>
</kw>
<kw name="Get Length" library="BuiltIn">
<var>${quantidade_de_produtos}</var>
<arg>${lista_de_produtos}</arg>
<doc>Returns and logs the length of the given item as an integer.</doc>
<msg timestamp="20220701 16:41:56.909" level="INFO">Length is 1095</msg>
<msg timestamp="20220701 16:41:56.909" level="INFO">${quantidade_de_produtos} = 1095</msg>
<status status="PASS" starttime="20220701 16:41:56.909" endtime="20220701 16:41:56.909"/>
</kw>
<kw name="Random Int" library="FakerLibrary">
<var>${quantidade_aleatoria}</var>
<arg>min=1</arg>
<arg>max=10</arg>
<doc>Generate a random integer between two integers ``min`` and ``max`` inclusive
while observing the provided ``step`` value.</doc>
<msg timestamp="20220701 16:41:56.910" level="INFO">${quantidade_aleatoria} = 3</msg>
<status status="PASS" starttime="20220701 16:41:56.909" endtime="20220701 16:41:56.910"/>
</kw>
<kw name="Create List" library="BuiltIn">
<var>@{nova_lista_produtos}</var>
<doc>Returns a list containing given items.</doc>
<msg timestamp="20220701 16:41:56.910" level="INFO">@{nova_lista_produtos} = [ ]</msg>
<status status="PASS" starttime="20220701 16:41:56.910" endtime="20220701 16:41:56.910"/>
</kw>
<kw name="Create Dictionary" library="BuiltIn">
<var>${carrinho}</var>
<doc>Creates and returns a dictionary based on the given ``items``.</doc>
<msg timestamp="20220701 16:41:56.911" level="INFO">${carrinho} = {}</msg>
<status status="PASS" starttime="20220701 16:41:56.910" endtime="20220701 16:41:56.911"/>
</kw>
<for flavor="IN RANGE">
<var>${i}</var>
<value>${quantidade_aleatoria}</value>
<iter>
<var name="${i}">0</var>
<kw name="Get Length" library="BuiltIn">
<var>${quantidade_de_produtos}</var>
<arg>${lista_de_produtos}</arg>
<doc>Returns and logs the length of the given item as an integer.</doc>
<msg timestamp="20220701 16:41:56.911" level="INFO">Length is 1095</msg>
<msg timestamp="20220701 16:41:56.911" level="INFO">${quantidade_de_produtos} = 1095</msg>
<status status="PASS" starttime="20220701 16:41:56.911" endtime="20220701 16:41:56.912"/>
</kw>
<kw name="Random Int" library="FakerLibrary">
<var>${index_produto}</var>
<arg>min=0</arg>
<arg>max=${quantidade_de_produtos-1 }</arg>
<doc>Generate a random integer between two integers ``min`` and ``max`` inclusive
while observing the provided ``step`` value.</doc>
<msg timestamp="20220701 16:41:56.912" level="INFO">${index_produto} = 104</msg>
<status status="PASS" starttime="20220701 16:41:56.912" endtime="20220701 16:41:56.912"/>
</kw>
<kw name="Remove From List" library="Collections">
<var>${produto}</var>
<arg>${lista_de_produtos}</arg>
<arg>${index_produto}</arg>
<doc>Removes and returns the value specified with an ``index`` from ``list``.</doc>
<msg timestamp="20220701 16:41:56.913" level="INFO">${produto} = {'nome': 'Somebody case should however.', 'descricao': 'Live crime again myself. Put open lose people test care us.', 'preco': 3175, 'quantidade': 321, '_id': '5jHYzNvhmlocPkXk'}</msg>
<status status="PASS" starttime="20220701 16:41:56.913" endtime="20220701 16:41:56.913"/>
</kw>
<if>
<branch type="IF" condition="${produto['quantidade']} &lt;= 0">
<continue>
<status status="NOT RUN" starttime="20220701 16:41:56.914" endtime="20220701 16:41:56.914"/>
</continue>
<status status="NOT RUN" starttime="20220701 16:41:56.913" endtime="20220701 16:41:56.914"/>
</branch>
<status status="PASS" starttime="20220701 16:41:56.913" endtime="20220701 16:41:56.914"/>
</if>
<kw name="Random Int" library="FakerLibrary">
<var>${quantidade}</var>
<arg>min=1</arg>
<arg>max=3</arg>
<doc>Generate a random integer between two integers ``min`` and ``max`` inclusive
while observing the provided ``step`` value.</doc>
<msg timestamp="20220701 16:41:56.914" level="INFO">${quantidade} = 2</msg>
<status status="PASS" starttime="20220701 16:41:56.914" endtime="20220701 16:41:56.914"/>
</kw>
<kw name="Create Dictionary" library="BuiltIn">
<var>&amp;{novo_produto}</var>
<arg>idProduto=${produto['_id']}</arg>
<arg>quantidade=${quantidade}</arg>
<doc>Creates and returns a dictionary based on the given ``items``.</doc>
<msg timestamp="20220701 16:41:56.915" level="INFO">&amp;{novo_produto} = { idProduto=5jHYzNvhmlocPkXk | quantidade=2 }</msg>
<status status="PASS" starttime="20220701 16:41:56.914" endtime="20220701 16:41:56.915"/>
</kw>
<kw name="Append To List" library="Collections">
<arg>${nova_lista_produtos}</arg>
<arg>${novo_produto}</arg>
<doc>Adds ``values`` to the end of ``list``.</doc>
<status status="PASS" starttime="20220701 16:41:56.915" endtime="20220701 16:41:56.916"/>
</kw>
<status status="PASS" starttime="20220701 16:41:56.911" endtime="20220701 16:41:56.916"/>
</iter>
<iter>
<var name="${i}">1</var>
<kw name="Get Length" library="BuiltIn">
<var>${quantidade_de_produtos}</var>
<arg>${lista_de_produtos}</arg>
<doc>Returns and logs the length of the given item as an integer.</doc>
<msg timestamp="20220701 16:41:56.916" level="INFO">Length is 1094</msg>
<msg timestamp="20220701 16:41:56.917" level="INFO">${quantidade_de_produtos} = 1094</msg>
<status status="PASS" starttime="20220701 16:41:56.916" endtime="20220701 16:41:56.917"/>
</kw>
<kw name="Random Int" library="FakerLibrary">
<var>${index_produto}</var>
<arg>min=0</arg>
<arg>max=${quantidade_de_produtos-1 }</arg>
<doc>Generate a random integer between two integers ``min`` and ``max`` inclusive
while observing the provided ``step`` value.</doc>
<msg timestamp="20220701 16:41:56.918" level="INFO">${index_produto} = 799</msg>
<status status="PASS" starttime="20220701 16:41:56.917" endtime="20220701 16:41:56.918"/>
</kw>
<kw name="Remove From List" library="Collections">
<var>${produto}</var>
<arg>${lista_de_produtos}</arg>
<arg>${index_produto}</arg>
<doc>Removes and returns the value specified with an ``index`` from ``list``.</doc>
<msg timestamp="20220701 16:41:56.918" level="INFO">${produto} = {'nome': 'Unit already from build.', 'descricao': 'High wide happy upon save. Morning save company far. Modern believe marriage board.', 'preco': 2472, 'quantidade': 804, '_id': 'jVNfBMz6Ng4wXkyC'}</msg>
<status status="PASS" starttime="20220701 16:41:56.918" endtime="20220701 16:41:56.918"/>
</kw>
<if>
<branch type="IF" condition="${produto['quantidade']} &lt;= 0">
<continue>
<status status="NOT RUN" starttime="20220701 16:41:56.919" endtime="20220701 16:41:56.919"/>
</continue>
<status status="NOT RUN" starttime="20220701 16:41:56.919" endtime="20220701 16:41:56.919"/>
</branch>
<status status="PASS" starttime="20220701 16:41:56.918" endtime="20220701 16:41:56.919"/>
</if>
<kw name="Random Int" library="FakerLibrary">
<var>${quantidade}</var>
<arg>min=1</arg>
<arg>max=3</arg>
<doc>Generate a random integer between two integers ``min`` and ``max`` inclusive
while observing the provided ``step`` value.</doc>
<msg timestamp="20220701 16:41:56.919" level="INFO">${quantidade} = 2</msg>
<status status="PASS" starttime="20220701 16:41:56.919" endtime="20220701 16:41:56.919"/>
</kw>
<kw name="Create Dictionary" library="BuiltIn">
<var>&amp;{novo_produto}</var>
<arg>idProduto=${produto['_id']}</arg>
<arg>quantidade=${quantidade}</arg>
<doc>Creates and returns a dictionary based on the given ``items``.</doc>
<msg timestamp="20220701 16:41:56.920" level="INFO">&amp;{novo_produto} = { idProduto=jVNfBMz6Ng4wXkyC | quantidade=2 }</msg>
<status status="PASS" starttime="20220701 16:41:56.920" endtime="20220701 16:41:56.920"/>
</kw>
<kw name="Append To List" library="Collections">
<arg>${nova_lista_produtos}</arg>
<arg>${novo_produto}</arg>
<doc>Adds ``values`` to the end of ``list``.</doc>
<status status="PASS" starttime="20220701 16:41:56.921" endtime="20220701 16:41:56.921"/>
</kw>
<status status="PASS" starttime="20220701 16:41:56.916" endtime="20220701 16:41:56.921"/>
</iter>
<iter>
<var name="${i}">2</var>
<kw name="Get Length" library="BuiltIn">
<var>${quantidade_de_produtos}</var>
<arg>${lista_de_produtos}</arg>
<doc>Returns and logs the length of the given item as an integer.</doc>
<msg timestamp="20220701 16:41:56.921" level="INFO">Length is 1093</msg>
<msg timestamp="20220701 16:41:56.922" level="INFO">${quantidade_de_produtos} = 1093</msg>
<status status="PASS" starttime="20220701 16:41:56.921" endtime="20220701 16:41:56.922"/>
</kw>
<kw name="Random Int" library="FakerLibrary">
<var>${index_produto}</var>
<arg>min=0</arg>
<arg>max=${quantidade_de_produtos-1 }</arg>
<doc>Generate a random integer between two integers ``min`` and ``max`` inclusive
while observing the provided ``step`` value.</doc>
<msg timestamp="20220701 16:41:56.922" level="INFO">${index_produto} = 171</msg>
<status status="PASS" starttime="20220701 16:41:56.922" endtime="20220701 16:41:56.922"/>
</kw>
<kw name="Remove From List" library="Collections">
<var>${produto}</var>
<arg>${lista_de_produtos}</arg>
<arg>${index_produto}</arg>
<doc>Removes and returns the value specified with an ``index`` from ``list``.</doc>
<msg timestamp="20220701 16:41:56.923" level="INFO">${produto} = {'nome': 'Time way fear executive.', 'descricao': 'Machine save let pull position. School interest degree feel.', 'preco': 3409, 'quantidade': 955, '_id': '9r5B48FnfkL7MAsH'}</msg>
<status status="PASS" starttime="20220701 16:41:56.923" endtime="20220701 16:41:56.923"/>
</kw>
<if>
<branch type="IF" condition="${produto['quantidade']} &lt;= 0">
<continue>
<status status="NOT RUN" starttime="20220701 16:41:56.924" endtime="20220701 16:41:56.924"/>
</continue>
<status status="NOT RUN" starttime="20220701 16:41:56.923" endtime="20220701 16:41:56.924"/>
</branch>
<status status="PASS" starttime="20220701 16:41:56.923" endtime="20220701 16:41:56.924"/>
</if>
<kw name="Random Int" library="FakerLibrary">
<var>${quantidade}</var>
<arg>min=1</arg>
<arg>max=3</arg>
<doc>Generate a random integer between two integers ``min`` and ``max`` inclusive
while observing the provided ``step`` value.</doc>
<msg timestamp="20220701 16:41:56.924" level="INFO">${quantidade} = 1</msg>
<status status="PASS" starttime="20220701 16:41:56.924" endtime="20220701 16:41:56.924"/>
</kw>
<kw name="Create Dictionary" library="BuiltIn">
<var>&amp;{novo_produto}</var>
<arg>idProduto=${produto['_id']}</arg>
<arg>quantidade=${quantidade}</arg>
<doc>Creates and returns a dictionary based on the given ``items``.</doc>
<msg timestamp="20220701 16:41:56.925" level="INFO">&amp;{novo_produto} = { idProduto=9r5B48FnfkL7MAsH | quantidade=1 }</msg>
<status status="PASS" starttime="20220701 16:41:56.924" endtime="20220701 16:41:56.925"/>
</kw>
<kw name="Append To List" library="Collections">
<arg>${nova_lista_produtos}</arg>
<arg>${novo_produto}</arg>
<doc>Adds ``values`` to the end of ``list``.</doc>
<status status="PASS" starttime="20220701 16:41:56.925" endtime="20220701 16:41:56.926"/>
</kw>
<status status="PASS" starttime="20220701 16:41:56.921" endtime="20220701 16:41:56.926"/>
</iter>
<status status="PASS" starttime="20220701 16:41:56.911" endtime="20220701 16:41:56.926"/>
</for>
<kw name="Add Object To Json" library="JSONLibrary">
<var>${carrinho}</var>
<arg>${carrinho}</arg>
<arg>$.produtos</arg>
<arg>${nova_lista_produtos}</arg>
<doc>Add an dictionary or list object to json object using json_path</doc>
<msg timestamp="20220701 16:41:56.960" level="INFO">${carrinho} = {'produtos': [{'idProduto': '5jHYzNvhmlocPkXk', 'quantidade': 2}, {'idProduto': 'jVNfBMz6Ng4wXkyC', 'quantidade': 2}, {'idProduto': '9r5B48FnfkL7MAsH', 'quantidade': 1}]}</msg>
<status status="PASS" starttime="20220701 16:41:56.926" endtime="20220701 16:41:56.960"/>
</kw>
<msg timestamp="20220701 16:41:56.960" level="INFO">${carrinho} = {'produtos': [{'idProduto': '5jHYzNvhmlocPkXk', 'quantidade': 2}, {'idProduto': 'jVNfBMz6Ng4wXkyC', 'quantidade': 2}, {'idProduto': '9r5B48FnfkL7MAsH', 'quantidade': 1}]}</msg>
<status status="PASS" starttime="20220701 16:41:56.881" endtime="20220701 16:41:56.960"/>
</kw>
<kw name="Logar E Salvar Token Como" library="login_keywords">
<arg>"Administrador"</arg>
<doc>Aceita como argumento um tipo de usuário e retorna um usuário do tipo desejado
Se não for passado um tipo de usuário, loga como usuário Não Administrador
Tipos de usuario Aceitos:
- "Administrador"
- "Nao Administrador"</doc>
<kw name="Cadastrar Novo Usuario" library="usuarios_keywords">
<var>${usuario_valido}</var>
<arg>${tipo}</arg>
<doc>Aceita como argumento um tipo de usuário e retorna um usuário do tipo desejado
Se não for passado um tipo de usuário, loga como usuário Não Administrador
Tipos de usuario Aceitos:
- "Administrador"
- "Nao Administrador"</doc>
<kw name="Criar Dados Usuario Valido Do Tipo" library="dynamics">
<var>${usuario}</var>
<arg>${tipo}</arg>
<doc>Aceita como argumento um tipo de usuário e retorna um usuário do tipo desejado
Se não for passado um tipo de usuário, retorna um usuario Não Administrador
Tipos de usuario Aceitos:
- "Administrador"
- "Nao Administrador"</doc>
<kw name="Name" library="FakerLibrary">
<var>${nome}</var>
<doc>:example 'John Doe'</doc>
<msg timestamp="20220701 16:41:56.962" level="INFO">${nome} = Vincent Snyder</msg>
<status status="PASS" starttime="20220701 16:41:56.962" endtime="20220701 16:41:56.962"/>
</kw>
<kw name="Email" library="FakerLibrary">
<var>${email}</var>
<msg timestamp="20220701 16:41:56.963" level="INFO">${email} = chunt@example.com</msg>
<status status="PASS" starttime="20220701 16:41:56.962" endtime="20220701 16:41:56.963"/>
</kw>
<kw name="Word" library="FakerLibrary">
<var>${word}</var>
<doc>Generate a word.</doc>
<msg timestamp="20220701 16:41:56.964" level="INFO">${word} = forget</msg>
<status status="PASS" starttime="20220701 16:41:56.964" endtime="20220701 16:41:56.964"/>
</kw>
<kw name="Catenate" library="BuiltIn">
<var>${email}</var>
<arg>SEPARATOR=</arg>
<arg>${word}</arg>
<arg>${email}</arg>
<doc>Catenates the given items together and returns the resulted string.</doc>
<msg timestamp="20220701 16:41:56.964" level="INFO">${email} = forgetchunt@example.com</msg>
<status status="PASS" starttime="20220701 16:41:56.964" endtime="20220701 16:41:56.964"/>
</kw>
<kw name="Password" library="FakerLibrary">
<var>${senha}</var>
<doc>Generate a random password of the specified ``length``.</doc>
<msg timestamp="20220701 16:41:56.965" level="INFO">${senha} = Ay_R4Lj+#)</msg>
<status status="PASS" starttime="20220701 16:41:56.964" endtime="20220701 16:41:56.965"/>
</kw>
<kw name="Set Variable If" library="BuiltIn">
<var>${administrador}</var>
<arg>${tipo} == "Administrador"</arg>
<arg>true</arg>
<arg>false</arg>
<doc>Sets variable based on the given condition.</doc>
<msg timestamp="20220701 16:41:56.965" level="INFO">${administrador} = true</msg>
<status status="PASS" starttime="20220701 16:41:56.965" endtime="20220701 16:41:56.965"/>
</kw>
<kw name="Create Dictionary" library="BuiltIn">
<var>&amp;{usuario}</var>
<arg>nome=${nome}</arg>
<arg>email=${email}</arg>
<arg>password=${senha}</arg>
<arg>administrador=${administrador}</arg>
<doc>Creates and returns a dictionary based on the given ``items``.</doc>
<msg timestamp="20220701 16:41:56.966" level="INFO">&amp;{usuario} = { nome=Vincent Snyder | email=forgetchunt@example.com | password=Ay_R4Lj+#) | administrador=true }</msg>
<status status="PASS" starttime="20220701 16:41:56.965" endtime="20220701 16:41:56.966"/>
</kw>
<msg timestamp="20220701 16:41:56.966" level="INFO">${usuario} = {'nome': 'Vincent Snyder', 'email': 'forgetchunt@example.com', 'password': 'Ay_R4Lj+#)', 'administrador': 'true'}</msg>
<status status="PASS" starttime="20220701 16:41:56.961" endtime="20220701 16:41:56.966"/>
</kw>
<kw name="POST Endpoint &quot;/usuarios&quot; Com Body &quot;${usuario}&quot;" library="common" sourcename="POST Endpoint &quot;${endpoint}&quot; Com Body &quot;${body}&quot;">
<kw name="Run Keyword If" library="BuiltIn">
<arg>'_id' in ${body}</arg>
<arg>Remove From Dictionary</arg>
<arg>${body}</arg>
<arg>_id</arg>
<doc>Runs the given keyword with the given arguments, if ``condition`` is true.</doc>
<status status="PASS" starttime="20220701 16:41:56.967" endtime="20220701 16:41:56.967"/>
</kw>
<kw name="POST On Session" library="RequestsLibrary">
<var>${response}</var>
<arg>serverest</arg>
<arg>${endpoint}</arg>
<arg>json=${body}</arg>
<arg>expected_status=any</arg>
<doc>Sends a POST request on a previously created HTTP Session.</doc>
<msg timestamp="20220701 16:41:56.990" level="INFO">POST Request : url=http://localhost:3000/usuarios 
 path_url=/usuarios 
 headers={'User-Agent': 'python-requests/2.28.1', 'Accept-Encoding': 'gzip, deflate', 'Accept': '*/*', 'Connection': 'keep-alive', 'Content-Length': '113', 'Content-Type': 'application/json'} 
 body=b'{"nome": "Vincent Snyder", "email": "forgetchunt@example.com", "password": "Ay_R4Lj+#)", "administrador": "true"}' 
 </msg>
<msg timestamp="20220701 16:41:56.990" level="INFO">POST Response : url=http://localhost:3000/usuarios 
 status=201, reason=Created 
 headers={'Access-Control-Allow-Origin': '*', 'x-dns-prefetch-control': 'off', 'x-frame-options': 'SAMEORIGIN', 'strict-transport-security': 'max-age=15552000; includeSubDomains', 'x-download-options': 'noopen', 'x-content-type-options': 'nosniff', 'x-xss-protection': '1; mode=block', 'x-moesif-transaction-id': 'eb3a71a4-cac4-43a5-a752-64bf84828f83', 'Content-Type': 'application/json; charset=utf-8', 'Content-Length': '82', 'Date': 'Fri, 01 Jul 2022 19:41:56 GMT', 'Connection': 'keep-alive', 'Keep-Alive': 'timeout=5'} 
 body={
    "message": "Cadastro realizado com sucesso",
    "_id": "8GNd44xzQzkJjypV"
} 
 </msg>
<msg timestamp="20220701 16:41:56.990" level="INFO">${response} = &lt;Response [201]&gt;</msg>
<status status="PASS" starttime="20220701 16:41:56.967" endtime="20220701 16:41:56.990"/>
</kw>
<kw name="Set Test Variable" library="BuiltIn">
<arg>${response}</arg>
<doc>Makes a variable available everywhere within the scope of the current test.</doc>
<msg timestamp="20220701 16:41:56.990" level="INFO">${response} = &lt;Response [201]&gt;</msg>
<status status="PASS" starttime="20220701 16:41:56.990" endtime="20220701 16:41:56.990"/>
</kw>
<kw name="Set Test Variable" library="BuiltIn">
<arg>${response_body}</arg>
<arg>${response.json()}</arg>
<doc>Makes a variable available everywhere within the scope of the current test.</doc>
<msg timestamp="20220701 16:41:56.993" level="INFO">${response_body} = {'message': 'Cadastro realizado com sucesso', '_id': '8GNd44xzQzkJjypV'}</msg>
<status status="PASS" starttime="20220701 16:41:56.991" endtime="20220701 16:41:56.993"/>
</kw>
<status status="PASS" starttime="20220701 16:41:56.966" endtime="20220701 16:41:56.993"/>
</kw>
<kw name="Validar Status Code &quot;201&quot;" library="common" sourcename="Validar Status Code &quot;${statuscode}&quot;">
<kw name="Should Be True" library="BuiltIn">
<arg>${response.status_code} == ${statuscode}</arg>
<doc>Fails if the given condition is not true.</doc>
<status status="PASS" starttime="20220701 16:41:56.994" endtime="20220701 16:41:56.995"/>
</kw>
<status status="PASS" starttime="20220701 16:41:56.994" endtime="20220701 16:41:56.995"/>
</kw>
<kw name="Validar Mensagem &quot;Cadastro realizado com sucesso&quot;" library="common" sourcename="Validar Mensagem &quot;${mensagem}&quot;">
<kw name="Should Be Equal" library="BuiltIn">
<arg>${response_body['message']}</arg>
<arg>${mensagem}</arg>
<doc>Fails if the given objects are unequal.</doc>
<status status="PASS" starttime="20220701 16:41:56.996" endtime="20220701 16:41:56.996"/>
</kw>
<status status="PASS" starttime="20220701 16:41:56.995" endtime="20220701 16:41:56.997"/>
</kw>
<kw name="Should Not Be Empty" library="BuiltIn">
<arg>${response_body['_id']}</arg>
<doc>Verifies that the given item is not empty.</doc>
<msg timestamp="20220701 16:41:56.997" level="INFO">Length is 16</msg>
<status status="PASS" starttime="20220701 16:41:56.997" endtime="20220701 16:41:56.997"/>
</kw>
<kw name="Set To Dictionary" library="Collections">
<arg>${usuario}</arg>
<arg>_id=${response_body['_id']}</arg>
<doc>Adds the given ``key_value_pairs`` and ``items`` to the ``dictionary``.</doc>
<status status="PASS" starttime="20220701 16:41:56.997" endtime="20220701 16:41:56.998"/>
</kw>
<kw name="Set Test Variable" library="BuiltIn">
<arg>${usuario_valido}</arg>
<arg>${usuario}</arg>
<doc>Makes a variable available everywhere within the scope of the current test.</doc>
<msg timestamp="20220701 16:41:56.999" level="INFO">${usuario_valido} = {'nome': 'Vincent Snyder', 'email': 'forgetchunt@example.com', 'password': 'Ay_R4Lj+#)', 'administrador': 'true', '_id': '8GNd44xzQzkJjypV'}</msg>
<status status="PASS" starttime="20220701 16:41:56.998" endtime="20220701 16:41:56.999"/>
</kw>
<msg timestamp="20220701 16:41:56.999" level="INFO">${usuario_valido} = None</msg>
<status status="PASS" starttime="20220701 16:41:56.961" endtime="20220701 16:41:56.999"/>
</kw>
<kw name="Remove From Dictionary" library="Collections">
<arg>${usuario_valido}</arg>
<arg>nome</arg>
<arg>administrador</arg>
<arg>_id</arg>
<doc>Removes the given ``keys`` from the ``dictionary``.</doc>
<msg timestamp="20220701 16:41:57.000" level="FAIL">TypeError: argument of type 'NoneType' is not iterable</msg>
<status status="FAIL" starttime="20220701 16:41:56.999" endtime="20220701 16:41:57.000"/>
</kw>
<kw name="POST Endpoint &quot;/login&quot; Com Body &quot;${usuario_valido}&quot;" library="common" sourcename="POST Endpoint &quot;${endpoint}&quot; Com Body &quot;${body}&quot;">
<status status="NOT RUN" starttime="20220701 16:41:57.001" endtime="20220701 16:41:57.001"/>
</kw>
<kw name="Validar Status Code &quot;200&quot;" library="common" sourcename="Validar Status Code &quot;${statuscode}&quot;">
<status status="NOT RUN" starttime="20220701 16:41:57.001" endtime="20220701 16:41:57.001"/>
</kw>
<kw name="Validar Mensagem &quot;Login realizado com sucesso&quot;" library="common" sourcename="Validar Mensagem &quot;${mensagem}&quot;">
<status status="NOT RUN" starttime="20220701 16:41:57.001" endtime="20220701 16:41:57.001"/>
</kw>
<kw name="Validar Token" library="login_keywords">
<status status="NOT RUN" starttime="20220701 16:41:57.002" endtime="20220701 16:41:57.002"/>
</kw>
<kw name="Create Dictionary" library="BuiltIn">
<var>&amp;{headers}</var>
<arg>Authorization=${response_body["authorization"]}</arg>
<doc>Creates and returns a dictionary based on the given ``items``.</doc>
<status status="NOT RUN" starttime="20220701 16:41:57.002" endtime="20220701 16:41:57.002"/>
</kw>
<kw name="Set Test Variable" library="BuiltIn">
<arg>${headers}</arg>
<doc>Makes a variable available everywhere within the scope of the current test.</doc>
<status status="NOT RUN" starttime="20220701 16:41:57.002" endtime="20220701 16:41:57.002"/>
</kw>
<status status="FAIL" starttime="20220701 16:41:56.961" endtime="20220701 16:41:57.003"/>
</kw>
<kw name="POST Autenticado EndPoint &quot;/carrinhos&quot; Com Body &quot;${carrinho}&quot; Headers &quot;${headers}&quot;" library="common" sourcename="POST Autenticado EndPoint &quot;${endpoint}&quot; Com Body &quot;${body}&quot; Headers &quot;${headers}&quot;">
<status status="NOT RUN" starttime="20220701 16:41:57.003" endtime="20220701 16:41:57.003"/>
</kw>
<kw name="Validar Status Code &quot;201&quot;" library="common" sourcename="Validar Status Code &quot;${statuscode}&quot;">
<status status="NOT RUN" starttime="20220701 16:41:57.003" endtime="20220701 16:41:57.003"/>
</kw>
<kw name="Validar Mensagem &quot;Cadastro realizado com sucesso&quot;" library="common" sourcename="Validar Mensagem &quot;${mensagem}&quot;">
<status status="NOT RUN" starttime="20220701 16:41:57.004" endtime="20220701 16:41:57.004"/>
</kw>
<kw name="Validar Se A Key Nao Esta Vazia &quot;_id&quot;" library="common" sourcename="Validar Se A Key Nao Esta Vazia &quot;${key}&quot;">
<status status="NOT RUN" starttime="20220701 16:41:57.004" endtime="20220701 16:41:57.004"/>
</kw>
<status status="FAIL" starttime="20220701 16:41:56.881" endtime="20220701 16:41:57.004"/>
</kw>
<kw name="Get Endpoint &quot;/carrinhos&quot;" library="common" sourcename="GET Endpoint &quot;${endpoint}&quot;">
<status status="NOT RUN" starttime="20220701 16:41:57.005" endtime="20220701 16:41:57.005"/>
</kw>
<kw name="Validar Status Code &quot;200&quot;" library="common" sourcename="Validar Status Code &quot;${statuscode}&quot;">
<status status="NOT RUN" starttime="20220701 16:41:57.005" endtime="20220701 16:41:57.005"/>
</kw>
<kw name="Validar Quantidade De Carrinhos &gt; 0" library="common" sourcename="Validar Quantidade De ${item} ${operador} ${quantidade}">
<status status="NOT RUN" starttime="20220701 16:41:57.005" endtime="20220701 16:41:57.005"/>
</kw>
<tag>Buscar_Todos_Carrinhos</tag>
<tag>Carrinhos</tag>
<tag>GET</tag>
<tag>GET_Carrinhos</tag>
<status status="FAIL" starttime="20220701 16:41:56.880" endtime="20220701 16:41:57.006">TypeError: argument of type 'NoneType' is not iterable</status>
</test>
<test id="s1-s1-t2" name="Cenario: Buscar Carrinho Cadastrado" line="19">
<kw name="Cadastrar Novo Carrinho" library="carrinhos_keywords">
<kw name="Criar Dados Carrinho Valido" library="dynamics">
<var>${carrinho}</var>
<doc>Gera um carrinho aleatório e retorna um dicionário com os dados do carrinho</doc>
<kw name="Lista De Todos Produtos" library="produtos_keywords">
<var>${produtos}</var>
<kw name="GET Endpoint &quot;/produtos&quot;" library="common" sourcename="GET Endpoint &quot;${endpoint}&quot;">
<kw name="GET On Session" library="RequestsLibrary">
<var>${response}</var>
<arg>serverest</arg>
<arg>${endpoint}</arg>
<arg>expected_status=any</arg>
<doc>Sends a GET request on a previously created HTTP Session.</doc>
<msg timestamp="20220701 16:41:57.015" level="INFO">GET Request : url=http://localhost:3000/produtos 
 path_url=/produtos 
 headers={'User-Agent': 'python-requests/2.28.1', 'Accept-Encoding': 'gzip, deflate', 'Accept': '*/*', 'Connection': 'keep-alive'} 
 body=None 
 </msg>
<msg timestamp="20220701 16:41:57.015" level="INFO">GET Response : url=http://localhost:3000/produtos 
 status=200, reason=OK 
 headers={'Access-Control-Allow-Origin': '*', 'x-dns-prefetch-control': 'off', 'x-frame-options': 'SAMEORIGIN', 'strict-transport-security': 'max-age=15552000; includeSubDomains', 'x-download-options': 'noopen', 'x-content-type-options': 'nosniff', 'x-xss-protection': '1; mode=block', 'x-moesif-transaction-id': 'b0632d5d-c4ff-4f6e-9bd8-3e1aef8514a0', 'Content-Type': 'application/json; charset=utf-8', 'Content-Length': '286798', 'Date': 'Fri, 01 Jul 2022 19:41:57 GMT', 'Connection': 'keep-alive', 'Keep-Alive': 'timeout=5'} 
 body={
    "quantidade": 1095,
    "produtos": [
        {
            "nome": "Remain play finish after.",
            "descricao": "Good growth anyone worry develop happy.",
            "preco": 3984,
            "quantidade": 621,
            "_id": "0ElJXs3sVG6rdgRC"
        },
        {
            "nome": "Writer case executive these.",
            "descricao": "Necessary draw particular I.",
            "preco": 1989,
            "quantidade": 600,
            "_id": "0FLEwUNyzW9TZNR2"
        },
        {
            "nome": "Camera way gas walk role.",
            "descricao": "Including TV ten effect alone value federal. Accept next little notice civil.",
            "preco": 1065,
            "quantidade": 660,
            "_id": "0NaF2ajZT4Um8V84"
        },
        {
            "nome": "Responsibility difficult son.",
            "descricao": "Likely approach song itself Mrs. Process cup sit around positive.",
            "preco": 2866,
            "quantidade": 656,
            "_id": "0UonB35nalytNXxz"
        },
        {
            "nome": "Ask quickly.",
            "descricao": "Bill two per. With measure apply the. Artist be term man continue.",
            "preco": 1247,
            "quantidade": 611,
            "_id": "0ViX4l8Bw70ZAVzr"
        },
        {
            "nome": "Provide three.",
            "descricao": "Style like beyond view. Available one face I training home deal.",
            "preco": 3260,
            "quantidade": 568,
            "_id": "0WootBNaVU0n6jbx"
        },
        {
            "nome": "Agreement teach teach.",
            "descricao": "Industry catch cultural campaign agree. Especially carry deep black strong approach.",
            "preco": 3839,
            "quantidade": 789,
            "_id": "0YEYOowzgQAyFUQx"
        },
        {
            "nome": "Read about today report.",
            "descricao": "Information course people fill century voice at name.",
            "preco": 2198,
            "quantidade": 371,
            "_id": "0ZPMcIfSrDAA5X6X"
        },
        {
            "nome": "Include whole whose ahead.",
            "descricao": "Pick those write bit hair.",
            "preco": 1351,
            "quantidade": 825,
            "_id": "0eFKECJJtdzPRVfQ"
        },
        {
            "nome": "Sure animal president every.",
            "descricao": "Apply reflect training political. Again carry traditional top father according trip.",
            "preco": 1143,
            "quantidade": 671,
            "_id": "0h3HNlI0VetliRdB"
        },
        {
            "nome": "Raise city quickly kid.",
            "descricao": "Ask time pattern join ahead name people. Check away idea note exactly old group.",
            "preco": 2256,
            "quantidade": 772,
            "_id": "0j8CWd3rMKaNTlIG"
        },
        {
            "nome": "War rock.",
            "descricao": "Middle the experience short lay artist. Middle time court their.",
            "preco": 3867,
            "quantidade": 654,
            "_id": "0kRiV6f2OMyL4Csl"
        },
        {
            "nome": "Within across amount.",
            "descricao": "Blood report color around then. Other future education toward reality beautiful spend area.",
            "preco": 323,
            "quantidade": 967,
            "_id": "0l9OWUulnXgQbbeX"
        },
        {
            "nome": "Fight now art.",
            "descricao": "Standard hair reduce economy toward minute. Son forward on sense be.",
            "preco": 1701,
            "quantidade": 743,
            "_id": "0lZIITatBqzUB8ZN"
        },
        {
            "nome": "With bill agent player.",
            "descricao": "Case free enough in business. Sure article himself give thought five.",
            "preco": 3187,
            "quantidade": 725,
            "_id": "0nMEFEsUDUIWLit6"
        },
        {
            "nome": "Of notice.",
            "descricao": "Company morning east employee team. Collection charge could office week.",
            "preco": 1895,
            "quantidade": 790,
            "_id": "0ox4hi103NvbMoF5"
        },
        {
            "nome": "Writer laugh wind seek.",
            "descricao": "Computer finish claim reveal break establish quickly word. Arm star economic by physical.",
            "preco": 310,
            "quantidade": 669,
            "_id": "0qlaUVbdOZGZo7LH"
        },
        {
            "nome": "Green picture age.",
            "descricao": "Especially say enjoy huge know position fire. Concern film across child building.",
            "preco": 820,
            "quantidade": 892,
            "_id": "0uJBHIVbZIZCRpzQ"
        },
        {
            "nome": "Increase.",
            "descricao": "Middle statement into four development politics sound. Meet strategy purpose down.",
            "preco": 869,
            "quantidade": 366,
            "_id": "0wnaX2wMeu4h5FWd"
        },
        {
            "nome": "Within.",
            "descricao": "Why Democrat would. Player work edge American drive when quite.",
            "preco": 3929,
            "quantidade": 574,
            "_id": "11w5Nwkb5ZGnGLHm"
        },
        {
            "nome": "Individual chair result soon.",
            "descricao": "Be system health include prevent. Tv good center.",
            "preco": 3665,
            "quantidade": 308,
            "_id": "127dyyi6R9tNGrN0"
        },
        {
            "nome": "Research case.",
            "descricao": "Accept cultural analysis common book well carry. Today impact official relate present.",
            "preco": 2216,
            "quantidade": 941,
            "_id": "12wMp4yAqFS2eh6H"
        },
        {
            "nome": "Section later.",
            "descricao": "Study tough outside every must another full. Card sound mention especially through mind well.",
            "preco": 2994,
            "quantidade": 602,
            "_id": "18mzOAfczhPPuvzy"
        },
        {
            "nome": "War campaign dark in.",
            "descricao": "Issue community interview would. Career whether someone heart land.",
            "preco": 2986,
            "quantidade": 983,
            "_id": "1EaQ8q80zs3eBrHb"
        },
        {
            "nome": "Eight one so draw produce on.",
            "descricao": "Realize writer site special their deal on speak. Medical value people.",
            "preco": 3583,
            "quantidade": 378,
            "_id": "1Ed0uyiDYFkGEwJ3"
        },
        {
            "nome": "Subject wait.",
            "descricao": "Speak position go important nearly. Certainly single spend join. Example speech health.",
            "preco": 1715,
            "quantidade": 841,
            "_id": "1I5AxOfa1nYendDb"
        },
        {
            "nome": "Gun cup thank its.",
            "descricao": "Him eye can material you. Capital reach grow city address act enter.",
            "preco": 628,
            "quantidade": 950,
            "_id": "1ND9rgLyX3EUmaIU"
        },
        {
            "nome": "Agent than oil education.",
            "descricao": "Form service teach home. Nation foreign staff professor trouble.",
            "preco": 2719,
            "quantidade": 984,
            "_id": "1NPnv4Ssf1Yj17KH"
        },
        {
            "nome": "War add bad five.",
            "descricao": "Oil including player school final.",
            "preco": 2645,
            "quantidade": 840,
            "_id": "1Si1deWjFvXcNy79"
        },
        {
            "nome": "Too sure chair common.",
            "descricao": "At point enter song class hand. Not light cause. Whose enjoy figure PM.",
            "preco": 2210,
            "quantidade": 963,
            "_id": "1WE9cOWjLt9D0XCG"
        },
        {
            "nome": "Over section clearly respond.",
            "descricao": "Former public community job property we believe. Stuff form worker nature.",
            "preco": 767,
            "quantidade": 553,
            "_id": "1eFpa3mWZBXRpjv3"
        },
        {
            "nome": "Maybe court value tell.",
            "descricao": "Bar study way market line. Than order past speech drug whole.",
            "preco": 650,
            "quantidade": 829,
            "_id": "1fpCkqHOh7cyj3t1"
        },
        {
            "nome": "Citizen pretty including.",
            "descricao": "Nice trip strong movement reality alone early. Two trade his information purpose why perhaps.",
            "preco": 2054,
            "quantidade": 874,
            "_id": "1iIpF5bURnGLa6To"
        },
        {
            "nome": "Mouth hit option out.",
            "descricao": "Show full expect size marriage individual. Assume military let in movement bed.",
            "preco": 246,
            "quantidade": 912,
            "_id": "1j4eAllkwsk4muGm"
        },
        {
            "nome": "Tree decide best.",
            "descricao": "Push the man not scene set lead.\nDown less six their.\nLaugh law Mrs meeting just property.",
            "preco": 3391,
            "quantidade": 845,
            "_id": "1jhQfWVEXnOX0SO9"
        },
        {
            "nome": "Rich among.",
            "descricao": "Attorney fast citizen she prevent realize school federal. Character indicate because position.",
            "preco": 2031,
            "quantidade": 732,
            "_id": "1pseMOLzfgE9uQiy"
        },
        {
            "nome": "Put station remember defense.",
            "descricao": "Individual arm wear shake marriage morning care.",
            "preco": 585,
            "quantidade": 833,
            "_id": "1wvslpcolFyPU5ud"
        },
        {
            "nome": "Bring rate.",
            "descricao": "As front image name.\nManager rest improve. Voice sense along born move whole.",
            "preco": 3826,
            "quantidade": 582,
            "_id": "26gTCAgD8iq9rmNt"
        },
        {
            "nome": "Happen process.",
            "descricao": "Glass any become re... (set the log level to DEBUG or TRACE to see the full content) 
 </msg>
<msg timestamp="20220701 16:41:57.016" level="INFO">${response} = &lt;Response [200]&gt;</msg>
<status status="PASS" starttime="20220701 16:41:57.009" endtime="20220701 16:41:57.016"/>
</kw>
<kw name="Set Test Variable" library="BuiltIn">
<arg>${response}</arg>
<doc>Makes a variable available everywhere within the scope of the current test.</doc>
<msg timestamp="20220701 16:41:57.016" level="INFO">${response} = &lt;Response [200]&gt;</msg>
<status status="PASS" starttime="20220701 16:41:57.016" endtime="20220701 16:41:57.016"/>
</kw>
<kw name="Set Test Variable" library="BuiltIn">
<arg>${response_body}</arg>
<arg>${response.json()}</arg>
<doc>Makes a variable available everywhere within the scope of the current test.</doc>
<msg timestamp="20220701 16:41:57.021" level="INFO">${response_body} = {'quantidade': 1095, 'produtos': [{'nome': 'Remain play finish after.', 'descricao': 'Good growth anyone worry develop happy.', 'preco': 3984, 'quantidade': 621, '_id': '0ElJXs3sVG6rdgRC'}, {'nome': '...</msg>
<status status="PASS" starttime="20220701 16:41:57.016" endtime="20220701 16:41:57.021"/>
</kw>
<status status="PASS" starttime="20220701 16:41:57.008" endtime="20220701 16:41:57.021"/>
</kw>
<msg timestamp="20220701 16:41:57.023" level="INFO">${produtos} = {'quantidade': 1095, 'produtos': [{'nome': 'Remain play finish after.', 'descricao': 'Good growth anyone worry develop happy.', 'preco': 3984, 'quantidade': 621, '_id': '0ElJXs3sVG6rdgRC'}, {'nome': '...</msg>
<status status="PASS" starttime="20220701 16:41:57.008" endtime="20220701 16:41:57.023"/>
</kw>
<kw name="Set Test Variable" library="BuiltIn">
<arg>${lista_de_produtos}</arg>
<arg>${produtos['produtos']}</arg>
<doc>Makes a variable available everywhere within the scope of the current test.</doc>
<msg timestamp="20220701 16:41:57.027" level="INFO">${lista_de_produtos} = [{'nome': 'Remain play finish after.', 'descricao': 'Good growth anyone worry develop happy.', 'preco': 3984, 'quantidade': 621, '_id': '0ElJXs3sVG6rdgRC'}, {'nome': 'Writer case executive these.', 'd...</msg>
<status status="PASS" starttime="20220701 16:41:57.023" endtime="20220701 16:41:57.027"/>
</kw>
<kw name="Get Length" library="BuiltIn">
<var>${quantidade_de_produtos}</var>
<arg>${lista_de_produtos}</arg>
<doc>Returns and logs the length of the given item as an integer.</doc>
<msg timestamp="20220701 16:41:57.027" level="INFO">Length is 1095</msg>
<msg timestamp="20220701 16:41:57.027" level="INFO">${quantidade_de_produtos} = 1095</msg>
<status status="PASS" starttime="20220701 16:41:57.027" endtime="20220701 16:41:57.027"/>
</kw>
<kw name="Random Int" library="FakerLibrary">
<var>${quantidade_aleatoria}</var>
<arg>min=1</arg>
<arg>max=10</arg>
<doc>Generate a random integer between two integers ``min`` and ``max`` inclusive
while observing the provided ``step`` value.</doc>
<msg timestamp="20220701 16:41:57.028" level="INFO">${quantidade_aleatoria} = 5</msg>
<status status="PASS" starttime="20220701 16:41:57.027" endtime="20220701 16:41:57.028"/>
</kw>
<kw name="Create List" library="BuiltIn">
<var>@{nova_lista_produtos}</var>
<doc>Returns a list containing given items.</doc>
<msg timestamp="20220701 16:41:57.028" level="INFO">@{nova_lista_produtos} = [ ]</msg>
<status status="PASS" starttime="20220701 16:41:57.028" endtime="20220701 16:41:57.028"/>
</kw>
<kw name="Create Dictionary" library="BuiltIn">
<var>${carrinho}</var>
<doc>Creates and returns a dictionary based on the given ``items``.</doc>
<msg timestamp="20220701 16:41:57.029" level="INFO">${carrinho} = {}</msg>
<status status="PASS" starttime="20220701 16:41:57.028" endtime="20220701 16:41:57.029"/>
</kw>
<for flavor="IN RANGE">
<var>${i}</var>
<value>${quantidade_aleatoria}</value>
<iter>
<var name="${i}">0</var>
<kw name="Get Length" library="BuiltIn">
<var>${quantidade_de_produtos}</var>
<arg>${lista_de_produtos}</arg>
<doc>Returns and logs the length of the given item as an integer.</doc>
<msg timestamp="20220701 16:41:57.029" level="INFO">Length is 1095</msg>
<msg timestamp="20220701 16:41:57.029" level="INFO">${quantidade_de_produtos} = 1095</msg>
<status status="PASS" starttime="20220701 16:41:57.029" endtime="20220701 16:41:57.029"/>
</kw>
<kw name="Random Int" library="FakerLibrary">
<var>${index_produto}</var>
<arg>min=0</arg>
<arg>max=${quantidade_de_produtos-1 }</arg>
<doc>Generate a random integer between two integers ``min`` and ``max`` inclusive
while observing the provided ``step`` value.</doc>
<msg timestamp="20220701 16:41:57.030" level="INFO">${index_produto} = 882</msg>
<status status="PASS" starttime="20220701 16:41:57.030" endtime="20220701 16:41:57.030"/>
</kw>
<kw name="Remove From List" library="Collections">
<var>${produto}</var>
<arg>${lista_de_produtos}</arg>
<arg>${index_produto}</arg>
<doc>Removes and returns the value specified with an ``index`` from ``list``.</doc>
<msg timestamp="20220701 16:41:57.031" level="INFO">${produto} = {'nome': 'Blaster Extreme', 'descricao': 'PC multimedia speakers - 10 Watt (Total) - 2-way', 'quantidade': 928, 'preco': 26, '_id': 'nNJZXzlggMWmrndH'}</msg>
<status status="PASS" starttime="20220701 16:41:57.031" endtime="20220701 16:41:57.031"/>
</kw>
<if>
<branch type="IF" condition="${produto['quantidade']} &lt;= 0">
<continue>
<status status="NOT RUN" starttime="20220701 16:41:57.032" endtime="20220701 16:41:57.032"/>
</continue>
<status status="NOT RUN" starttime="20220701 16:41:57.031" endtime="20220701 16:41:57.032"/>
</branch>
<status status="PASS" starttime="20220701 16:41:57.031" endtime="20220701 16:41:57.032"/>
</if>
<kw name="Random Int" library="FakerLibrary">
<var>${quantidade}</var>
<arg>min=1</arg>
<arg>max=3</arg>
<doc>Generate a random integer between two integers ``min`` and ``max`` inclusive
while observing the provided ``step`` value.</doc>
<msg timestamp="20220701 16:41:57.032" level="INFO">${quantidade} = 1</msg>
<status status="PASS" starttime="20220701 16:41:57.032" endtime="20220701 16:41:57.032"/>
</kw>
<kw name="Create Dictionary" library="BuiltIn">
<var>&amp;{novo_produto}</var>
<arg>idProduto=${produto['_id']}</arg>
<arg>quantidade=${quantidade}</arg>
<doc>Creates and returns a dictionary based on the given ``items``.</doc>
<msg timestamp="20220701 16:41:57.033" level="INFO">&amp;{novo_produto} = { idProduto=nNJZXzlggMWmrndH | quantidade=1 }</msg>
<status status="PASS" starttime="20220701 16:41:57.032" endtime="20220701 16:41:57.033"/>
</kw>
<kw name="Append To List" library="Collections">
<arg>${nova_lista_produtos}</arg>
<arg>${novo_produto}</arg>
<doc>Adds ``values`` to the end of ``list``.</doc>
<status status="PASS" starttime="20220701 16:41:57.033" endtime="20220701 16:41:57.034"/>
</kw>
<status status="PASS" starttime="20220701 16:41:57.029" endtime="20220701 16:41:57.034"/>
</iter>
<iter>
<var name="${i}">1</var>
<kw name="Get Length" library="BuiltIn">
<var>${quantidade_de_produtos}</var>
<arg>${lista_de_produtos}</arg>
<doc>Returns and logs the length of the given item as an integer.</doc>
<msg timestamp="20220701 16:41:57.034" level="INFO">Length is 1094</msg>
<msg timestamp="20220701 16:41:57.034" level="INFO">${quantidade_de_produtos} = 1094</msg>
<status status="PASS" starttime="20220701 16:41:57.034" endtime="20220701 16:41:57.034"/>
</kw>
<kw name="Random Int" library="FakerLibrary">
<var>${index_produto}</var>
<arg>min=0</arg>
<arg>max=${quantidade_de_produtos-1 }</arg>
<doc>Generate a random integer between two integers ``min`` and ``max`` inclusive
while observing the provided ``step`` value.</doc>
<msg timestamp="20220701 16:41:57.035" level="INFO">${index_produto} = 1092</msg>
<status status="PASS" starttime="20220701 16:41:57.034" endtime="20220701 16:41:57.035"/>
</kw>
<kw name="Remove From List" library="Collections">
<var>${produto}</var>
<arg>${lista_de_produtos}</arg>
<arg>${index_produto}</arg>
<doc>Removes and returns the value specified with an ``index`` from ``list``.</doc>
<msg timestamp="20220701 16:41:57.036" level="INFO">${produto} = {'nome': 'perform', 'descricao': 'idea', 'preco': 4923, 'quantidade': 6481, '_id': 'zxi8znywA5zpic4c'}</msg>
<status status="PASS" starttime="20220701 16:41:57.035" endtime="20220701 16:41:57.036"/>
</kw>
<if>
<branch type="IF" condition="${produto['quantidade']} &lt;= 0">
<continue>
<status status="NOT RUN" starttime="20220701 16:41:57.036" endtime="20220701 16:41:57.036"/>
</continue>
<status status="NOT RUN" starttime="20220701 16:41:57.036" endtime="20220701 16:41:57.037"/>
</branch>
<status status="PASS" starttime="20220701 16:41:57.036" endtime="20220701 16:41:57.037"/>
</if>
<kw name="Random Int" library="FakerLibrary">
<var>${quantidade}</var>
<arg>min=1</arg>
<arg>max=3</arg>
<doc>Generate a random integer between two integers ``min`` and ``max`` inclusive
while observing the provided ``step`` value.</doc>
<msg timestamp="20220701 16:41:57.037" level="INFO">${quantidade} = 3</msg>
<status status="PASS" starttime="20220701 16:41:57.037" endtime="20220701 16:41:57.037"/>
</kw>
<kw name="Create Dictionary" library="BuiltIn">
<var>&amp;{novo_produto}</var>
<arg>idProduto=${produto['_id']}</arg>
<arg>quantidade=${quantidade}</arg>
<doc>Creates and returns a dictionary based on the given ``items``.</doc>
<msg timestamp="20220701 16:41:57.038" level="INFO">&amp;{novo_produto} = { idProduto=zxi8znywA5zpic4c | quantidade=3 }</msg>
<status status="PASS" starttime="20220701 16:41:57.037" endtime="20220701 16:41:57.038"/>
</kw>
<kw name="Append To List" library="Collections">
<arg>${nova_lista_produtos}</arg>
<arg>${novo_produto}</arg>
<doc>Adds ``values`` to the end of ``list``.</doc>
<status status="PASS" starttime="20220701 16:41:57.038" endtime="20220701 16:41:57.038"/>
</kw>
<status status="PASS" starttime="20220701 16:41:57.034" endtime="20220701 16:41:57.038"/>
</iter>
<iter>
<var name="${i}">2</var>
<kw name="Get Length" library="BuiltIn">
<var>${quantidade_de_produtos}</var>
<arg>${lista_de_produtos}</arg>
<doc>Returns and logs the length of the given item as an integer.</doc>
<msg timestamp="20220701 16:41:57.039" level="INFO">Length is 1093</msg>
<msg timestamp="20220701 16:41:57.039" level="INFO">${quantidade_de_produtos} = 1093</msg>
<status status="PASS" starttime="20220701 16:41:57.039" endtime="20220701 16:41:57.039"/>
</kw>
<kw name="Random Int" library="FakerLibrary">
<var>${index_produto}</var>
<arg>min=0</arg>
<arg>max=${quantidade_de_produtos-1 }</arg>
<doc>Generate a random integer between two integers ``min`` and ``max`` inclusive
while observing the provided ``step`` value.</doc>
<msg timestamp="20220701 16:41:57.040" level="INFO">${index_produto} = 749</msg>
<status status="PASS" starttime="20220701 16:41:57.039" endtime="20220701 16:41:57.040"/>
</kw>
<kw name="Remove From List" library="Collections">
<var>${produto}</var>
<arg>${lista_de_produtos}</arg>
<arg>${index_produto}</arg>
<doc>Removes and returns the value specified with an ``index`` from ``list``.</doc>
<msg timestamp="20220701 16:41:57.040" level="INFO">${produto} = {'nome': 'Environment note PM.', 'descricao': 'Believe term career degree lot key move. Travel recognize bring grow maybe.', 'preco': 1149, 'quantidade': 975, '_id': 'h9a5LB0H6DzAX3qm'}</msg>
<status status="PASS" starttime="20220701 16:41:57.040" endtime="20220701 16:41:57.040"/>
</kw>
<if>
<branch type="IF" condition="${produto['quantidade']} &lt;= 0">
<continue>
<status status="NOT RUN" starttime="20220701 16:41:57.042" endtime="20220701 16:41:57.042"/>
</continue>
<status status="NOT RUN" starttime="20220701 16:41:57.041" endtime="20220701 16:41:57.042"/>
</branch>
<status status="PASS" starttime="20220701 16:41:57.041" endtime="20220701 16:41:57.042"/>
</if>
<kw name="Random Int" library="FakerLibrary">
<var>${quantidade}</var>
<arg>min=1</arg>
<arg>max=3</arg>
<doc>Generate a random integer between two integers ``min`` and ``max`` inclusive
while observing the provided ``step`` value.</doc>
<msg timestamp="20220701 16:41:57.043" level="INFO">${quantidade} = 2</msg>
<status status="PASS" starttime="20220701 16:41:57.042" endtime="20220701 16:41:57.043"/>
</kw>
<kw name="Create Dictionary" library="BuiltIn">
<var>&amp;{novo_produto}</var>
<arg>idProduto=${produto['_id']}</arg>
<arg>quantidade=${quantidade}</arg>
<doc>Creates and returns a dictionary based on the given ``items``.</doc>
<msg timestamp="20220701 16:41:57.045" level="INFO">&amp;{novo_produto} = { idProduto=h9a5LB0H6DzAX3qm | quantidade=2 }</msg>
<status status="PASS" starttime="20220701 16:41:57.043" endtime="20220701 16:41:57.045"/>
</kw>
<kw name="Append To List" library="Collections">
<arg>${nova_lista_produtos}</arg>
<arg>${novo_produto}</arg>
<doc>Adds ``values`` to the end of ``list``.</doc>
<status status="PASS" starttime="20220701 16:41:57.045" endtime="20220701 16:41:57.046"/>
</kw>
<status status="PASS" starttime="20220701 16:41:57.039" endtime="20220701 16:41:57.046"/>
</iter>
<iter>
<var name="${i}">3</var>
<kw name="Get Length" library="BuiltIn">
<var>${quantidade_de_produtos}</var>
<arg>${lista_de_produtos}</arg>
<doc>Returns and logs the length of the given item as an integer.</doc>
<msg timestamp="20220701 16:41:57.046" level="INFO">Length is 1092</msg>
<msg timestamp="20220701 16:41:57.046" level="INFO">${quantidade_de_produtos} = 1092</msg>
<status status="PASS" starttime="20220701 16:41:57.046" endtime="20220701 16:41:57.046"/>
</kw>
<kw name="Random Int" library="FakerLibrary">
<var>${index_produto}</var>
<arg>min=0</arg>
<arg>max=${quantidade_de_produtos-1 }</arg>
<doc>Generate a random integer between two integers ``min`` and ``max`` inclusive
while observing the provided ``step`` value.</doc>
<msg timestamp="20220701 16:41:57.047" level="INFO">${index_produto} = 851</msg>
<status status="PASS" starttime="20220701 16:41:57.046" endtime="20220701 16:41:57.047"/>
</kw>
<kw name="Remove From List" library="Collections">
<var>${produto}</var>
<arg>${lista_de_produtos}</arg>
<arg>${index_produto}</arg>
<doc>Removes and returns the value specified with an ``index`` from ``list``.</doc>
<msg timestamp="20220701 16:41:57.048" level="INFO">${produto} = {'nome': 'Up how close senior.', 'descricao': 'Worker box pressure create. Away poor friend specific bit.', 'preco': 3991, 'quantidade': 839, '_id': 'lv8SAkE6kg4qoG8n'}</msg>
<status status="PASS" starttime="20220701 16:41:57.047" endtime="20220701 16:41:57.048"/>
</kw>
<if>
<branch type="IF" condition="${produto['quantidade']} &lt;= 0">
<continue>
<status status="NOT RUN" starttime="20220701 16:41:57.048" endtime="20220701 16:41:57.049"/>
</continue>
<status status="NOT RUN" starttime="20220701 16:41:57.048" endtime="20220701 16:41:57.049"/>
</branch>
<status status="PASS" starttime="20220701 16:41:57.048" endtime="20220701 16:41:57.049"/>
</if>
<kw name="Random Int" library="FakerLibrary">
<var>${quantidade}</var>
<arg>min=1</arg>
<arg>max=3</arg>
<doc>Generate a random integer between two integers ``min`` and ``max`` inclusive
while observing the provided ``step`` value.</doc>
<msg timestamp="20220701 16:41:57.049" level="INFO">${quantidade} = 1</msg>
<status status="PASS" starttime="20220701 16:41:57.049" endtime="20220701 16:41:57.049"/>
</kw>
<kw name="Create Dictionary" library="BuiltIn">
<var>&amp;{novo_produto}</var>
<arg>idProduto=${produto['_id']}</arg>
<arg>quantidade=${quantidade}</arg>
<doc>Creates and returns a dictionary based on the given ``items``.</doc>
<msg timestamp="20220701 16:41:57.050" level="INFO">&amp;{novo_produto} = { idProduto=lv8SAkE6kg4qoG8n | quantidade=1 }</msg>
<status status="PASS" starttime="20220701 16:41:57.049" endtime="20220701 16:41:57.050"/>
</kw>
<kw name="Append To List" library="Collections">
<arg>${nova_lista_produtos}</arg>
<arg>${novo_produto}</arg>
<doc>Adds ``values`` to the end of ``list``.</doc>
<status status="PASS" starttime="20220701 16:41:57.050" endtime="20220701 16:41:57.051"/>
</kw>
<status status="PASS" starttime="20220701 16:41:57.046" endtime="20220701 16:41:57.051"/>
</iter>
<iter>
<var name="${i}">4</var>
<kw name="Get Length" library="BuiltIn">
<var>${quantidade_de_produtos}</var>
<arg>${lista_de_produtos}</arg>
<doc>Returns and logs the length of the given item as an integer.</doc>
<msg timestamp="20220701 16:41:57.051" level="INFO">Length is 1091</msg>
<msg timestamp="20220701 16:41:57.051" level="INFO">${quantidade_de_produtos} = 1091</msg>
<status status="PASS" starttime="20220701 16:41:57.051" endtime="20220701 16:41:57.051"/>
</kw>
<kw name="Random Int" library="FakerLibrary">
<var>${index_produto}</var>
<arg>min=0</arg>
<arg>max=${quantidade_de_produtos-1 }</arg>
<doc>Generate a random integer between two integers ``min`` and ``max`` inclusive
while observing the provided ``step`` value.</doc>
<msg timestamp="20220701 16:41:57.052" level="INFO">${index_produto} = 957</msg>
<status status="PASS" starttime="20220701 16:41:57.052" endtime="20220701 16:41:57.052"/>
</kw>
<kw name="Remove From List" library="Collections">
<var>${produto}</var>
<arg>${lista_de_produtos}</arg>
<arg>${index_produto}</arg>
<doc>Removes and returns the value specified with an ``index`` from ``list``.</doc>
<msg timestamp="20220701 16:41:57.053" level="INFO">${produto} = {'nome': 'Simply kind computer wind.', 'descricao': 'Person cold tend even media outside free. Consider law training impact game financial discover.', 'preco': 1682, 'quantidade': 603, '_id': 'rbkSqpY...</msg>
<status status="PASS" starttime="20220701 16:41:57.053" endtime="20220701 16:41:57.053"/>
</kw>
<if>
<branch type="IF" condition="${produto['quantidade']} &lt;= 0">
<continue>
<status status="NOT RUN" starttime="20220701 16:41:57.054" endtime="20220701 16:41:57.054"/>
</continue>
<status status="NOT RUN" starttime="20220701 16:41:57.053" endtime="20220701 16:41:57.054"/>
</branch>
<status status="PASS" starttime="20220701 16:41:57.053" endtime="20220701 16:41:57.054"/>
</if>
<kw name="Random Int" library="FakerLibrary">
<var>${quantidade}</var>
<arg>min=1</arg>
<arg>max=3</arg>
<doc>Generate a random integer between two integers ``min`` and ``max`` inclusive
while observing the provided ``step`` value.</doc>
<msg timestamp="20220701 16:41:57.054" level="INFO">${quantidade} = 3</msg>
<status status="PASS" starttime="20220701 16:41:57.054" endtime="20220701 16:41:57.054"/>
</kw>
<kw name="Create Dictionary" library="BuiltIn">
<var>&amp;{novo_produto}</var>
<arg>idProduto=${produto['_id']}</arg>
<arg>quantidade=${quantidade}</arg>
<doc>Creates and returns a dictionary based on the given ``items``.</doc>
<msg timestamp="20220701 16:41:57.055" level="INFO">&amp;{novo_produto} = { idProduto=rbkSqpYsz2aNyITy | quantidade=3 }</msg>
<status status="PASS" starttime="20220701 16:41:57.054" endtime="20220701 16:41:57.055"/>
</kw>
<kw name="Append To List" library="Collections">
<arg>${nova_lista_produtos}</arg>
<arg>${novo_produto}</arg>
<doc>Adds ``values`` to the end of ``list``.</doc>
<status status="PASS" starttime="20220701 16:41:57.055" endtime="20220701 16:41:57.056"/>
</kw>
<status status="PASS" starttime="20220701 16:41:57.051" endtime="20220701 16:41:57.056"/>
</iter>
<status status="PASS" starttime="20220701 16:41:57.029" endtime="20220701 16:41:57.056"/>
</for>
<kw name="Add Object To Json" library="JSONLibrary">
<var>${carrinho}</var>
<arg>${carrinho}</arg>
<arg>$.produtos</arg>
<arg>${nova_lista_produtos}</arg>
<doc>Add an dictionary or list object to json object using json_path</doc>
<msg timestamp="20220701 16:41:57.088" level="INFO">${carrinho} = {'produtos': [{'idProduto': 'nNJZXzlggMWmrndH', 'quantidade': 1}, {'idProduto': 'zxi8znywA5zpic4c', 'quantidade': 3}, {'idProduto': 'h9a5LB0H6DzAX3qm', 'quantidade': 2}, {'idProduto': 'lv8SAkE6kg4qoG8...</msg>
<status status="PASS" starttime="20220701 16:41:57.056" endtime="20220701 16:41:57.088"/>
</kw>
<msg timestamp="20220701 16:41:57.089" level="INFO">${carrinho} = {'produtos': [{'idProduto': 'nNJZXzlggMWmrndH', 'quantidade': 1}, {'idProduto': 'zxi8znywA5zpic4c', 'quantidade': 3}, {'idProduto': 'h9a5LB0H6DzAX3qm', 'quantidade': 2}, {'idProduto': 'lv8SAkE6kg4qoG8...</msg>
<status status="PASS" starttime="20220701 16:41:57.007" endtime="20220701 16:41:57.089"/>
</kw>
<kw name="Logar E Salvar Token Como" library="login_keywords">
<arg>"Administrador"</arg>
<doc>Aceita como argumento um tipo de usuário e retorna um usuário do tipo desejado
Se não for passado um tipo de usuário, loga como usuário Não Administrador
Tipos de usuario Aceitos:
- "Administrador"
- "Nao Administrador"</doc>
<kw name="Cadastrar Novo Usuario" library="usuarios_keywords">
<var>${usuario_valido}</var>
<arg>${tipo}</arg>
<doc>Aceita como argumento um tipo de usuário e retorna um usuário do tipo desejado
Se não for passado um tipo de usuário, loga como usuário Não Administrador
Tipos de usuario Aceitos:
- "Administrador"
- "Nao Administrador"</doc>
<kw name="Criar Dados Usuario Valido Do Tipo" library="dynamics">
<var>${usuario}</var>
<arg>${tipo}</arg>
<doc>Aceita como argumento um tipo de usuário e retorna um usuário do tipo desejado
Se não for passado um tipo de usuário, retorna um usuario Não Administrador
Tipos de usuario Aceitos:
- "Administrador"
- "Nao Administrador"</doc>
<kw name="Name" library="FakerLibrary">
<var>${nome}</var>
<doc>:example 'John Doe'</doc>
<msg timestamp="20220701 16:41:57.091" level="INFO">${nome} = Catherine Thomas</msg>
<status status="PASS" starttime="20220701 16:41:57.090" endtime="20220701 16:41:57.091"/>
</kw>
<kw name="Email" library="FakerLibrary">
<var>${email}</var>
<msg timestamp="20220701 16:41:57.091" level="INFO">${email} = vgarcia@example.com</msg>
<status status="PASS" starttime="20220701 16:41:57.091" endtime="20220701 16:41:57.091"/>
</kw>
<kw name="Word" library="FakerLibrary">
<var>${word}</var>
<doc>Generate a word.</doc>
<msg timestamp="20220701 16:41:57.091" level="INFO">${word} = seat</msg>
<status status="PASS" starttime="20220701 16:41:57.091" endtime="20220701 16:41:57.091"/>
</kw>
<kw name="Catenate" library="BuiltIn">
<var>${email}</var>
<arg>SEPARATOR=</arg>
<arg>${word}</arg>
<arg>${email}</arg>
<doc>Catenates the given items together and returns the resulted string.</doc>
<msg timestamp="20220701 16:41:57.092" level="INFO">${email} = seatvgarcia@example.com</msg>
<status status="PASS" starttime="20220701 16:41:57.092" endtime="20220701 16:41:57.092"/>
</kw>
<kw name="Password" library="FakerLibrary">
<var>${senha}</var>
<doc>Generate a random password of the specified ``length``.</doc>
<msg timestamp="20220701 16:41:57.092" level="INFO">${senha} = &amp;&amp;zsh7Ex(H</msg>
<status status="PASS" starttime="20220701 16:41:57.092" endtime="20220701 16:41:57.092"/>
</kw>
<kw name="Set Variable If" library="BuiltIn">
<var>${administrador}</var>
<arg>${tipo} == "Administrador"</arg>
<arg>true</arg>
<arg>false</arg>
<doc>Sets variable based on the given condition.</doc>
<msg timestamp="20220701 16:41:57.093" level="INFO">${administrador} = true</msg>
<status status="PASS" starttime="20220701 16:41:57.093" endtime="20220701 16:41:57.093"/>
</kw>
<kw name="Create Dictionary" library="BuiltIn">
<var>&amp;{usuario}</var>
<arg>nome=${nome}</arg>
<arg>email=${email}</arg>
<arg>password=${senha}</arg>
<arg>administrador=${administrador}</arg>
<doc>Creates and returns a dictionary based on the given ``items``.</doc>
<msg timestamp="20220701 16:41:57.094" level="INFO">&amp;{usuario} = { nome=Catherine Thomas | email=seatvgarcia@example.com | password=&amp;&amp;zsh7Ex(H | administrador=true }</msg>
<status status="PASS" starttime="20220701 16:41:57.093" endtime="20220701 16:41:57.094"/>
</kw>
<msg timestamp="20220701 16:41:57.094" level="INFO">${usuario} = {'nome': 'Catherine Thomas', 'email': 'seatvgarcia@example.com', 'password': '&amp;&amp;zsh7Ex(H', 'administrador': 'true'}</msg>
<status status="PASS" starttime="20220701 16:41:57.090" endtime="20220701 16:41:57.094"/>
</kw>
<kw name="POST Endpoint &quot;/usuarios&quot; Com Body &quot;${usuario}&quot;" library="common" sourcename="POST Endpoint &quot;${endpoint}&quot; Com Body &quot;${body}&quot;">
<kw name="Run Keyword If" library="BuiltIn">
<arg>'_id' in ${body}</arg>
<arg>Remove From Dictionary</arg>
<arg>${body}</arg>
<arg>_id</arg>
<doc>Runs the given keyword with the given arguments, if ``condition`` is true.</doc>
<status status="PASS" starttime="20220701 16:41:57.095" endtime="20220701 16:41:57.095"/>
</kw>
<kw name="POST On Session" library="RequestsLibrary">
<var>${response}</var>
<arg>serverest</arg>
<arg>${endpoint}</arg>
<arg>json=${body}</arg>
<arg>expected_status=any</arg>
<doc>Sends a POST request on a previously created HTTP Session.</doc>
<msg timestamp="20220701 16:41:57.140" level="INFO">POST Request : url=http://localhost:3000/usuarios 
 path_url=/usuarios 
 headers={'User-Agent': 'python-requests/2.28.1', 'Accept-Encoding': 'gzip, deflate', 'Accept': '*/*', 'Connection': 'keep-alive', 'Content-Length': '115', 'Content-Type': 'application/json'} 
 body=b'{"nome": "Catherine Thomas", "email": "seatvgarcia@example.com", "password": "&amp;&amp;zsh7Ex(H", "administrador": "true"}' 
 </msg>
<msg timestamp="20220701 16:41:57.140" level="INFO">POST Response : url=http://localhost:3000/usuarios 
 status=201, reason=Created 
 headers={'Access-Control-Allow-Origin': '*', 'x-dns-prefetch-control': 'off', 'x-frame-options': 'SAMEORIGIN', 'strict-transport-security': 'max-age=15552000; includeSubDomains', 'x-download-options': 'noopen', 'x-content-type-options': 'nosniff', 'x-xss-protection': '1; mode=block', 'x-moesif-transaction-id': 'c2262cbd-e6d0-40d7-9a45-6d7d6d39a42b', 'Content-Type': 'application/json; charset=utf-8', 'Content-Length': '82', 'Date': 'Fri, 01 Jul 2022 19:41:57 GMT', 'Connection': 'keep-alive', 'Keep-Alive': 'timeout=5'} 
 body={
    "message": "Cadastro realizado com sucesso",
    "_id": "JAQqumW3Pw5toF6I"
} 
 </msg>
<msg timestamp="20220701 16:41:57.140" level="INFO">${response} = &lt;Response [201]&gt;</msg>
<status status="PASS" starttime="20220701 16:41:57.095" endtime="20220701 16:41:57.140"/>
</kw>
<kw name="Set Test Variable" library="BuiltIn">
<arg>${response}</arg>
<doc>Makes a variable available everywhere within the scope of the current test.</doc>
<msg timestamp="20220701 16:41:57.141" level="INFO">${response} = &lt;Response [201]&gt;</msg>
<status status="PASS" starttime="20220701 16:41:57.140" endtime="20220701 16:41:57.141"/>
</kw>
<kw name="Set Test Variable" library="BuiltIn">
<arg>${response_body}</arg>
<arg>${response.json()}</arg>
<doc>Makes a variable available everywhere within the scope of the current test.</doc>
<msg timestamp="20220701 16:41:57.143" level="INFO">${response_body} = {'message': 'Cadastro realizado com sucesso', '_id': 'JAQqumW3Pw5toF6I'}</msg>
<status status="PASS" starttime="20220701 16:41:57.141" endtime="20220701 16:41:57.143"/>
</kw>
<status status="PASS" starttime="20220701 16:41:57.094" endtime="20220701 16:41:57.143"/>
</kw>
<kw name="Validar Status Code &quot;201&quot;" library="common" sourcename="Validar Status Code &quot;${statuscode}&quot;">
<kw name="Should Be True" library="BuiltIn">
<arg>${response.status_code} == ${statuscode}</arg>
<doc>Fails if the given condition is not true.</doc>
<status status="PASS" starttime="20220701 16:41:57.144" endtime="20220701 16:41:57.145"/>
</kw>
<status status="PASS" starttime="20220701 16:41:57.144" endtime="20220701 16:41:57.145"/>
</kw>
<kw name="Validar Mensagem &quot;Cadastro realizado com sucesso&quot;" library="common" sourcename="Validar Mensagem &quot;${mensagem}&quot;">
<kw name="Should Be Equal" library="BuiltIn">
<arg>${response_body['message']}</arg>
<arg>${mensagem}</arg>
<doc>Fails if the given objects are unequal.</doc>
<status status="PASS" starttime="20220701 16:41:57.146" endtime="20220701 16:41:57.147"/>
</kw>
<status status="PASS" starttime="20220701 16:41:57.146" endtime="20220701 16:41:57.148"/>
</kw>
<kw name="Should Not Be Empty" library="BuiltIn">
<arg>${response_body['_id']}</arg>
<doc>Verifies that the given item is not empty.</doc>
<msg timestamp="20220701 16:41:57.148" level="INFO">Length is 16</msg>
<status status="PASS" starttime="20220701 16:41:57.148" endtime="20220701 16:41:57.148"/>
</kw>
<kw name="Set To Dictionary" library="Collections">
<arg>${usuario}</arg>
<arg>_id=${response_body['_id']}</arg>
<doc>Adds the given ``key_value_pairs`` and ``items`` to the ``dictionary``.</doc>
<status status="PASS" starttime="20220701 16:41:57.149" endtime="20220701 16:41:57.149"/>
</kw>
[...]
<kw name="GET On Session" library="RequestsLibrary">
<var>${response}</var>
<arg>serverest</arg>
<arg>${endpoint}</arg>
<arg>expected_status=any</arg>
<doc>Sends a GET request on a previously created HTTP Session.</doc>
<msg timestamp="20220701 16:41:58.387" level="INFO">GET Request : url=http://localhost:3000/carrinhos 
 path_url=/carrinhos 
 headers={'User-Agent': 'python-requests/2.28.1', 'Accept-Encoding': 'gzip, deflate', 'Accept': '*/*', 'Connection': 'keep-alive'} 
 body=None 
 </msg>
<msg timestamp="20220701 16:41:58.387" level="INFO">GET Response : url=http://localhost:3000/carrinhos 
 status=200, reason=OK 
 headers={'Access-Control-Allow-Origin': '*', 'x-dns-prefetch-control': 'off', 'x-frame-options': 'SAMEORIGIN', 'strict-transport-security': 'max-age=15552000; includeSubDomains', 'x-download-options': 'noopen', 'x-content-type-options': 'nosniff', 'x-xss-protection': '1; mode=block', 'x-moesif-transaction-id': '744ef54a-c5ab-4f77-beca-b1a092e708b2', 'Content-Type': 'application/json; charset=utf-8', 'Content-Length': '831720', 'Date': 'Fri, 01 Jul 2022 19:41:58 GMT', 'Connection': 'keep-alive', 'Keep-Alive': 'timeout=5'} 
 body={
    "quantidade": 270,
    "carrinhos": [
        {
            "produtos": [
                {
                    "idProduto": "gKSDSHNEpR0p1qIp",
                    "quantidade": 2,
                    "precoUnitario": 189
                },
                {
                    "idProduto": "6GZu3eipN8AYFMi9",
                    "quantidade": 2,
                    "precoUnitario": 1388
                },
                {
                    "idProduto": "UUWF4Fzt7vNdbnbK",
                    "quantidade": 3,
                    "precoUnitario": 15
                },
                {
                    "idProduto": "3xTNa4i2sU41rPig",
                    "quantidade": 3,
                    "precoUnitario": 250
                },
                {
                    "idProduto": "c4kOOa36hlwNGj19",
                    "quantidade": 3,
                    "precoUnitario": 1570
                },
                {
                    "idProduto": "3SZBJdzB87fc4ego",
                    "quantidade": 2,
                    "precoUnitario": 5000
                },
                {
                    "idProduto": "OrMw3RBLx971CAKX",
                    "quantidade": 2,
                    "precoUnitario": 512
                },
                {
                    "idProduto": "5DDmCSnTAl8gVAEh",
                    "quantidade": 2,
                    "precoUnitario": 853
                },
                {
                    "idProduto": "kGcX1wFZDXyRjktl",
                    "quantidade": 2,
                    "precoUnitario": 1650
                }
            ],
            "precoTotal": 24689,
            "quantidadeTotal": 21,
            "idUsuario": "kVxMyw9ho3EuRt8v",
            "_id": "06mDgLpUbVhQ6dxg"
        },
        {
            "produtos": [
                {
                    "idProduto": "ijDJyCQXRG0zUEPV",
                    "quantidade": 1,
                    "precoUnitario": 956
                },
                {
                    "idProduto": "e3Lai0wKA0BCZHBl",
                    "quantidade": 1,
                    "precoUnitario": 989
                },
                {
                    "idProduto": "k2sDlx1dQOYwsV12",
                    "quantidade": 1,
                    "precoUnitario": 49
                },
                {
                    "idProduto": "FDvAI3QkTFH90gqs",
                    "quantidade": 2,
                    "precoUnitario": 1016
                }
            ],
            "precoTotal": 4026,
            "quantidadeTotal": 5,
            "idUsuario": "VOLmLILVvI0vXVEZ",
            "_id": "0Uh7ePhYda38m1cC"
        },
        {
            "produtos": [
                {
                    "idProduto": "T3IOh8LwnbELg0Qk",
                    "quantidade": 3,
                    "precoUnitario": 855
                },
                {
                    "idProduto": "ulFpmrLqlOMgCgru",
                    "quantidade": 2,
                    "precoUnitario": 3199
                },
                {
                    "idProduto": "tNXHJTrIqF21lsQL",
                    "quantidade": 2,
                    "precoUnitario": 3815
                },
                {
                    "idProduto": "l9yjZ9BCIKnRwUnE",
                    "quantidade": 1,
                    "precoUnitario": 2327
                },
                {
                    "idProduto": "zee5iltQWZMzgCVD",
                    "quantidade": 1,
                    "precoUnitario": 3904
                }
            ],
            "precoTotal": 22824,
            "quantidadeTotal": 9,
            "idUsuario": "ClonXl3EYK3Hl5iw",
            "_id": "0XX0RJecZpHgKyHI"
        },
        {
            "produtos": [
                {
                    "idProduto": "sv79QT43kqFOXmB1",
                    "quantidade": 2,
                    "precoUnitario": 542
                },
                {
                    "idProduto": "nlTl4wyDAe5bgovl",
                    "quantidade": 1,
                    "precoUnitario": 899
                },
                {
                    "idProduto": "XgCShLP1YISNvX5t",
                    "quantidade": 1,
                    "precoUnitario": 25000
                },
                {
                    "idProduto": "CutueLLz2SJ5eppT",
                    "quantidade": 1,
                    "precoUnitario": 2299
                },
                {
                    "idProduto": "jMKrNNO6Q1kh5aGf",
                    "quantidade": 1,
                    "precoUnitario": 2680
                },
                {
                    "idProduto": "X0u3DJSdC9dZs9ad",
                    "quantidade": 2,
                    "precoUnitario": 1724
                },
                {
                    "idProduto": "i5oyBnazpbgSdyki",
                    "quantidade": 3,
                    "precoUnitario": 1783
                },
                {
                    "idProduto": "hiVa2ED35CYuBexY",
                    "quantidade": 1,
                    "precoUnitario": 510
                },
                {
                    "idProduto": "3xNDkWWqq9Mq1RZK",
                    "quantidade": 1,
                    "precoUnitario": 305
                }
            ],
            "precoTotal": 41574,
            "quantidadeTotal": 13,
            "idUsuario": "Sbaiho6q97D2Az9l",
            "_id": "0jz2HiGobfd14po0"
        },
        {
            "produtos": [
                {
                    "idProduto": "45PANFnQQ92MvVa6",
                    "quantidade": 2,
                    "precoUnitario": 6
                },
                {
                    "idProduto": "MxCklG58QjmexNXH",
                    "quantidade": 1,
                    "precoUnitario": 549
                },
                {
                    "idProduto": "Dx9dkgTndSJTuL1W",
                    "quantidade": 2,
                    "precoUnitario": 35
                },
                {
                    "idProduto": "e87nsN8lvfGN2l28",
                    "quantidade": 3,
                    "precoUnitario": 129
                },
                {
                    "idProduto": "tEyF4402lspTNQCb",
                    "quantidade": 2,
                    "precoUnitario": 889
                },
                {
                    "idProduto": "3UyEk01TNDKm4adf",
                    "quantidade": 3,
                    "precoUnitario": 69
                },
                {
                    "idProduto": "vBpH0qj6FPiX5XzW",
                    "quantidade": 2,
                    "precoUnitario": 49
                },
                {
                    "idProduto": "4OWBUthxqV7aJ57y",
                    "quantidade": 1,
                    "precoUnitario": 9
                },
                {
                    "idProduto": "U5jnyqzyN7q1VHMC",
                    "quantidade": 3,
                    "precoUnitario": 345
                },
                {
                    "idProduto": "37PIuIpjAYIzpABi",
                    "quantidade": 3,
                    "precoUnitario": 20
                },
                {
                    "idProduto": "DareNWHhThlCjrsX",
                    "quantidade": 3,
                    "precoUnitario": 99
                },
                {
                    "idProduto": "e3Lai0wKA0BCZHBl",
                    "quantidade": 1,
                    "precoUnitario": 989
                },
                {
                    "idProduto": "Dw7bFasYs0n1UJui",
                    "quantidade": 1,
                    "precoUnitario": 549
                },
                {
                    "idProduto": "ZRzOB3olwrZP7xEa",
                    "quantidade": 3,
                    "precoUnitario": 749
                },
                {
                    "idProduto": "65NQ7fwr1cs3NkQZ",
                    "quantidade": 3,
                    "precoUnitario": 8
                },
                {
                    "idProduto": "ZRsnfqcRCQFu3p3R",
                    "quantidade": 1,
                    "precoUnitario": 299
                },
                {
                    "idProduto": "52u5n5eydRaHC2HU",
                    "quantidade": 1,
                    "precoUnitario": 15000
                },
                {
                    "idProduto": "XgCShLP1YISNvX5t",
                    "quantidade": 3,
                    "precoUnitario": 25000
                },
                {
                    "idProduto": "3SZBJdzB87fc4ego",
                    "quantidade": 3,
                    "precoUnitario": 5000
                },
                {
                    "idProduto": "I7runwlH7VqYXvW4",
                    "quantidade": 3,
                    "precoUnitario": 799
                },
                {
                    "idProduto": "3xTNa4i2sU41rPig",
                    "quantidade": 3,
                    "precoUnitario": 250
                },
                {
                    "idProduto": "UVjexEhlHQaOlsFj",
                    "quantidade": 2,
                    "precoUnitario": 139
                },
                {
                    "idProduto": "llggdVpFAOqTK1bi",
                    "quantidade": 1,
                    "precoUnitario": 799
                },
                {
                    "idProduto": "apuGRFtiCyX0bAGm",
                    "quantidade": 1,
                    "precoUnitario": 39
                },
                {
                    "idProduto": "2eVPrNgrZuLk2uuD",
                    "quantidade": 2,
                    "precoUnitario": 14
                },
                {
                    "idProduto": "RhTxSnY2aSwilmOB",
                    "quantidade": 1,
                    "precoUnitario": 2399
                },
                {
                    "idProduto": "RIriCXGV4GxADZHJ",
                    "quantidade": 2,
                    "precoUnitario": 1200
               ... (set the log level to DEBUG or TRACE to see the full content) 
 </msg>
<msg timestamp="20220701 16:41:58.387" level="INFO">${response} = &lt;Response [200]&gt;</msg>
<status status="PASS" starttime="20220701 16:41:58.361" endtime="20220701 16:41:58.387"/>
</kw>
<kw name="Set Test Variable" library="BuiltIn">
<arg>${response}</arg>
<doc>Makes a variable available everywhere within the scope of the current test.</doc>
<msg timestamp="20220701 16:41:58.388" level="INFO">${response} = &lt;Response [200]&gt;</msg>
<status status="PASS" starttime="20220701 16:41:58.387" endtime="20220701 16:41:58.388"/>
</kw>
<kw name="Set Test Variable" library="BuiltIn">
<arg>${response_body}</arg>
<arg>${response.json()}</arg>
<doc>Makes a variable available everywhere within the scope of the current test.</doc>
<msg timestamp="20220701 16:41:58.398" level="INFO">${response_body} = {'quantidade': 270, 'carrinhos': [{'produtos': [{'idProduto': 'gKSDSHNEpR0p1qIp', 'quantidade': 2, 'precoUnitario': 189}, {'idProduto': '6GZu3eipN8AYFMi9', 'quantidade': 2, 'precoUnitario': 1388}, {'i...</msg>
<status status="PASS" starttime="20220701 16:41:58.388" endtime="20220701 16:41:58.398"/>
</kw>
<status status="PASS" starttime="20220701 16:41:58.361" endtime="20220701 16:41:58.398"/>
</kw>
<kw name="Set Test Variable" library="BuiltIn">
<arg>${carrinho}</arg>
<arg>${response_body['carrinhos'][-1]}</arg>
<doc>Makes a variable available everywhere within the scope of the current test.</doc>
<msg timestamp="20220701 16:41:58.399" level="INFO">${carrinho} = {'produtos': [{'idProduto': 'oPd5Q19Q38heBN6q', 'quantidade': 3, 'precoUnitario': 2477}, {'idProduto': 'Lx7wtvnzPK2mFgUQ', 'quantidade': 2, 'precoUnitario': 801}, {'idProduto': 'BQ8m0O638s8A3ZrS', 'qu...</msg>
<status status="PASS" starttime="20220701 16:41:58.398" endtime="20220701 16:41:58.399"/>
</kw>
<msg timestamp="20220701 16:41:58.400" level="INFO">${carrinho} = {'produtos': [{'idProduto': 'oPd5Q19Q38heBN6q', 'quantidade': 3, 'precoUnitario': 2477}, {'idProduto': 'Lx7wtvnzPK2mFgUQ', 'quantidade': 2, 'precoUnitario': 801}, {'idProduto': 'BQ8m0O638s8A3ZrS', 'qu...</msg>
<status status="PASS" starttime="20220701 16:41:58.361" endtime="20220701 16:41:58.400"/>
</kw>
<kw name="DELETE EndPoint &quot;carrinhos/concluir-compra&quot; Com Token Invalido" library="common" sourcename="DELETE EndPoint &quot;${endpoint}&quot; Com Token Invalido">
<kw name="Create Dictionary" library="BuiltIn">
<var>&amp;{header}</var>
<arg>Authorization=Token Invalido</arg>
<doc>Creates and returns a dictionary based on the given ``items``.</doc>
<msg timestamp="20220701 16:41:58.401" level="INFO">&amp;{header} = { Authorization=Token Invalido }</msg>
<status status="PASS" starttime="20220701 16:41:58.400" endtime="20220701 16:41:58.401"/>
</kw>
<kw name="DELETE On Session" library="RequestsLibrary">
<var>${response}</var>
<arg>serverest</arg>
<arg>${endpoint}</arg>
<arg>expected_status=any</arg>
<arg>headers=${header}</arg>
<doc>Sends a DELETE request on a previously created HTTP Session.</doc>
<msg timestamp="20220701 16:41:58.403" level="INFO">DELETE Request : url=http://localhost:3000/carrinhos/concluir-compra 
 path_url=/carrinhos/concluir-compra 
 headers={'User-Agent': 'python-requests/2.28.1', 'Accept-Encoding': 'gzip, deflate', 'Accept': '*/*', 'Connection': 'keep-alive', 'Authorization': 'Token Invalido', 'Content-Length': '0'} 
 body=None 
 </msg>
<msg timestamp="20220701 16:41:58.403" level="INFO">DELETE Response : url=http://localhost:3000/carrinhos/concluir-compra 
 status=401, reason=Unauthorized 
 headers={'Access-Control-Allow-Origin': '*', 'x-dns-prefetch-control': 'off', 'x-frame-options': 'SAMEORIGIN', 'strict-transport-security': 'max-age=15552000; includeSubDomains', 'x-download-options': 'noopen', 'x-content-type-options': 'nosniff', 'x-xss-protection': '1; mode=block', 'x-moesif-transaction-id': '6e99cd57-705a-418b-96a9-5fbe5f97636b', 'Content-Type': 'application/json; charset=utf-8', 'Content-Length': '103', 'Date': 'Fri, 01 Jul 2022 19:41:58 GMT', 'Connection': 'keep-alive', 'Keep-Alive': 'timeout=5'} 
 body={
    "message": "Token de acesso ausente, inválido, expirado ou usuário do token não existe mais"
} 
 </msg>
<msg timestamp="20220701 16:41:58.403" level="INFO">${response} = &lt;Response [401]&gt;</msg>
<status status="PASS" starttime="20220701 16:41:58.401" endtime="20220701 16:41:58.403"/>
</kw>
<kw name="Set Test Variable" library="BuiltIn">
<arg>${response}</arg>
<doc>Makes a variable available everywhere within the scope of the current test.</doc>
<msg timestamp="20220701 16:41:58.404" level="INFO">${response} = &lt;Response [401]&gt;</msg>
<status status="PASS" starttime="20220701 16:41:58.403" endtime="20220701 16:41:58.404"/>
</kw>
<kw name="Set Test Variable" library="BuiltIn">
<arg>${response_body}</arg>
<arg>${response.json()}</arg>
<doc>Makes a variable available everywhere within the scope of the current test.</doc>
<msg timestamp="20220701 16:41:58.409" level="INFO">${response_body} = {'message': 'Token de acesso ausente, inválido, expirado ou usuário do token não existe mais'}</msg>
<status status="PASS" starttime="20220701 16:41:58.404" endtime="20220701 16:41:58.409"/>
</kw>
<status status="PASS" starttime="20220701 16:41:58.400" endtime="20220701 16:41:58.409"/>
</kw>
<kw name="Validar Status Code &quot;401&quot;" library="common" sourcename="Validar Status Code &quot;${statuscode}&quot;">
<kw name="Should Be True" library="BuiltIn">
<arg>${response.status_code} == ${statuscode}</arg>
<doc>Fails if the given condition is not true.</doc>
<status status="PASS" starttime="20220701 16:41:58.410" endtime="20220701 16:41:58.411"/>
</kw>
<status status="PASS" starttime="20220701 16:41:58.410" endtime="20220701 16:41:58.411"/>
</kw>
<kw name="Validar Mensagem &quot;Token de acesso ausente, inválido, expirado ou usuário do token não existe mais&quot;" library="common" sourcename="Validar Mensagem &quot;${mensagem}&quot;">
<kw name="Should Be Equal" library="BuiltIn">
<arg>${response_body['message']}</arg>
<arg>${mensagem}</arg>
<doc>Fails if the given objects are unequal.</doc>
<status status="PASS" starttime="20220701 16:41:58.412" endtime="20220701 16:41:58.412"/>
</kw>
<status status="PASS" starttime="20220701 16:41:58.412" endtime="20220701 16:41:58.413"/>
</kw>
<tag>Cancelar_Compra</tag>
<tag>Cancelar_Compra_Token_Invalido</tag>
<tag>Carrinhos</tag>
<tag>DELETE</tag>
<tag>DELETE_Carrinhos</tag>
<status status="PASS" starttime="20220701 16:41:58.360" endtime="20220701 16:41:58.413"/>
</test>
<doc>Arquivo De Testes Relacionandos Ao EndPoint Carrinhos</doc>
<status status="FAIL" starttime="20220701 16:41:56.271" endtime="20220701 16:41:58.413"/>
</suite>
<status status="FAIL" starttime="20220701 16:41:56.255" endtime="20220701 16:41:58.414"/>
</suite>
<statistics>
<total>
<stat pass="4" fail="13" skip="0">All Tests</stat>
</total>
<tag>
<stat pass="0" fail="1" skip="0">Buscar_Carrinho_Cadastrado</stat>
<stat pass="1" fail="0" skip="0">Buscar_Carrinho_Nao_Cadastrado</stat>
<stat pass="0" fail="1" skip="0">Buscar_Todos_Carrinhos</stat>
<stat pass="0" fail="1" skip="0">Cadastrar_Carrinho_Mais_De_Um</stat>
<stat pass="0" fail="1" skip="0">Cadastrar_Carrinho_Produto_Invalido</stat>
<stat pass="0" fail="1" skip="0">Cadastrar_Carrinho_Quantidade_Insuficiente</stat>
<stat pass="0" fail="1" skip="0">Cadastrar_Carrinho_Sem_idProduto</stat>
<stat pass="0" fail="1" skip="0">Cadastrar_Carrinho_Sem_Quantidade</stat>
<stat pass="0" fail="1" skip="0">Cadastrar_Carrinho_Valido_Administrador</stat>
<stat pass="0" fail="1" skip="0">Cadastrar_Carrinho_Valido_Nao_Administrador</stat>
<stat pass="1" fail="0" skip="0">Cadastrar_Carrinho_Valido_Sem_Autenticacao</stat>
<stat pass="1" fail="2" skip="0">Cancelar_Compra</stat>
<stat pass="0" fail="1" skip="0">Cancelar_Compra_Carrinho_Invalido</stat>
<stat pass="0" fail="1" skip="0">Cancelar_Compra_Carrinho_Valido</stat>
<stat pass="1" fail="0" skip="0">Cancelar_Compra_Token_Invalido</stat>
<stat pass="4" fail="13" skip="0">Carrinhos</stat>
<stat pass="1" fail="1" skip="0">Concluir_Compra</stat>
<stat pass="0" fail="1" skip="0">Concluir_Compra_Carrinho_Invalido</stat>
<stat pass="0" fail="1" skip="0">Concluir_Compra_Carrinho_Valido</stat>
<stat pass="1" fail="0" skip="0">Concluir_Compra_Token_Invalido</stat>
<stat pass="2" fail="4" skip="0">DELETE</stat>
<stat pass="2" fail="4" skip="0">DELETE_Carrinhos</stat>
<stat pass="2" fail="9" skip="0">GET</stat>
<stat pass="1" fail="2" skip="0">GET_Carrinhos</stat>
<stat pass="1" fail="7" skip="0">POST_Carrinhos</stat>
</tag>
<suite>
<stat pass="4" fail="13" skip="0" id="s1" name="Tests">Tests</stat>
<stat pass="4" fail="13" skip="0" id="s1-s1" name="04 Carrinhos Tests">Tests.04 Carrinhos Tests</stat>
</suite>
</statistics>
<errors>
</errors>
</robot>
