<?xml version="1.0" encoding="UTF-8"?>
<robot generator="Robot 5.0.1 (Python 3.10.4 on win32)" generated="20220707 16:44:43.503" rpa="false" schemaversion="3">
<suite id="s1" name="Tests" source="C:\Users\Cleo\Documents\Python\CleoMaia_Compass_Sprint6\tests">
<suite id="s1-s1" name="03 Produtos Tests" source="C:\Users\Cleo\Documents\Python\CleoMaia_Compass_Sprint6\tests\03_produtos_tests.robot">
<kw name="Criar Sessao" library="common" type="SETUP">
<kw name="Custom Create Session" library="CustomRequests">
<arg>serverest</arg>
<arg>${BASE_URI}</arg>
<arg>verify=True</arg>
<doc>Create a session with the given alias and base_uri.</doc>
<msg timestamp="20220707 16:44:44.139" level="INFO">Creating Session using : alias=serverest, url=http://localhost:3000/, headers={},                     cookies={}, auth=None, timeout=None, proxies=None, verify=True,                     debug=0 </msg>
<status status="PASS" starttime="20220707 16:44:44.138" endtime="20220707 16:44:44.139"/>
</kw>
<status status="PASS" starttime="20220707 16:44:44.138" endtime="20220707 16:44:44.139"/>
</kw>
<test id="s1-s1-t1" name="Cenario: Cadastrar 200 Produtos" line="50">
<kw name="Criar Dados Lista De Produto" library="dynamics">
<arg>${teste_de_carga_produto}</arg>
<doc>Recebe a quantidade de produtos que serão criados e cria a variável lista_de_produtos
Se não for passado nenhuma quantidade, cria a variável lista_de_produtos com quantidade de 1</doc>
<kw name="Criar Dados Produto" library="Dynamics">
<var>${lista_de_produtos}</var>
<arg>${quantidade}</arg>
<msg timestamp="20220707 16:44:44.162" level="INFO">${lista_de_produtos} = [{'nome': 'boxesbookstore', 'descricao': 'Do you have any idea why this is not working?', 'preco': 40, 'quantidade': 7739}, {'nome': 'independencecare', 'descricao': 'Haskell is a standardized, genera...</msg>
<status status="PASS" starttime="20220707 16:44:44.140" endtime="20220707 16:44:44.162"/>
</kw>
<kw name="Set Test Variable" library="BuiltIn">
<arg>${lista_de_produtos}</arg>
<doc>Makes a variable available everywhere within the scope of the current test.</doc>
<msg timestamp="20220707 16:44:44.164" level="INFO">${lista_de_produtos} = [{'nome': 'boxesbookstore', 'descricao': 'Do you have any idea why this is not working?', 'preco': 40, 'quantidade': 7739}, {'nome': 'independencecare', 'descricao': 'Haskell is a standardized, genera...</msg>
<status status="PASS" starttime="20220707 16:44:44.163" endtime="20220707 16:44:44.164"/>
</kw>
<status status="PASS" starttime="20220707 16:44:44.140" endtime="20220707 16:44:44.164"/>
</kw>
<kw name="Logar E Salvar Token Como" library="login_keywords">
<arg>"Administrador"</arg>
<doc>Aceita como argumento um tipo de usuário e retorna um usuário do tipo desejado
Se não for passado um tipo de usuário, loga como usuário Não Administrador
Tipos de usuario Aceitos:
- "Administrador"
- "Nao Administrador"</doc>
<kw name="Cadastrar Novo Usuario" library="usuarios_keywords">
<arg>${tipo}</arg>
<doc>Aceita como argumento um tipo de usuário e retorna um usuário do tipo desejado
Se não for passado um tipo de usuário, loga como usuário Não Administrador
Tipos de usuario Aceitos:
- "Administrador"
- "Nao Administrador"</doc>
<kw name="Criar Dados Usuario Valido Do Tipo" library="dynamics">
<arg>${tipo}</arg>
<doc>Aceita como argumento um tipo de usuário e retorna um usuário do tipo desejado
Se não for passado um tipo de usuário, retorna um usuario Não Administrador
Tipos de usuario Aceitos:
- "Administrador"
- "Nao Administrador"</doc>
<kw name="Name" library="FakerLibrary">
<var>${nome}</var>
<doc>:example 'John Doe'</doc>
<msg timestamp="20220707 16:44:44.166" level="INFO">${nome} = Stephen Ward</msg>
<status status="PASS" starttime="20220707 16:44:44.165" endtime="20220707 16:44:44.166"/>
</kw>
<kw name="Email" library="FakerLibrary">
<var>${email}</var>
<msg timestamp="20220707 16:44:44.166" level="INFO">${email} = byrdpaul@example.org</msg>
<status status="PASS" starttime="20220707 16:44:44.166" endtime="20220707 16:44:44.166"/>
</kw>
<kw name="Word" library="FakerLibrary">
<var>${word}</var>
<doc>Generate a word.</doc>
<msg timestamp="20220707 16:44:44.166" level="INFO">${word} = everyone</msg>
<status status="PASS" starttime="20220707 16:44:44.166" endtime="20220707 16:44:44.166"/>
</kw>
<kw name="Catenate" library="BuiltIn">
<var>${email}</var>
<arg>SEPARATOR=</arg>
<arg>${word}</arg>
<arg>${email}</arg>
<doc>Catenates the given items together and returns the resulted string.</doc>
<msg timestamp="20220707 16:44:44.167" level="INFO">${email} = everyonebyrdpaul@example.org</msg>
<status status="PASS" starttime="20220707 16:44:44.166" endtime="20220707 16:44:44.167"/>
</kw>
<kw name="Password" library="FakerLibrary">
<var>${senha}</var>
<doc>Generate a random password of the specified ``length``.</doc>
<msg timestamp="20220707 16:44:44.167" level="INFO">${senha} = &amp;JC2W9vz)T</msg>
<status status="PASS" starttime="20220707 16:44:44.167" endtime="20220707 16:44:44.167"/>
</kw>
<kw name="Set Variable If" library="BuiltIn">
<var>${administrador}</var>
<arg>${tipo} == "Administrador"</arg>
<arg>true</arg>
<arg>false</arg>
<doc>Sets variable based on the given condition.</doc>
<msg timestamp="20220707 16:44:44.167" level="INFO">${administrador} = true</msg>
<status status="PASS" starttime="20220707 16:44:44.167" endtime="20220707 16:44:44.167"/>
</kw>
<kw name="Create Dictionary" library="BuiltIn">
<var>&amp;{usuario}</var>
<arg>nome=${nome}</arg>
<arg>email=${email}</arg>
<arg>password=${senha}</arg>
<arg>administrador=${administrador}</arg>
<doc>Creates and returns a dictionary based on the given ``items``.</doc>
<msg timestamp="20220707 16:44:44.168" level="INFO">&amp;{usuario} = { nome=Stephen Ward | email=everyonebyrdpaul@example.org | password=&amp;JC2W9vz)T | administrador=true }</msg>
<status status="PASS" starttime="20220707 16:44:44.167" endtime="20220707 16:44:44.168"/>
</kw>
<kw name="Set Test Variable" library="BuiltIn">
<arg>${usuario}</arg>
<doc>Makes a variable available everywhere within the scope of the current test.</doc>
<msg timestamp="20220707 16:44:44.168" level="INFO">${usuario} = {'nome': 'Stephen Ward', 'email': 'everyonebyrdpaul@example.org', 'password': '&amp;JC2W9vz)T', 'administrador': 'true'}</msg>
<status status="PASS" starttime="20220707 16:44:44.168" endtime="20220707 16:44:44.168"/>
</kw>
<status status="PASS" starttime="20220707 16:44:44.165" endtime="20220707 16:44:44.168"/>
</kw>
<kw name="Custom On Session" library="CustomRequests">
<arg>POST</arg>
<arg>Usuarios</arg>
<arg>json=${usuario}</arg>
<doc>Custom Request function call RequestLibrary function</doc>
<msg timestamp="20220707 16:44:44.226" level="INFO">POST Request : url=http://localhost:3000/Usuarios 
 path_url=/Usuarios 
 headers={'User-Agent': 'python-requests/2.28.1', 'Accept-Encoding': 'gzip, deflate', 'Accept': '*/*', 'Connection': 'keep-alive', 'Content-Length': '116', 'Content-Type': 'application/json'} 
 body=b'{"nome": "Stephen Ward", "email": "everyonebyrdpaul@example.org", "password": "&amp;JC2W9vz)T", "administrador": "true"}' 
 </msg>
<msg timestamp="20220707 16:44:44.226" level="INFO">POST Response : url=http://localhost:3000/Usuarios 
 status=201, reason=Created 
 headers={'Access-Control-Allow-Origin': '*', 'x-dns-prefetch-control': 'off', 'x-frame-options': 'SAMEORIGIN', 'strict-transport-security': 'max-age=15552000; includeSubDomains', 'x-download-options': 'noopen', 'x-content-type-options': 'nosniff', 'x-xss-protection': '1; mode=block', 'x-moesif-transaction-id': '2388187c-ec18-4a44-a498-1117b592e895', 'Content-Type': 'application/json; charset=utf-8', 'Content-Length': '82', 'Date': 'Thu, 07 Jul 2022 19:44:44 GMT', 'Connection': 'keep-alive', 'Keep-Alive': 'timeout=5'} 
 body={
    "message": "Cadastro realizado com sucesso",
    "_id": "adzBLCeXbYqyFEiY"
} 
 </msg>
<msg timestamp="20220707 16:44:44.227" level="INFO">${response_time} = 0.05363</msg>
<msg timestamp="20220707 16:44:44.228" level="INFO">${response} = &lt;Response [201]&gt;</msg>
<msg timestamp="20220707 16:44:44.229" level="INFO">${response_body} = {'message': 'Cadastro realizado com sucesso', '_id': 'adzBLCeXbYqyFEiY'}</msg>
<status status="PASS" starttime="20220707 16:44:44.168" endtime="20220707 16:44:44.230"/>
</kw>
<kw name="Validar Status Code &quot;201&quot;" library="common" sourcename="Validar Status Code &quot;${statuscode}&quot;">
<kw name="Should Be True" library="BuiltIn">
<arg>${response.status_code} == ${statuscode}</arg>
<doc>Fails if the given condition is not true.</doc>
<status status="PASS" starttime="20220707 16:44:44.230" endtime="20220707 16:44:44.232"/>
</kw>
<status status="PASS" starttime="20220707 16:44:44.230" endtime="20220707 16:44:44.232"/>
</kw>
<kw name="Validar Mensagem &quot;Cadastro realizado com sucesso&quot;" library="common" sourcename="Validar Mensagem &quot;${mensagem}&quot;">
<kw name="Should Be Equal" library="BuiltIn">
<arg>${response_body['message']}</arg>
<arg>${mensagem}</arg>
<doc>Fails if the given objects are unequal.</doc>
<status status="PASS" starttime="20220707 16:44:44.233" endtime="20220707 16:44:44.234"/>
</kw>
<status status="PASS" starttime="20220707 16:44:44.233" endtime="20220707 16:44:44.234"/>
</kw>
<kw name="Should Not Be Empty" library="BuiltIn">
<arg>${response_body['_id']}</arg>
<doc>Verifies that the given item is not empty.</doc>
<msg timestamp="20220707 16:44:44.235" level="INFO">Length is 16</msg>
<status status="PASS" starttime="20220707 16:44:44.235" endtime="20220707 16:44:44.235"/>
</kw>
<kw name="Set To Dictionary" library="Collections">
<arg>${usuario}</arg>
<arg>_id=${response_body['_id']}</arg>
<doc>Adds the given ``key_value_pairs`` and ``items`` to the ``dictionary``.</doc>
<status status="PASS" starttime="20220707 16:44:44.235" endtime="20220707 16:44:44.236"/>
</kw>
<kw name="Set Test Variable" library="BuiltIn">
<arg>${usuario}</arg>
<arg>${usuario}</arg>
<doc>Makes a variable available everywhere within the scope of the current test.</doc>
<msg timestamp="20220707 16:44:44.236" level="INFO">${usuario} = {'nome': 'Stephen Ward', 'email': 'everyonebyrdpaul@example.org', 'password': '&amp;JC2W9vz)T', 'administrador': 'true', '_id': 'adzBLCeXbYqyFEiY'}</msg>
<status status="PASS" starttime="20220707 16:44:44.236" endtime="20220707 16:44:44.236"/>
</kw>
<status status="PASS" starttime="20220707 16:44:44.165" endtime="20220707 16:44:44.237"/>
</kw>
<kw name="Remove From Dictionary" library="Collections">
<arg>${usuario}</arg>
<arg>nome</arg>
<arg>administrador</arg>
<arg>_id</arg>
<doc>Removes the given ``keys`` from the ``dictionary``.</doc>
<msg timestamp="20220707 16:44:44.237" level="INFO">Removed item with key 'nome' and value 'Stephen Ward'.</msg>
<msg timestamp="20220707 16:44:44.237" level="INFO">Removed item with key 'administrador' and value 'true'.</msg>
<msg timestamp="20220707 16:44:44.237" level="INFO">Removed item with key '_id' and value 'adzBLCeXbYqyFEiY'.</msg>
<status status="PASS" starttime="20220707 16:44:44.237" endtime="20220707 16:44:44.237"/>
</kw>
<kw name="Custom On Session" library="CustomRequests">
<arg>POST</arg>
<arg>Login</arg>
<arg>json=${usuario}</arg>
<doc>Custom Request function call RequestLibrary function</doc>
<msg timestamp="20220707 16:44:44.246" level="INFO">POST Request : url=http://localhost:3000/Login 
 path_url=/Login 
 headers={'User-Agent': 'python-requests/2.28.1', 'Accept-Encoding': 'gzip, deflate', 'Accept': '*/*', 'Connection': 'keep-alive', 'Content-Length': '67', 'Content-Type': 'application/json'} 
 body=b'{"email": "everyonebyrdpaul@example.org", "password": "&amp;JC2W9vz)T"}' 
 </msg>
<msg timestamp="20220707 16:44:44.246" level="INFO">POST Response : url=http://localhost:3000/Login 
 status=200, reason=OK 
 headers={'Access-Control-Allow-Origin': '*', 'x-dns-prefetch-control': 'off', 'x-frame-options': 'SAMEORIGIN', 'strict-transport-security': 'max-age=15552000; includeSubDomains', 'x-download-options': 'noopen', 'x-content-type-options': 'nosniff', 'x-xss-protection': '1; mode=block', 'x-moesif-transaction-id': 'cdb6a11b-0df8-460d-8b56-625885a7cc6a', 'Content-Type': 'application/json; charset=utf-8', 'Content-Length': '292', 'Date': 'Thu, 07 Jul 2022 19:44:44 GMT', 'Connection': 'keep-alive', 'Keep-Alive': 'timeout=5'} 
 body={
    "message": "Login realizado com sucesso",
    "authorization": "Bearer eyJhbGciOiJIUzI1NiIsInR5cCI6IkpXVCJ9.eyJlbWFpbCI6ImV2ZXJ5b25lYnlyZHBhdWxAZXhhbXBsZS5vcmciLCJwYXNzd29yZCI6IiZKQzJXOXZ6KVQiLCJpYXQiOjE2NTcyMjMwODQsImV4cCI6MTY1NzIyMzY4NH0.Ct7l_b2wSp3tWPU_KbE0BLZ12ttbFllzvszZQrsJwtE"
} 
 </msg>
<msg timestamp="20220707 16:44:44.246" level="INFO">${response_time} = 0.005653</msg>
<msg timestamp="20220707 16:44:44.246" level="INFO">${response} = &lt;Response [200]&gt;</msg>
<msg timestamp="20220707 16:44:44.246" level="INFO">${response_body} = {'message': 'Login realizado com sucesso', 'authorization': 'Bearer eyJhbGciOiJIUzI1NiIsInR5cCI6IkpXVCJ9.eyJlbWFpbCI6ImV2ZXJ5b25lYnlyZHBhdWxAZXhhbXBsZS5vcmciLCJwYXNzd29yZCI6IiZKQzJXOXZ6KVQiLCJpYXQiOjE...</msg>
<status status="PASS" starttime="20220707 16:44:44.237" endtime="20220707 16:44:44.246"/>
</kw>
<kw name="Validar Status Code &quot;200&quot;" library="common" sourcename="Validar Status Code &quot;${statuscode}&quot;">
<kw name="Should Be True" library="BuiltIn">
<arg>${response.status_code} == ${statuscode}</arg>
<doc>Fails if the given condition is not true.</doc>
<status status="PASS" starttime="20220707 16:44:44.247" endtime="20220707 16:44:44.248"/>
</kw>
<status status="PASS" starttime="20220707 16:44:44.247" endtime="20220707 16:44:44.248"/>
</kw>
<kw name="Validar Mensagem &quot;Login realizado com sucesso&quot;" library="common" sourcename="Validar Mensagem &quot;${mensagem}&quot;">
<kw name="Should Be Equal" library="BuiltIn">
<arg>${response_body['message']}</arg>
<arg>${mensagem}</arg>
<doc>Fails if the given objects are unequal.</doc>
<status status="PASS" starttime="20220707 16:44:44.248" endtime="20220707 16:44:44.249"/>
</kw>
<status status="PASS" starttime="20220707 16:44:44.248" endtime="20220707 16:44:44.249"/>
</kw>
<kw name="Validar Token" library="login_keywords">
<kw name="Should Not Be Empty" library="BuiltIn">
<arg>${response_body["authorization"]}</arg>
<doc>Verifies that the given item is not empty.</doc>
<msg timestamp="20220707 16:44:44.250" level="INFO">Length is 219</msg>
<status status="PASS" starttime="20220707 16:44:44.249" endtime="20220707 16:44:44.250"/>
</kw>
<status status="PASS" starttime="20220707 16:44:44.249" endtime="20220707 16:44:44.250"/>
</kw>
<kw name="Create Dictionary" library="BuiltIn">
<var>&amp;{headers}</var>
<arg>Authorization=${response_body["authorization"]}</arg>
<doc>Creates and returns a dictionary based on the given ``items``.</doc>
<msg timestamp="20220707 16:44:44.251" level="INFO">&amp;{headers} = { Authorization=Bearer eyJhbGciOiJIUzI1NiIsInR5cCI6IkpXVCJ9.eyJlbWFpbCI6ImV2ZXJ5b25lYnlyZHBhdWxAZXhhbXBsZS5vcmciLCJwYXNzd29yZCI6IiZKQzJXOXZ6KVQiLCJpYXQiOjE2NTcyMjMwODQsImV4cCI6MTY1NzIyMzY4NH0.Ct7l_b2w...</msg>
<status status="PASS" starttime="20220707 16:44:44.250" endtime="20220707 16:44:44.251"/>
</kw>
<kw name="Set Test Variable" library="BuiltIn">
<arg>${headers}</arg>
<doc>Makes a variable available everywhere within the scope of the current test.</doc>
<msg timestamp="20220707 16:44:44.251" level="INFO">${headers} = {'Authorization': 'Bearer eyJhbGciOiJIUzI1NiIsInR5cCI6IkpXVCJ9.eyJlbWFpbCI6ImV2ZXJ5b25lYnlyZHBhdWxAZXhhbXBsZS5vcmciLCJwYXNzd29yZCI6IiZKQzJXOXZ6KVQiLCJpYXQiOjE2NTcyMjMwODQsImV4cCI6MTY1NzIyMzY4NH0.Ct7l_...</msg>
<status status="PASS" starttime="20220707 16:44:44.251" endtime="20220707 16:44:44.251"/>
</kw>
<status status="PASS" starttime="20220707 16:44:44.164" endtime="20220707 16:44:44.251"/>
</kw>
<kw name="Pegar Quantidade de &quot;Produtos&quot;" library="common" sourcename="Pegar Quantidade de &quot;${item}&quot;">
<kw name="Custom On Session" library="CustomRequests">
<arg>GET</arg>
<arg>${item}</arg>
<doc>Custom Request function call RequestLibrary function</doc>
<msg timestamp="20220707 16:44:44.257" level="INFO">GET Request : url=http://localhost:3000/Produtos 
 path_url=/Produtos 
 headers={'User-Agent': 'python-requests/2.28.1', 'Accept-Encoding': 'gzip, deflate', 'Accept': '*/*', 'Connection': 'keep-alive'} 
 body=None 
 </msg>
<msg timestamp="20220707 16:44:44.257" level="INFO">GET Response : url=http://localhost:3000/Produtos 
 status=200, reason=OK 
 headers={'Access-Control-Allow-Origin': '*', 'x-dns-prefetch-control': 'off', 'x-frame-options': 'SAMEORIGIN', 'strict-transport-security': 'max-age=15552000; includeSubDomains', 'x-download-options': 'noopen', 'x-content-type-options': 'nosniff', 'x-xss-protection': '1; mode=block', 'x-moesif-transaction-id': '4817cb2e-aaa1-4694-814f-337c97e2ba70', 'Content-Type': 'application/json; charset=utf-8', 'Content-Length': '43', 'Date': 'Thu, 07 Jul 2022 19:44:44 GMT', 'Connection': 'keep-alive', 'Keep-Alive': 'timeout=5'} 
 body={
    "quantidade": 0,
    "produtos": []
} 
 </msg>
<msg timestamp="20220707 16:44:44.257" level="INFO">${response_time} = 0.00302</msg>
<msg timestamp="20220707 16:44:44.257" level="INFO">${response} = &lt;Response [200]&gt;</msg>
<msg timestamp="20220707 16:44:44.257" level="INFO">${response_body} = {'quantidade': 0, 'produtos': []}</msg>
<status status="PASS" starttime="20220707 16:44:44.252" endtime="20220707 16:44:44.257"/>
</kw>
<kw name="Set Test Variable" library="BuiltIn">
<arg>${quantidade}</arg>
<arg>${response_body['quantidade']}</arg>
<doc>Makes a variable available everywhere within the scope of the current test.</doc>
<msg timestamp="20220707 16:44:44.259" level="INFO">${quantidade} = 0</msg>
<status status="PASS" starttime="20220707 16:44:44.257" endtime="20220707 16:44:44.259"/>
</kw>
<status status="PASS" starttime="20220707 16:44:44.251" endtime="20220707 16:44:44.259"/>
</kw>
<kw name="Custom Theard Request" library="CustomRequests">
<arg>POST</arg>
<arg>Produtos</arg>
<arg>data=${lista_de_produtos}</arg>
<arg>headers=${headers}</arg>
<doc>Custon Theard Request function call RequestLibrary function in a pool of threads</doc>
<msg timestamp="20220707 16:44:44.269" level="INFO">POST Request : url=http://localhost:3000/Produtos 
 path_url=/Produtos 
 headers={'User-Agent': 'python-requests/2.28.1', 'Accept-Encoding': 'gzip, deflate', 'Accept': '*/*', 'Connection': 'keep-alive', 'Authorization': 'Bearer eyJhbGciOiJIUzI1NiIsInR5cCI6IkpXVCJ9.eyJlbWFpbCI6ImV2ZXJ5b25lYnlyZHBhdWxAZXhhbXBsZS5vcmciLCJwYXNzd29yZCI6IiZKQzJXOXZ6KVQiLCJpYXQiOjE2NTcyMjMwODQsImV4cCI6MTY1NzIyMzY4NH0.Ct7l_b2wSp3tWPU_KbE0BLZ12ttbFllzvszZQrsJwtE', 'monitor': 'false', 'Content-Length': '121', 'Content-Type': 'application/json'} 
 body=b'{"nome": "boxesbookstore", "descricao": "Do you have any idea why this is not working?", "preco": 40, "quantidade": 7739}' 
 </msg>
<msg timestamp="20220707 16:44:44.269" level="INFO">POST Response : url=http://localhost:3000/Produtos 
 status=201, reason=Created 
 headers={'Access-Control-Allow-Origin': '*', 'x-dns-prefetch-control': 'off', 'x-frame-options': 'SAMEORIGIN', 'strict-transport-security': 'max-age=15552000; includeSubDomains', 'x-download-options': 'noopen', 'x-content-type-options': 'nosniff', 'x-xss-protection': '1; mode=block', 'Content-Type': 'application/json; charset=utf-8', 'Content-Length': '82', 'Date': 'Thu, 07 Jul 2022 19:44:44 GMT', 'Connection': 'keep-alive', 'Keep-Alive': 'timeout=5'} 
 body={
    "message": "Cadastro realizado com sucesso",
    "_id": "d439GBd307ERHbbQ"
} 
 </msg>
<msg timestamp="20220707 16:44:44.269" level="INFO">${response_time} = 0.006626</msg>
<msg timestamp="20220707 16:44:44.269" level="INFO">${response} = &lt;Response [201]&gt;</msg>
<msg timestamp="20220707 16:44:44.269" level="INFO">${response_body} = {'message': 'Cadastro realizado com sucesso', '_id': 'd439GBd307ERHbbQ'}</msg>
<msg timestamp="20220707 16:44:44.279" level="INFO">POST Request : url=http://localhost:3000/Produtos 
 path_url=/Produtos 
 headers={'User-Agent': 'python-requests/2.28.1', 'Accept-Encoding': 'gzip, deflate', 'Accept': '*/*', 'Connection': 'keep-alive', 'Authorization': 'Bearer eyJhbGciOiJIUzI1NiIsInR5cCI6IkpXVCJ9.eyJlbWFpbCI6ImV2ZXJ5b25lYnlyZHBhdWxAZXhhbXBsZS5vcmciLCJwYXNzd29yZCI6IiZKQzJXOXZ6KVQiLCJpYXQiOjE2NTcyMjMwODQsImV4cCI6MTY1NzIyMzY4NH0.Ct7l_b2wSp3tWPU_KbE0BLZ12ttbFllzvszZQrsJwtE', 'monitor': 'false', 'Content-Length': '213', 'Content-Type': 'application/json'} 
 body=b'{"nome": "independencecare", "descricao": "Haskell is a standardized, general-purpose purely functional programming language, with non-strict semantics and strong static typing.", "preco": 846, "quantidade": 2711}' 
 </msg>
<msg timestamp="20220707 16:44:44.279" level="INFO">POST Response : url=http://localhost:3000/Produtos 
 status=201, reason=Created 
 headers={'Access-Control-Allow-Origin': '*', 'x-dns-prefetch-control': 'off', 'x-frame-options': 'SAMEORIGIN', 'strict-transport-security': 'max-age=15552000; includeSubDomains', 'x-download-options': 'noopen', 'x-content-type-options': 'nosniff', 'x-xss-protection': '1; mode=block', 'Content-Type': 'application/json; charset=utf-8', 'Content-Length': '82', 'Date': 'Thu, 07 Jul 2022 19:44:44 GMT', 'Connection': 'keep-alive', 'Keep-Alive': 'timeout=5'} 
 body={
    "message": "Cadastro realizado com sucesso",
    "_id": "NPzwRJYQX3AmBCth"
} 
 </msg>
<msg timestamp="20220707 16:44:44.279" level="INFO">${response_time} = 0.007256</msg>
<msg timestamp="20220707 16:44:44.280" level="INFO">${response} = &lt;Response [201]&gt;</msg>
<msg timestamp="20220707 16:44:44.280" level="INFO">${response_body} = {'message': 'Cadastro realizado com sucesso', '_id': 'NPzwRJYQX3AmBCth'}</msg>
<msg timestamp="20220707 16:44:44.290" level="INFO">POST Request : url=http://localhost:3000/Produtos 
 path_url=/Produtos 
 headers={'User-Agent': 'python-requests/2.28.1', 'Accept-Encoding': 'gzip, deflate', 'Accept': '*/*', 'Connection': 'keep-alive', 'Authorization': 'Bearer eyJhbGciOiJIUzI1NiIsInR5cCI6IkpXVCJ9.eyJlbWFpbCI6ImV2ZXJ5b25lYnlyZHBhdWxAZXhhbXBsZS5vcmciLCJwYXNzd29yZCI6IiZKQzJXOXZ6KVQiLCJpYXQiOjE2NTcyMjMwODQsImV4cCI6MTY1NzIyMzY4NH0.Ct7l_b2wSp3tWPU_KbE0BLZ12ttbFllzvszZQrsJwtE', 'monitor': 'false', 'Content-Length': '92', 'Content-Type': 'application/json'} 
 body=b'{"nome": "russellgbp", "descricao": "Where are my pants?", "preco": 398, "quantidade": 3351}' 
 </msg>
<msg timestamp="20220707 16:44:44.290" level="INFO">POST Response : url=http://localhost:3000/Produtos 
 status=201, reason=Created 
 headers={'Access-Control-Allow-Origin': '*', 'x-dns-prefetch-control': 'off', 'x-frame-options': 'SAMEORIGIN', 'strict-transport-security': 'max-age=15552000; includeSubDomains', 'x-download-options': 'noopen', 'x-content-type-options': 'nosniff', 'x-xss-protection': '1; mode=block', 'Content-Type': 'application/json; charset=utf-8', 'Content-Length': '82', 'Date': 'Thu, 07 Jul 2022 19:44:44 GMT', 'Connection': 'keep-alive', 'Keep-Alive': 'timeout=5'} 
 body={
    "message": "Cadastro realizado com sucesso",
    "_id": "oZJGPn6jXiKkFHf0"
} 
 </msg>
<msg timestamp="20220707 16:44:44.290" level="INFO">${response_time} = 0.008307</msg>
<msg timestamp="20220707 16:44:44.291" level="INFO">${response} = &lt;Response [201]&gt;</msg>
<msg timestamp="20220707 16:44:44.291" level="INFO">${response_body} = {'message': 'Cadastro realizado com sucesso', '_id': 'oZJGPn6jXiKkFHf0'}</msg>
<msg timestamp="20220707 16:44:44.299" level="INFO">POST Request : url=http://localhost:3000/Produtos 
 path_url=/Produtos 
 headers={'User-Agent': 'python-requests/2.28.1', 'Accept-Encoding': 'gzip, deflate', 'Accept': '*/*', 'Connection': 'keep-alive', 'Authorization': 'Bearer eyJhbGciOiJIUzI1NiIsInR5cCI6IkpXVCJ9.eyJlbWFpbCI6ImV2ZXJ5b25lYnlyZHBhdWxAZXhhbXBsZS5vcmciLCJwYXNzd29yZCI6IiZKQzJXOXZ6KVQiLCJpYXQiOjE2NTcyMjMwODQsImV4cCI6MTY1NzIyMzY4NH0.Ct7l_b2wSp3tWPU_KbE0BLZ12ttbFllzvszZQrsJwtE', 'monitor': 'false', 'Content-Length': '93', 'Content-Type': 'application/json'} 
 body=b'{"nome": "eerestricted", "descricao": "I don\'t even care.", "preco": 796, "quantidade": 2434}' 
 </msg>
<msg timestamp="20220707 16:44:44.299" level="INFO">POST Response : url=http://localhost:3000/Produtos 
 status=201, reason=Created 
 headers={'Access-Control-Allow-Origin': '*', 'x-dns-prefetch-control': 'off', 'x-frame-options': 'SAMEORIGIN', 'strict-transport-security': 'max-age=15552000; includeSubDomains', 'x-download-options': 'noopen', 'x-content-type-options': 'nosniff', 'x-xss-protection': '1; mode=block', 'Content-Type': 'application/json; charset=utf-8', 'Content-Length': '82', 'Date': 'Thu, 07 Jul 2022 19:44:44 GMT', 'Connection': 'keep-alive', 'Keep-Alive': 'timeout=5'} 
 body={
    "message": "Cadastro realizado com sucesso",
    "_id": "Ftn0ufSkzoGTBybB"
} 
 </msg>
<msg timestamp="20220707 16:44:44.299" level="INFO">${response_time} = 0.005304</msg>
<msg timestamp="20220707 16:44:44.299" level="INFO">${response} = &lt;Response [201]&gt;</msg>
<msg timestamp="20220707 16:44:44.299" level="INFO">${response_body} = {'message': 'Cadastro realizado com sucesso', '_id': 'Ftn0ufSkzoGTBybB'}</msg>
<msg timestamp="20220707 16:44:44.314" level="INFO">POST Request : url=http://localhost:3000/Produtos 
 path_url=/Produtos 
 headers={'User-Agent': 'python-requests/2.28.1', 'Accept-Encoding': 'gzip, deflate', 'Accept': '*/*', 'Connection': 'keep-alive', 'Authorization': 'Bearer eyJhbGciOiJIUzI1NiIsInR5cCI6IkpXVCJ9.eyJlbWFpbCI6ImV2ZXJ5b25lYnlyZHBhdWxAZXhhbXBsZS5vcmciLCJwYXNzd29yZCI6IiZKQzJXOXZ6KVQiLCJpYXQiOjE2NTcyMjMwODQsImV4cCI6MTY1NzIyMzY4NH0.Ct7l_b2wSp3tWPU_KbE0BLZ12ttbFllzvszZQrsJwtE', 'monitor': 'false', 'Content-Length': '178', 'Content-Type': 'application/json'} 
 body=b'{"nome": "bristolclay", "descricao": "They are written as strings of consecutive alphanumeric characters, the first character being lowercase.", "preco": 981, "quantidade": 8472}' 
 </msg>
<msg timestamp="20220707 16:44:44.314" level="INFO">POST Response : url=http://localhost:3000/Produtos 
 status=201, reason=Created 
 headers={'Access-Control-Allow-Origin': '*', 'x-dns-prefetch-control': 'off', 'x-frame-options': 'SAMEORIGIN', 'strict-transport-security': 'max-age=15552000; includeSubDomains', 'x-download-options': 'noopen', 'x-content-type-options': 'nosniff', 'x-xss-protection': '1; mode=block', 'Content-Type': 'application/json; charset=utf-8', 'Content-Length': '82', 'Date': 'Thu, 07 Jul 2022 19:44:44 GMT', 'Connection': 'keep-alive', 'Keep-Alive': 'timeout=5'} 
 body={
    "message": "Cadastro realizado com sucesso",
    "_id": "dM9mqavh5jeMjCYp"
} 
 </msg>
<msg timestamp="20220707 16:44:44.316" level="INFO">${response_time} = 0.014606</msg>
<msg timestamp="20220707 16:44:44.316" level="INFO">${response} = &lt;Response [201]&gt;</msg>
<msg timestamp="20220707 16:44:44.316" level="INFO">${response_body} = {'message': 'Cadastro realizado com sucesso', '_id': 'dM9mqavh5jeMjCYp'}</msg>
<msg timestamp="20220707 16:44:44.322" level="INFO">POST Request : url=http://localhost:3000/Produtos 
 path_url=/Produtos 
 headers={'User-Agent': 'python-requests/2.28.1', 'Accept-Encoding': 'gzip, deflate', 'Accept': '*/*', 'Connection': 'keep-alive', 'Authorization': 'Bearer eyJhbGciOiJIUzI1NiIsInR5cCI6IkpXVCJ9.eyJlbWFpbCI6ImV2ZXJ5b25lYnlyZHBhdWxAZXhhbXBsZS5vcmciLCJwYXNzd29yZCI6IiZKQzJXOXZ6KVQiLCJpYXQiOjE2NTcyMjMwODQsImV4cCI6MTY1NzIyMzY4NH0.Ct7l_b2wSp3tWPU_KbE0BLZ12ttbFllzvszZQrsJwtE', 'monitor': 'false', 'Content-Length': '94', 'Content-Type': 'application/json'} 
 body=b'{"nome": "alivequarter", "descricao": "Make me a sandwich.", "preco": 662, "quantidade": 3998}' 
 </msg>
<msg timestamp="20220707 16:44:44.322" level="INFO">POST Response : url=http://localhost:3000/Produtos 
 status=201, reason=Created 
 headers={'Access-Control-Allow-Origin': '*', 'x-dns-prefetch-control': 'off', 'x-frame-options': 'SAMEORIGIN', 'strict-transport-security': 'max-age=15552000; includeSubDomains', 'x-download-options': 'noopen', 'x-content-type-options': 'nosniff', 'x-xss-protection': '1; mode=block', 'Content-Type': 'application/json; charset=utf-8', 'Content-Length': '82', 'Date': 'Thu, 07 Jul 2022 19:44:44 GMT', 'Connection': 'keep-alive', 'Keep-Alive': 'timeout=5'} 
 body={
    "message": "Cadastro realizado com sucesso",
    "_id": "C7Z7qJjMkGRJfQBO"
} 
 </msg>
<msg timestamp="20220707 16:44:44.323" level="INFO">${response_time} = 0.005805</msg>
<msg timestamp="20220707 16:44:44.323" level="INFO">${response} = &lt;Response [201]&gt;</msg>
<msg timestamp="20220707 16:44:44.323" level="INFO">${response_body} = {'message': 'Cadastro realizado com sucesso', '_id': 'C7Z7qJjMkGRJfQBO'}</msg>
<msg timestamp="20220707 16:44:44.331" level="INFO">POST Request : url=http://localhost:3000/Produtos 
 path_url=/Produtos 
 headers={'User-Agent': 'python-requests/2.28.1', 'Accept-Encoding': 'gzip, deflate', 'Accept': '*/*', 'Connection': 'keep-alive', 'Authorization': 'Bearer eyJhbGciOiJIUzI1NiIsInR5cCI6IkpXVCJ9.eyJlbWFpbCI6ImV2ZXJ5b25lYnlyZHBhdWxAZXhhbXBsZS5vcmciLCJwYXNzd29yZCI6IiZKQzJXOXZ6KVQiLCJpYXQiOjE2NTcyMjMwODQsImV4cCI6MTY1NzIyMzY4NH0.Ct7l_b2wSp3tWPU_KbE0BLZ12ttbFllzvszZQrsJwtE', 'monitor': 'false', 'Content-Length': '121', 'Content-Type': 'application/json'} 
 body=b'{"nome": "germanyforces", "descricao": "Do you have any idea why this is not working?", "preco": 160, "quantidade": 8118}' 
 </msg>
<msg timestamp="20220707 16:44:44.331" level="INFO">POST Response : url=http://localhost:3000/Produtos 
 status=201, reason=Created 
 headers={'Access-Control-Allow-Origin': '*', 'x-dns-prefetch-control': 'off', 'x-frame-options': 'SAMEORIGIN', 'strict-transport-security': 'max-age=15552000; includeSubDomains', 'x-download-options': 'noopen', 'x-content-type-options': 'nosniff', 'x-xss-protection': '1; mode=block', 'Content-Type': 'application/json; charset=utf-8', 'Content-Length': '82', 'Date': 'Thu, 07 Jul 2022 19:44:44 GMT', 'Connection': 'keep-alive', 'Keep-Alive': 'timeout=5'} 
 body={
    "message": "Cadastro realizado com sucesso",
    "_id": "0lMtxVvwACrg17vf"
} 
 </msg>
<msg timestamp="20220707 16:44:44.331" level="INFO">${response_time} = 0.005773</msg>
<msg timestamp="20220707 16:44:44.331" level="INFO">${response} = &lt;Response [201]&gt;</msg>
<msg timestamp="20220707 16:44:44.331" level="INFO">${response_body} = {'message': 'Cadastro realizado com sucesso', '_id': '0lMtxVvwACrg17vf'}</msg>
<msg timestamp="20220707 16:44:44.338" level="INFO">POST Request : url=http://localhost:3000/Produtos 
 path_url=/Produtos 
 headers={'User-Agent': 'python-requests/2.28.1', 'Accept-Encoding': 'gzip, deflate', 'Accept': '*/*', 'Connection': 'keep-alive', 'Authorization': 'Bearer eyJhbGciOiJIUzI1NiIsInR5cCI6IkpXVCJ9.eyJlbWFpbCI6ImV2ZXJ5b25lYnlyZHBhdWxAZXhhbXBsZS5vcmciLCJwYXNzd29yZCI6IiZKQzJXOXZ6KVQiLCJpYXQiOjE2NTcyMjMwODQsImV4cCI6MTY1NzIyMzY4NH0.Ct7l_b2wSp3tWPU_KbE0BLZ12ttbFllzvszZQrsJwtE', 'monitor': 'false', 'Content-Length': '129', 'Content-Type': 'application/json'} 
 body=b'{"nome": "permitswhite", "descricao": "Ports are used to communicate with the external world.", "preco": 903, "quantidade": 5655}' 
 </msg>
<msg timestamp="20220707 16:44:44.339" level="INFO">POST Response : url=http://localhost:3000/Produtos 
 status=201, reason=Created 
 headers={'Access-Control-Allow-Origin': '*', 'x-dns-prefetch-control': 'off', 'x-frame-options': 'SAMEORIGIN', 'strict-transport-security': 'max-age=15552000; includeSubDomains', 'x-download-options': 'noopen', 'x-content-type-options': 'nosniff', 'x-xss-protection': '1; mode=block', 'Content-Type': 'application/json; charset=utf-8', 'Content-Length': '82', 'Date': 'Thu, 07 Jul 2022 19:44:44 GMT', 'Connection': 'keep-alive', 'Keep-Alive': 'timeout=5'} 
 body={
    "message": "Cadastro realizado com sucesso",
    "_id": "IO175JF37yF5oX4X"
} 
 </msg>
<msg timestamp="20220707 16:44:44.339" level="INFO">${response_time} = 0.005747</msg>
<msg timestamp="20220707 16:44:44.339" level="INFO">${response} = &lt;Response [201]&gt;</msg>
<msg timestamp="20220707 16:44:44.339" level="INFO">${response_body} = {'message': 'Cadastro realizado com sucesso', '_id': 'IO175JF37yF5oX4X'}</msg>
<msg timestamp="20220707 16:44:44.345" level="INFO">POST Request : url=http://localhost:3000/Produtos 
 path_url=/Produtos 
 headers={'User-Agent': 'python-requests/2.28.1', 'Accept-Encoding': 'gzip, deflate', 'Accept': '*/*', 'Connection': 'keep-alive', 'Authorization': 'Bearer eyJhbGciOiJIUzI1NiIsInR5cCI6IkpXVCJ9.eyJlbWFpbCI6ImV2ZXJ5b25lYnlyZHBhdWxAZXhhbXBsZS5vcmciLCJwYXNzd29yZCI6IiZKQzJXOXZ6KVQiLCJpYXQiOjE2NTcyMjMwODQsImV4cCI6MTY1NzIyMzY4NH0.Ct7l_b2wSp3tWPU_KbE0BLZ12ttbFllzvszZQrsJwtE', 'monitor': 'false', 'Content-Length': '144', 'Content-Type': 'application/json'} 
 body=b'{"nome": "petsmill", "descricao": "Erlang is a general-purpose, concurrent, functional programming language.", "preco": 890, "quantidade": 9843}' 
 </msg>
<msg timestamp="20220707 16:44:44.345" level="INFO">POST Response : url=http://localhost:3000/Produtos 
 status=201, reason=Created 
 headers={'Access-Control-Allow-Origin': '*', 'x-dns-prefetch-control': 'off', 'x-frame-options': 'SAMEORIGIN', 'strict-transport-security': 'max-age=15552000; includeSubDomains', 'x-download-options': 'noopen', 'x-content-type-options': 'nosniff', 'x-xss-protection': '1; mode=block', 'Content-Type': 'application/json; charset=utf-8', 'Content-Length': '82', 'Date': 'Thu, 07 Jul 2022 19:44:44 GMT', 'Connection': 'keep-alive', 'Keep-Alive': 'timeout=5'} 
 body={
    "message": "Cadastro realizado com sucesso",
    "_id": "CkwpvJrkzW0agSn7"
} 
 </msg>
<msg timestamp="20220707 16:44:44.346" level="INFO">${response_time} = 0.004812</msg>
<msg timestamp="20220707 16:44:44.346" level="INFO">${response} = &lt;Response [201]&gt;</msg>
<msg timestamp="20220707 16:44:44.346" level="INFO">${response_body} = {'message': 'Cadastro realizado com sucesso', '_id': 'CkwpvJrkzW0agSn7'}</msg>
<msg timestamp="20220707 16:44:44.352" level="INFO">POST Request : url=http://localhost:3000/Produtos 
 path_url=/Produtos 
 headers={'User-Agent': 'python-requests/2.28.1', 'Accept-Encoding': 'gzip, deflate', 'Accept': '*/*', 'Connection': 'keep-alive', 'Authorization': 'Bearer eyJhbGciOiJIUzI1NiIsInR5cCI6IkpXVCJ9.eyJlbWFpbCI6ImV2ZXJ5b25lYnlyZHBhdWxAZXhhbXBsZS5vcmciLCJwYXNzd29yZCI6IiZKQzJXOXZ6KVQiLCJpYXQiOjE2NTcyMjMwODQsImV4cCI6MTY1NzIyMzY4NH0.Ct7l_b2wSp3tWPU_KbE0BLZ12ttbFllzvszZQrsJwtE', 'monitor': 'false', 'Content-Length': '204', 'Content-Type': 'application/json'} 
 body=b'{"nome": "printrun", "descricao": "Haskell is a standardized, general-purpose purely functional programming language, with non-strict semantics and strong static typing.", "preco": 44, "quantidade": 7809}' 
 </msg>
<msg timestamp="20220707 16:44:44.352" level="INFO">POST Response : url=http://localhost:3000/Produtos 
 status=201, reason=Created 
 headers={'Access-Control-Allow-Origin': '*', 'x-dns-prefetch-control': 'off', 'x-frame-options': 'SAMEORIGIN', 'strict-transport-security': 'max-age=15552000; includeSubDomains', 'x-download-options': 'noopen', 'x-content-type-options': 'nosniff', 'x-xss-protection': '1; mode=block', 'Content-Type': 'application/json; charset=utf-8', 'Content-Length': '82', 'Date': 'Thu, 07 Jul 2022 19:44:44 GMT', 'Connection': 'keep-alive', 'Keep-Alive': 'timeout=5'} 
 body={
    "message": "Cadastro realizado com sucesso",
    "_id": "sABnFhj7DZw8x0Yu"
} 
 </msg>
<msg timestamp="20220707 16:44:44.352" level="INFO">${response_time} = 0.00467</msg>
<msg timestamp="20220707 16:44:44.352" level="INFO">${response} = &lt;Response [201]&gt;</msg>
<msg timestamp="20220707 16:44:44.352" level="INFO">${response_body} = {'message': 'Cadastro realizado com sucesso', '_id': 'sABnFhj7DZw8x0Yu'}</msg>
<msg timestamp="20220707 16:44:44.361" level="INFO">POST Request : url=http://localhost:3000/Produtos 
 path_url=/Produtos 
 headers={'User-Agent': 'python-requests/2.28.1', 'Accept-Encoding': 'gzip, deflate', 'Accept': '*/*', 'Connection': 'keep-alive', 'Authorization': 'Bearer eyJhbGciOiJIUzI1NiIsInR5cCI6IkpXVCJ9.eyJlbWFpbCI6ImV2ZXJ5b25lYnlyZHBhdWxAZXhhbXBsZS5vcmciLCJwYXNzd29yZCI6IiZKQzJXOXZ6KVQiLCJpYXQiOjE2NTcyMjMwODQsImV4cCI6MTY1NzIyMzY4NH0.Ct7l_b2wSp3tWPU_KbE0BLZ12ttbFllzvszZQrsJwtE', 'monitor': 'false', 'Content-Length': '129', 'Content-Type': 'application/json'} 
 body=b'{"nome": "strokeaward", "descricao": "Ports are created with the built-in function open_port.", "preco": 791, "quantidade": 9872}' 
 </msg>
<msg timestamp="20220707 16:44:44.361" level="INFO">POST Response : url=http://localhost:3000/Produtos 
 status=201, reason=Created 
 headers={'Access-Control-Allow-Origin': '*', 'x-dns-prefetch-control': 'off', 'x-frame-options': 'SAMEORIGIN', 'strict-transport-security': 'max-age=15552000; includeSubDomains', 'x-download-options': 'noopen', 'x-content-type-options': 'nosniff', 'x-xss-protection': '1; mode=block', 'Content-Type': 'application/json; charset=utf-8', 'Content-Length': '82', 'Date': 'Thu, 07 Jul 2022 19:44:44 GMT', 'Connection': 'keep-alive', 'Keep-Alive': 'timeout=5'} 
 body={
    "message": "Cadastro realizado com sucesso",
    "_id": "moqU3elCmXhzQNE7"
} 
 </msg>
<msg timestamp="20220707 16:44:44.361" level="INFO">${response_time} = 0.006685</msg>
<msg timestamp="20220707 16:44:44.361" level="INFO">${response} = &lt;Response [201]&gt;</msg>
<msg timestamp="20220707 16:44:44.361" level="INFO">${response_body} = {'message': 'Cadastro realizado com sucesso', '_id': 'moqU3elCmXhzQNE7'}</msg>
<msg timestamp="20220707 16:44:44.367" level="INFO">POST Request : url=http://localhost:3000/Produtos 
 path_url=/Produtos 
 headers={'User-Agent': 'python-requests/2.28.1', 'Accept-Encoding': 'gzip, deflate', 'Accept': '*/*', 'Connection': 'keep-alive', 'Authorization': 'Bearer eyJhbGciOiJIUzI1NiIsInR5cCI6IkpXVCJ9.eyJlbWFpbCI6ImV2ZXJ5b25lYnlyZHBhdWxAZXhhbXBsZS5vcmciLCJwYXNzd29yZCI6IiZKQzJXOXZ6KVQiLCJpYXQiOjE2NTcyMjMwODQsImV4cCI6MTY1NzIyMzY4NH0.Ct7l_b2wSp3tWPU_KbE0BLZ12ttbFllzvszZQrsJwtE', 'monitor': 'false', 'Content-Length': '93', 'Content-Type': 'application/json'} 
 body=b'{"nome": "babiesrecord", "descricao": "I don\'t even care.", "preco": 105, "quantidade": 6537}' 
 </msg>
<msg timestamp="20220707 16:44:44.367" level="INFO">POST Response : url=http://localhost:3000/Produtos 
 status=201, reason=Created 
 headers={'Access-Control-Allow-Origin': '*', 'x-dns-prefetch-control': 'off', 'x-frame-options': 'SAMEORIGIN', 'strict-transport-security': 'max-age=15552000; includeSubDomains', 'x-download-options': 'noopen', 'x-content-type-options': 'nosniff', 'x-xss-protection': '1; mode=block', 'Content-Type': 'application/json; charset=utf-8', 'Content-Length': '82', 'Date': 'Thu, 07 Jul 2022 19:44:44 GMT', 'Connection': 'keep-alive', 'Keep-Alive': 'timeout=5'} 
 body={
    "message": "Cadastro realizado com sucesso",
    "_id": "p9vbvAKVBiGjdMa3"
} 
 </msg>
<msg timestamp="20220707 16:44:44.368" level="INFO">${response_time} = 0.004815</msg>
<msg timestamp="20220707 16:44:44.368" level="INFO">${response} = &lt;Response [201]&gt;</msg>
<msg timestamp="20220707 16:44:44.368" level="INFO">${response_body} = {'message': 'Cadastro realizado com sucesso', '_id': 'p9vbvAKVBiGjdMa3'}</msg>
<msg timestamp="20220707 16:44:44.375" level="INFO">POST Request : url=http://localhost:3000/Produtos 
 path_url=/Produtos 
 headers={'User-Agent': 'python-requests/2.28.1', 'Accept-Encoding': 'gzip, deflate', 'Accept': '*/*', 'Connection': 'keep-alive', 'Authorization': 'Bearer eyJhbGciOiJIUzI1NiIsInR5cCI6IkpXVCJ9.eyJlbWFpbCI6ImV2ZXJ5b25lYnlyZHBhdWxAZXhhbXBsZS5vcmciLCJwYXNzd29yZCI6IiZKQzJXOXZ6KVQiLCJpYXQiOjE2NTcyMjMwODQsImV4cCI6MTY1NzIyMzY4NH0.Ct7l_b2wSp3tWPU_KbE0BLZ12ttbFllzvszZQrsJwtE', 'monitor': 'false', 'Content-Length': '129', 'Content-Type': 'application/json'} 
 body=b'{"nome": "cspreparing", "descricao": "Ports are created with the built-in function open_port.", "preco": 489, "quantidade": 2113}' 
 </msg>
<msg timestamp="20220707 16:44:44.375" level="INFO">POST Response : url=http://localhost:3000/Produtos 
 status=201, reason=Created 
 headers={'Access-Control-Allow-Origin': '*', 'x-dns-prefetch-control': 'off', 'x-frame-options': 'SAMEORIGIN', 'strict-transport-security': 'max-age=15552000; includeSubDomains', 'x-download-options': 'noopen', 'x-content-type-options': 'nosniff', 'x-xss-protection': '1; mode=block', 'Content-Type': 'application/json; charset=utf-8', 'Content-Length': '82', 'Date': 'Thu, 07 Jul 2022 19:44:44 GMT', 'Connection': 'keep-alive', 'Keep-Alive': 'timeout=5'} 
 body={
    "message": "Cadastro realizado com sucesso",
    "_id": "vsSJKdjl4shzDP0J"
} 
 </msg>
<msg timestamp="20220707 16:44:44.375" level="INFO">${response_time} = 0.005516</msg>
<msg timestamp="20220707 16:44:44.375" level="INFO">${response} = &lt;Response [201]&gt;</msg>
<msg timestamp="20220707 16:44:44.375" level="INFO">${response_body} = {'message': 'Cadastro realizado com sucesso', '_id': 'vsSJKdjl4shzDP0J'}</msg>
<msg timestamp="20220707 16:44:44.381" level="INFO">POST Request : url=http://localhost:3000/Produtos 
 path_url=/Produtos 
 headers={'User-Agent': 'python-requests/2.28.1', 'Accept-Encoding': 'gzip, deflate', 'Accept': '*/*', 'Connection': 'keep-alive', 'Authorization': 'Bearer eyJhbGciOiJIUzI1NiIsInR5cCI6IkpXVCJ9.eyJlbWFpbCI6ImV2ZXJ5b25lYnlyZHBhdWxAZXhhbXBsZS5vcmciLCJwYXNzd29yZCI6IiZKQzJXOXZ6KVQiLCJpYXQiOjE2NTcyMjMwODQsImV4cCI6MTY1NzIyMzY4NH0.Ct7l_b2wSp3tWPU_KbE0BLZ12ttbFllzvszZQrsJwtE', 'monitor': 'false', 'Content-Length': '197', 'Content-Type': 'application/json'} 
 body=b'{"nome": "handlingrelative", "descricao": "The Galactic Empire is nearing completion of the Death Star, a space station with the power to destroy entire planets.", "preco": 724, "quantidade": 4155}' 
 </msg>
<msg timestamp="20220707 16:44:44.381" level="INFO">POST Response : url=http://localhost:3000/Produtos 
 status=201, reason=Created 
 headers={'Access-Control-Allow-Origin': '*', 'x-dns-prefetch-control': 'off', 'x-frame-options': 'SAMEORIGIN', 'strict-transport-security': 'max-age=15552000; includeSubDomains', 'x-download-options': 'noopen', 'x-content-type-options': 'nosniff', 'x-xss-protection': '1; mode=block', 'Content-Type': 'application/json; charset=utf-8', 'Content-Length': '82', 'Date': 'Thu, 07 Jul 2022 19:44:44 GMT', 'Connection': 'keep-alive', 'Keep-Alive': 'timeout=5'} 
 body={
    "message": "Cadastro realizado com sucesso",
    "_id": "F7MOExudaAn3auxK"
} 
 </msg>
<msg timestamp="20220707 16:44:44.382" level="INFO">${response_time} = 0.004502</msg>
<msg timestamp="20220707 16:44:44.382" level="INFO">${response} = &lt;Response [201]&gt;</msg>
<msg timestamp="20220707 16:44:44.382" level="INFO">${response_body} = {'message': 'Cadastro realizado com sucesso', '_id': 'F7MOExudaAn3auxK'}</msg>
<msg timestamp="20220707 16:44:44.390" level="INFO">POST Request : url=http://localhost:3000/Produtos 
 path_url=/Produtos 
 headers={'User-Agent': 'python-requests/2.28.1', 'Accept-Encoding': 'gzip, deflate', 'Accept': '*/*', 'Connection': 'keep-alive', 'Authorization': 'Bearer eyJhbGciOiJIUzI1NiIsInR5cCI6IkpXVCJ9.eyJlbWFpbCI6ImV2ZXJ5b25lYnlyZHBhdWxAZXhhbXBsZS5vcmciLCJwYXNzd29yZCI6IiZKQzJXOXZ6KVQiLCJpYXQiOjE2NTcyMjMwODQsImV4cCI6MTY1NzIyMzY4NH0.Ct7l_b2wSp3tWPU_KbE0BLZ12ttbFllzvszZQrsJwtE', 'monitor': 'false', 'Content-Length': '144', 'Content-Type': 'application/json'} 
 body=b'{"nome": "certificatesbooks", "descricao": "Type classes first appeared in the Haskell programming language.", "preco": 755, "quantidade": 3198}' 
 </msg>
<msg timestamp="20220707 16:44:44.390" level="INFO">POST Response : url=http://localhost:3000/Produtos 
 status=201, reason=Created 
 headers={'Access-Control-Allow-Origin': '*', 'x-dns-prefetch-control': 'off', 'x-frame-options': 'SAMEORIGIN', 'strict-transport-security': 'max-age=15552000; includeSubDomains', 'x-download-options': 'noopen', 'x-content-type-options': 'nosniff', 'x-xss-protection': '1; mode=block', 'Content-Type': 'application/json; charset=utf-8', 'Content-Length': '82', 'Date': 'Thu, 07 Jul 2022 19:44:44 GMT', 'Connection': 'keep-alive', 'Keep-Alive': 'timeout=5'} 
 body={
    "message": "Cadastro realizado com sucesso",
    "_id": "Xauzf08jOoFJL52S"
} 
 </msg>
<msg timestamp="20220707 16:44:44.390" level="INFO">${response_time} = 0.00649</msg>
<msg timestamp="20220707 16:44:44.390" level="INFO">${response} = &lt;Response [201]&gt;</msg>
<msg timestamp="20220707 16:44:44.390" level="INFO">${response_body} = {'message': 'Cadastro realizado com sucesso', '_id': 'Xauzf08jOoFJL52S'}</msg>
<msg timestamp="20220707 16:44:44.397" level="INFO">POST Request : url=http://localhost:3000/Produtos 
 path_url=/Produtos 
 headers={'User-Agent': 'python-requests/2.28.1', 'Accept-Encoding': 'gzip, deflate', 'Accept': '*/*', 'Connection': 'keep-alive', 'Authorization': 'Bearer eyJhbGciOiJIUzI1NiIsInR5cCI6IkpXVCJ9.eyJlbWFpbCI6ImV2ZXJ5b25lYnlyZHBhdWxAZXhhbXBsZS5vcmciLCJwYXNzd29yZCI6IiZKQzJXOXZ6KVQiLCJpYXQiOjE2NTcyMjMwODQsImV4cCI6MTY1NzIyMzY4NH0.Ct7l_b2wSp3tWPU_KbE0BLZ12ttbFllzvszZQrsJwtE', 'monitor': 'false', 'Content-Length': '148', 'Content-Type': 'application/json'} 
 body=b'{"nome": "pcfederal", "descricao": "The syntax {D1,D2,...,Dn} denotes a tuple whose arguments are D1, D2, ... Dn.", "preco": 49, "quantidade": 8117}' 
 </msg>
<msg timestamp="20220707 16:44:44.397" level="INFO">POST Response : url=http://localhost:3000/Produtos 
 status=201, reason=Created 
 headers={'Access-Control-Allow-Origin': '*', 'x-dns-prefetch-control': 'off', 'x-frame-options': 'SAMEORIGIN', 'strict-transport-security': 'max-age=15552000; includeSubDomains', 'x-download-options': 'noopen', 'x-content-type-options': 'nosniff', 'x-xss-protection': '1; mode=block', 'Content-Type': 'application/json; charset=utf-8', 'Content-Length': '82', 'Date': 'Thu, 07 Jul 2022 19:44:44 GMT', 'Connection': 'keep-alive', 'Keep-Alive': 'timeout=5'} 
 body={
    "message": "Cadastro realizado com sucesso",
    "_id": "gHg92QlUYpx9sWrL"
} 
 </msg>
<msg timestamp="20220707 16:44:44.397" level="INFO">${response_time} = 0.004983</msg>
<msg timestamp="20220707 16:44:44.397" level="INFO">${response} = &lt;Response [201]&gt;</msg>
<msg timestamp="20220707 16:44:44.397" level="INFO">${response_body} = {'message': 'Cadastro realizado com sucesso', '_id': 'gHg92QlUYpx9sWrL'}</msg>
<msg timestamp="20220707 16:44:44.403" level="INFO">POST Request : url=http://localhost:3000/Produtos 
 path_url=/Produtos 
 headers={'User-Agent': 'python-requests/2.28.1', 'Accept-Encoding': 'gzip, deflate', 'Accept': '*/*', 'Connection': 'keep-alive', 'Authorization': 'Bearer eyJhbGciOiJIUzI1NiIsInR5cCI6IkpXVCJ9.eyJlbWFpbCI6ImV2ZXJ5b25lYnlyZHBhdWxAZXhhbXBsZS5vcmciLCJwYXNzd29yZCI6IiZKQzJXOXZ6KVQiLCJpYXQiOjE2NTcyMjMwODQsImV4cCI6MTY1NzIyMzY4NH0.Ct7l_b2wSp3tWPU_KbE0BLZ12ttbFllzvszZQrsJwtE', 'monitor': 'false', 'Content-Length': '144', 'Content-Type': 'application/json'} 
 body=b'{"nome": "placementpursuant", "descricao": "Erlang is known for its designs that are well suited for systems.", "preco": 37, "quantidade": 4107}' 
 </msg>
<msg timestamp="20220707 16:44:44.403" level="INFO">POST Response : url=http://localhost:3000/Produtos 
 status=201, reason=Created 
 headers={'Access-Control-Allow-Origin': '*', 'x-dns-prefetch-control': 'off', 'x-frame-options': 'SAMEORIGIN', 'strict-transport-security': 'max-age=15552000; includeSubDomains', 'x-download-options': 'noopen', 'x-content-type-options': 'nosniff', 'x-xss-protection': '1; mode=block', 'Content-Type': 'application/json; charset=utf-8', 'Content-Length': '82', 'Date': 'Thu, 07 Jul 2022 19:44:44 GMT', 'Connection': 'keep-alive', 'Keep-Alive': 'timeout=5'} 
 body={
    "message": "Cadastro realizado com sucesso",
    "_id": "iyk1JUN90Q9aNV1V"
} 
 </msg>
<msg timestamp="20220707 16:44:44.404" level="INFO">${response_time} = 0.004481</msg>
<msg timestamp="20220707 16:44:44.404" level="INFO">${response} = &lt;Response [201]&gt;</msg>
<msg timestamp="20220707 16:44:44.404" level="INFO">${response_body} = {'message': 'Cadastro realizado com sucesso', '_id': 'iyk1JUN90Q9aNV1V'}</msg>
<msg timestamp="20220707 16:44:44.410" level="INFO">POST Request : url=http://localhost:3000/Produtos 
 path_url=/Produtos 
 headers={'User-Agent': 'python-requests/2.28.1', 'Accept-Encoding': 'gzip, deflate', 'Accept': '*/*', 'Connection': 'keep-alive', 'Authorization': 'Bearer eyJhbGciOiJIUzI1NiIsInR5cCI6IkpXVCJ9.eyJlbWFpbCI6ImV2ZXJ5b25lYnlyZHBhdWxAZXhhbXBsZS5vcmciLCJwYXNzd29yZCI6IiZKQzJXOXZ6KVQiLCJpYXQiOjE2NTcyMjMwODQsImV4cCI6MTY1NzIyMzY4NH0.Ct7l_b2wSp3tWPU_KbE0BLZ12ttbFllzvszZQrsJwtE', 'monitor': 'false', 'Content-Length': '201', 'Content-Type': 'application/json'} 
 body=b'{"nome": "nflkaren", "descricao": "Initially composing light-hearted and irreverent works, he also wrote serious, sombre and religious pieces beginning in the 1930s.", "preco": 896, "quantidade": 6504}' 
 </msg>
<msg timestamp="20220707 16:44:44.410" level="INFO">POST Response : url=http://localhost:3000/Produtos 
 status=201, reason=Created 
 headers={'Access-Control-Allow-Origin': '*', 'x-dns-prefetch-control': 'off', 'x-frame-options': 'SAMEORIGIN', 'strict-transport-security': 'max-age=15552000; includeSubDomains', 'x-download-options': 'noopen', 'x-content-type-options': 'nosniff', 'x-xss-protection': '1; mode=block', 'Content-Type': 'application/json; charset=utf-8', 'Content-Length': '82', 'Date': 'Thu, 07 Jul 2022 19:44:44 GMT', 'Connection': 'keep-alive', 'Keep-Alive': 'timeout=5'} 
 body={
    "message": "Cadastro realizado com sucesso",
    "_id": "nJr64B4TLzNlH7Zw"
} 
 </msg>
<msg timestamp="20220707 16:44:44.410" level="INFO">${response_time} = 0.004841</msg>
<msg timestamp="20220707 16:44:44.411" level="INFO">${response} = &lt;Response [201]&gt;</msg>
<msg timestamp="20220707 16:44:44.411" level="INFO">${response_body} = {'message': 'Cadastro realizado com sucesso', '_id': 'nJr64B4TLzNlH7Zw'}</msg>
<msg timestamp="20220707 16:44:44.417" level="INFO">POST Request : url=http://localhost:3000/Produtos 
 path_url=/Produtos 
 headers={'User-Agent': 'python-requests/2.28.1', 'Accept-Encoding': 'gzip, deflate', 'Accept': '*/*', 'Connection': 'keep-alive', 'Authorization': 'Bearer eyJhbGciOiJIUzI1NiIsInR5cCI6IkpXVCJ9.eyJlbWFpbCI6ImV2ZXJ5b25lYnlyZHBhdWxAZXhhbXBsZS5vcmciLCJwYXNzd29yZCI6IiZKQzJXOXZ6KVQiLCJpYXQiOjE2NTcyMjMwODQsImV4cCI6MTY1NzIyMzY4NH0.Ct7l_b2wSp3tWPU_KbE0BLZ12ttbFllzvszZQrsJwtE', 'monitor': 'false', 'Content-Length': '99', 'Content-Type': 'application/json'} 
 body=b'{"nome": "forumairlines", "descricao": "Do you come here often?", "preco": 800, "quantidade": 2326}' 
 </msg>
<msg timestamp="20220707 16:44:44.417" level="INFO">POST Response : url=http://localhost:3000/Produtos 
 status=201, reason=Created 
 headers={'Access-Control-Allow-Origin': '*', 'x-dns-prefetch-control': 'off', 'x-frame-options': 'SAMEORIGIN', 'strict-transport-security': 'max-age=15552000; includeSubDomains', 'x-download-options': 'noopen', 'x-content-type-options': 'nosniff', 'x-xss-protection': '1; mode=block', 'Content-Type': 'application/json; charset=utf-8', 'Content-Length': '82', 'Date': 'Thu, 07 Jul 2022 19:44:44 GMT', 'Connection': 'keep-alive', 'Keep-Alive': 'timeout=5'} 
 body={
    "message": "Cadastro realizado com sucesso",
    "_id": "ivdc3F0uRVfsMkQN"
} 
 </msg>
<msg timestamp="20220707 16:44:44.417" level="INFO">${response_time} = 0.005148</msg>
<msg timestamp="20220707 16:44:44.418" level="INFO">${response} = &lt;Response [201]&gt;</msg>
<msg timestamp="20220707 16:44:44.418" level="INFO">${response_body} = {'message': 'Cadastro realizado com sucesso', '_id': 'ivdc3F0uRVfsMkQN'}</msg>
<msg timestamp="20220707 16:44:44.426" level="INFO">POST Request : url=http://localhost:3000/Produtos 
 path_url=/Produtos 
 headers={'User-Agent': 'python-requests/2.28.1', 'Accept-Encoding': 'gzip, deflate', 'Accept': '*/*', 'Connection': 'keep-alive', 'Authorization': 'Bearer eyJhbGciOiJIUzI1NiIsInR5cCI6IkpXVCJ9.eyJlbWFpbCI6ImV2ZXJ5b25lYnlyZHBhdWxAZXhhbXBsZS5vcmciLCJwYXNzd29yZCI6IiZKQzJXOXZ6KVQiLCJpYXQiOjE2NTcyMjMwODQsImV4cCI6MTY1NzIyMzY4NH0.Ct7l_b2wSp3tWPU_KbE0BLZ12ttbFllzvszZQrsJwtE', 'monitor': 'false', 'Content-Length': '187', 'Content-Type': 'application/json'} 
 body=b'{"nome": "pharmaceuticalseeing", "descricao": "They are written as strings of consecutive alphanumeric characters, the first character being lowercase.", "preco": 316, "quantidade": 3168}' 
 </msg>
<msg timestamp="20220707 16:44:44.426" level="INFO">POST Response : url=http://localhost:3000/Produtos 
 status=201, reason=Created 
 headers={'Access-Control-Allow-Origin': '*', 'x-dns-prefetch-control': 'off', 'x-frame-options': 'SAMEORIGIN', 'strict-transport-security': 'max-age=15552000; includeSubDomains', 'x-download-options': 'noopen', 'x-content-type-options': 'nosniff', 'x-xss-protection': '1; mode=block', 'Content-Type': 'application/json; charset=utf-8', 'Content-Length': '82', 'Date': 'Thu, 07 Jul 2022 19:44:44 GMT', 'Connection': 'keep-alive', 'Keep-Alive': 'timeout=5'} 
 body={
    "message": "Cadastro realizado com sucesso",
    "_id": "O3O60ku6tExQ8qvB"
} 
 </msg>
<msg timestamp="20220707 16:44:44.426" level="INFO">${response_time} = 0.006697</msg>
<msg timestamp="20220707 16:44:44.426" level="INFO">${response} = &lt;Response [201]&gt;</msg>
<msg timestamp="20220707 16:44:44.426" level="INFO">${response_body} = {'message': 'Cadastro realizado com sucesso', '_id': 'O3O60ku6tExQ8qvB'}</msg>
<msg timestamp="20220707 16:44:44.432" level="INFO">POST Request : url=http://localhost:3000/Produtos 
 path_url=/Produtos 
 headers={'User-Agent': 'python-requests/2.28.1', 'Accept-Encoding': 'gzip, deflate', 'Accept': '*/*', 'Connection': 'keep-alive', 'Authorization': 'Bearer eyJhbGciOiJIUzI1NiIsInR5cCI6IkpXVCJ9.eyJlbWFpbCI6ImV2ZXJ5b25lYnlyZHBhdWxAZXhhbXBsZS5vcmciLCJwYXNzd29yZCI6IiZKQzJXOXZ6KVQiLCJpYXQiOjE2NTcyMjMwODQsImV4cCI6MTY1NzIyMzY4NH0.Ct7l_b2wSp3tWPU_KbE0BLZ12ttbFllzvszZQrsJwtE', 'monitor': 'false', 'Content-Length': '183', 'Content-Type': 'application/json'} 
 body=b'{"nome": "tuneunited", "descricao": "Messages can be sent to and received from ports, but these messages must obey the so-called \\"port protocol.\\"", "preco": 201, "quantidade": 7488}' 
 </msg>
<msg timestamp="20220707 16:44:44.432" level="INFO">POST Response : url=http://localhost:3000/Produtos 
 status=201, reason=Created 
 headers={'Access-Control-Allow-Origin': '*', 'x-dns-prefetch-control': 'off', 'x-frame-options': 'SAMEORIGIN', 'strict-transport-security': 'max-age=15552000; includeSubDomains', 'x-download-options': 'noopen', 'x-content-type-options': 'nosniff', 'x-xss-protection': '1; mode=block', 'Content-Type': 'application/json; charset=utf-8', 'Content-Length': '82', 'Date': 'Thu, 07 Jul 2022 19:44:44 GMT', 'Connection': 'keep-alive', 'Keep-Alive': 'timeout=5'} 
 body={
    "message": "Cadastro realizado com sucesso",
    "_id": "MjaEuUR7ymwl6ij2"
} 
 </msg>
<msg timestamp="20220707 16:44:44.432" level="INFO">${response_time} = 0.0047</msg>
<msg timestamp="20220707 16:44:44.432" level="INFO">${response} = &lt;Response [201]&gt;</msg>
<msg timestamp="20220707 16:44:44.433" level="INFO">${response_body} = {'message': 'Cadastro realizado com sucesso', '_id': 'MjaEuUR7ymwl6ij2'}</msg>
<msg timestamp="20220707 16:44:44.440" level="INFO">POST Request : url=http://localhost:3000/Produtos 
 path_url=/Produtos 
 headers={'User-Agent': 'python-requests/2.28.1', 'Accept-Encoding': 'gzip, deflate', 'Accept': '*/*', 'Connection': 'keep-alive', 'Authorization': 'Bearer eyJhbGciOiJIUzI1NiIsInR5cCI6IkpXVCJ9.eyJlbWFpbCI6ImV2ZXJ5b25lYnlyZHBhdWxAZXhhbXBsZS5vcmciLCJwYXNzd29yZCI6IiZKQzJXOXZ6KVQiLCJpYXQiOjE2NTcyMjMwODQsImV4cCI6MTY1NzIyMzY4NH0.Ct7l_b2wSp3tWPU_KbE0BLZ12ttbFllzvszZQrsJwtE', 'monitor': 'false', 'Content-Length': '190', 'Content-Type': 'application/json'} 
 body=b'{"nome": "worthmore", "descricao": "The Galactic Empire is nearing completion of the Death Star, a space station with the power to destroy entire planets.", "preco": 599, "quantidade": 7441}' 
 </msg>
<msg timestamp="20220707 16:44:44.440" level="INFO">POST Response : url=http://localhost:3000/Produtos 
 status=201, reason=Created 
 headers={'Access-Control-Allow-Origin': '*', 'x-dns-prefetch-control': 'off', 'x-frame-options': 'SAMEORIGIN', 'strict-transport-security': 'max-age=15552000; includeSubDomains', 'x-download-options': 'noopen', 'x-content-type-options': 'nosniff', 'x-xss-protection': '1; mode=block', 'Content-Type': 'application/json; charset=utf-8', 'Content-Length': '82', 'Date': 'Thu, 07 Jul 2022 19:44:44 GMT', 'Connection': 'keep-alive', 'Keep-Alive': 'timeout=5'} 
 body={
    "message": "Cadastro realizado com sucesso",
    "_id": "Ug6S18V7f3QmCNQK"
} 
 </msg>
<msg timestamp="20220707 16:44:44.441" level="INFO">${response_time} = 0.006404</msg>
<msg timestamp="20220707 16:44:44.441" level="INFO">${response} = &lt;Response [201]&gt;</msg>
<msg timestamp="20220707 16:44:44.441" level="INFO">${response_body} = {'message': 'Cadastro realizado com sucesso', '_id': 'Ug6S18V7f3QmCNQK'}</msg>
<msg timestamp="20220707 16:44:44.447" level="INFO">POST Request : url=http://localhost:3000/Produtos 
 path_url=/Produtos 
 headers={'User-Agent': 'python-requests/2.28.1', 'Accept-Encoding': 'gzip, deflate', 'Accept': '*/*', 'Connection': 'keep-alive', 'Authorization': 'Bearer eyJhbGciOiJIUzI1NiIsInR5cCI6IkpXVCJ9.eyJlbWFpbCI6ImV2ZXJ5b25lYnlyZHBhdWxAZXhhbXBsZS5vcmciLCJwYXNzd29yZCI6IiZKQzJXOXZ6KVQiLCJpYXQiOjE2NTcyMjMwODQsImV4cCI6MTY1NzIyMzY4NH0.Ct7l_b2wSp3tWPU_KbE0BLZ12ttbFllzvszZQrsJwtE', 'monitor': 'false', 'Content-Length': '130', 'Content-Type': 'application/json'} 
 body=b'{"nome": "effectslake", "descricao": "Any element of a tuple can be accessed in constant time.", "preco": 873, "quantidade": 8839}' 
 </msg>
<msg timestamp="20220707 16:44:44.447" level="INFO">POST Response : url=http://localhost:3000/Produtos 
 status=201, reason=Created 
 headers={'Access-Control-Allow-Origin': '*', 'x-dns-prefetch-control': 'off', 'x-frame-options': 'SAMEORIGIN', 'strict-transport-security': 'max-age=15552000; includeSubDomains', 'x-download-options': 'noopen', 'x-content-type-options': 'nosniff', 'x-xss-protection': '1; mode=block', 'Content-Type': 'application/json; charset=utf-8', 'Content-Length': '82', 'Date': 'Thu, 07 Jul 2022 19:44:44 GMT', 'Connection': 'keep-alive', 'Keep-Alive': 'timeout=5'} 
 body={
    "message": "Cadastro realizado com sucesso",
    "_id": "KrPF465EJhkmeq6f"
} 
 </msg>
<msg timestamp="20220707 16:44:44.447" level="INFO">${response_time} = 0.004459</msg>
<msg timestamp="20220707 16:44:44.447" level="INFO">${response} = &lt;Response [201]&gt;</msg>
<msg timestamp="20220707 16:44:44.447" level="INFO">${response_body} = {'message': 'Cadastro realizado com sucesso', '_id': 'KrPF465EJhkmeq6f'}</msg>
<msg timestamp="20220707 16:44:44.453" level="INFO">POST Request : url=http://localhost:3000/Produtos 
 path_url=/Produtos 
 headers={'User-Agent': 'python-requests/2.28.1', 'Accept-Encoding': 'gzip, deflate', 'Accept': '*/*', 'Connection': 'keep-alive', 'Authorization': 'Bearer eyJhbGciOiJIUzI1NiIsInR5cCI6IkpXVCJ9.eyJlbWFpbCI6ImV2ZXJ5b25lYnlyZHBhdWxAZXhhbXBsZS5vcmciLCJwYXNzd29yZCI6IiZKQzJXOXZ6KVQiLCJpYXQiOjE2NTcyMjMwODQsImV4cCI6MTY1NzIyMzY4NH0.Ct7l_b2wSp3tWPU_KbE0BLZ12ttbFllzvszZQrsJwtE', 'monitor': 'false', 'Content-Length': '138', 'Content-Type': 'application/json'} 
 body=b'{"nome": "marshallpersonality", "descricao": "Any element of a tuple can be accessed in constant time.", "preco": 351, "quantidade": 5493}' 
 </msg>
<msg timestamp="20220707 16:44:44.453" level="INFO">POST Response : url=http://localhost:3000/Produtos 
 status=201, reason=Created 
 headers={'Access-Control-Allow-Origin': '*', 'x-dns-prefetch-control': 'off', 'x-frame-options': 'SAMEORIGIN', 'strict-transport-security': 'max-age=15552000; includeSubDomains', 'x-download-options': 'noopen', 'x-content-type-options': 'nosniff', 'x-xss-protection': '1; mode=block', 'Content-Type': 'application/json; charset=utf-8', 'Content-Length': '82', 'Date': 'Thu, 07 Jul 2022 19:44:44 GMT', 'Connection': 'keep-alive', 'Keep-Alive': 'timeout=5'} 
 body={
    "message": "Cadastro realizado com sucesso",
    "_id": "IdCT5oOpzR6MJRIZ"
} 
 </msg>
<msg timestamp="20220707 16:44:44.454" level="INFO">${response_time} = 0.004447</msg>
<msg timestamp="20220707 16:44:44.454" level="INFO">${response} = &lt;Response [201]&gt;</msg>
<msg timestamp="20220707 16:44:44.454" level="INFO">${response_body} = {'message': 'Cadastro realizado com sucesso', '_id': 'IdCT5oOpzR6MJRIZ'}</msg>
<msg timestamp="20220707 16:44:44.460" level="INFO">POST Request : url=http://localhost:3000/Produtos 
 path_url=/Produtos 
 headers={'User-Agent': 'python-requests/2.28.1', 'Accept-Encoding': 'gzip, deflate', 'Accept': '*/*', 'Connection': 'keep-alive', 'Authorization': 'Bearer eyJhbGciOiJIUzI1NiIsInR5cCI6IkpXVCJ9.eyJlbWFpbCI6ImV2ZXJ5b25lYnlyZHBhdWxAZXhhbXBsZS5vcmciLCJwYXNzd29yZCI6IiZKQzJXOXZ6KVQiLCJpYXQiOjE2NTcyMjMwODQsImV4cCI6MTY1NzIyMzY4NH0.Ct7l_b2wSp3tWPU_KbE0BLZ12ttbFllzvszZQrsJwtE', 'monitor': 'false', 'Content-Length': '123', 'Content-Type': 'application/json'} 
 body=b'{"nome": "russianholiday", "descricao": "It is also a garbage-collected runtime system.", "preco": 147, "quantidade": 6442}' 
 </msg>
<msg timestamp="20220707 16:44:44.461" level="INFO">POST Response : url=http://localhost:3000/Produtos 
 status=201, reason=Created 
 headers={'Access-Control-Allow-Origin': '*', 'x-dns-prefetch-control': 'off', 'x-frame-options': 'SAMEORIGIN', 'strict-transport-security': 'max-age=15552000; includeSubDomains', 'x-download-options': 'noopen', 'x-content-type-options': 'nosniff', 'x-xss-protection': '1; mode=block', 'Content-Type': 'application/json; charset=utf-8', 'Content-Length': '82', 'Date': 'Thu, 07 Jul 2022 19:44:44 GMT', 'Connection': 'keep-alive', 'Keep-Alive': 'timeout=5'} 
 body={
    "message": "Cadastro realizado com sucesso",
    "_id": "lD67G89csT2fIQ26"
} 
 </msg>
<msg timestamp="20220707 16:44:44.461" level="INFO">${response_time} = 0.004874</msg>
<msg timestamp="20220707 16:44:44.461" level="INFO">${response} = &lt;Response [201]&gt;</msg>
<msg timestamp="20220707 16:44:44.461" level="INFO">${response_body} = {'message': 'Cadastro realizado com sucesso', '_id': 'lD67G89csT2fIQ26'}</msg>
<msg timestamp="20220707 16:44:44.467" level="INFO">POST Request : url=http://localhost:3000/Produtos 
 path_url=/Produtos 
 headers={'User-Agent': 'python-requests/2.28.1', 'Accept-Encoding': 'gzip, deflate', 'Accept': '*/*', 'Connection': 'keep-alive', 'Authorization': 'Bearer eyJhbGciOiJIUzI1NiIsInR5cCI6IkpXVCJ9.eyJlbWFpbCI6ImV2ZXJ5b25lYnlyZHBhdWxAZXhhbXBsZS5vcmciLCJwYXNzd29yZCI6IiZKQzJXOXZ6KVQiLCJpYXQiOjE2NTcyMjMwODQsImV4cCI6MTY1NzIyMzY4NH0.Ct7l_b2wSp3tWPU_KbE0BLZ12ttbFllzvszZQrsJwtE', 'monitor': 'false', 'Content-Length': '105', 'Content-Type': 'application/json'} 
 body=b'{"nome": "driversparticularly", "descricao": "Do you come here often?", "preco": 467, "quantidade": 9707}' 
 </msg>
<msg timestamp="20220707 16:44:44.467" level="INFO">POST Response : url=http://localhost:3000/Produtos 
 status=201, reason=Created 
 headers={'Access-Control-Allow-Origin': '*', 'x-dns-prefetch-control': 'off', 'x-frame-options': 'SAMEORIGIN', 'strict-transport-security': 'max-age=15552000; includeSubDomains', 'x-download-options': 'noopen', 'x-content-type-options': 'nosniff', 'x-xss-protection': '1; mode=block', 'Content-Type': 'application/json; charset=utf-8', 'Content-Length': '82', 'Date': 'Thu, 07 Jul 2022 19:44:44 GMT', 'Connection': 'keep-alive', 'Keep-Alive': 'timeout=5'} 
 body={
    "message": "Cadastro realizado com sucesso",
    "_id": "MI4BGYoEDH7qjHWs"
} 
 </msg>
<msg timestamp="20220707 16:44:44.467" level="INFO">${response_time} = 0.004466</msg>
<msg timestamp="20220707 16:44:44.468" level="INFO">${response} = &lt;Response [201]&gt;</msg>
<msg timestamp="20220707 16:44:44.468" level="INFO">${response_body} = {'message': 'Cadastro realizado com sucesso', '_id': 'MI4BGYoEDH7qjHWs'}</msg>
<msg timestamp="20220707 16:44:44.474" level="INFO">POST Request : url=http://localhost:3000/Produtos 
 path_url=/Produtos 
 headers={'User-Agent': 'python-requests/2.28.1', 'Accept-Encoding': 'gzip, deflate', 'Accept': '*/*', 'Connection': 'keep-alive', 'Authorization': 'Bearer eyJhbGciOiJIUzI1NiIsInR5cCI6IkpXVCJ9.eyJlbWFpbCI6ImV2ZXJ5b25lYnlyZHBhdWxAZXhhbXBsZS5vcmciLCJwYXNzd29yZCI6IiZKQzJXOXZ6KVQiLCJpYXQiOjE2NTcyMjMwODQsImV4cCI6MTY1NzIyMzY4NH0.Ct7l_b2wSp3tWPU_KbE0BLZ12ttbFllzvszZQrsJwtE', 'monitor': 'false', 'Content-Length': '148', 'Content-Type': 'application/json'} 
 body=b'{"nome": "drivessc", "descricao": "The syntax {D1,D2,...,Dn} denotes a tuple whose arguments are D1, D2, ... Dn.", "preco": 964, "quantidade": 5467}' 
 </msg>
<msg timestamp="20220707 16:44:44.475" level="INFO">POST Response : url=http://localhost:3000/Produtos 
 status=201, reason=Created 
 headers={'Access-Control-Allow-Origin': '*', 'x-dns-prefetch-control': 'off', 'x-frame-options': 'SAMEORIGIN', 'strict-transport-security': 'max-age=15552000; includeSubDomains', 'x-download-options': 'noopen', 'x-content-type-options': 'nosniff', 'x-xss-protection': '1; mode=block', 'Content-Type': 'application/json; charset=utf-8', 'Content-Length': '82', 'Date': 'Thu, 07 Jul 2022 19:44:44 GMT', 'Connection': 'keep-alive', 'Keep-Alive': 'timeout=5'} 
 body={
    "message": "Cadastro realizado com sucesso",
    "_id": "cquMXB5rfb6pJ8WH"
} 
 </msg>
<msg timestamp="20220707 16:44:44.475" level="INFO">${response_time} = 0.005401</msg>
<msg timestamp="20220707 16:44:44.475" level="INFO">${response} = &lt;Response [201]&gt;</msg>
<msg timestamp="20220707 16:44:44.475" level="INFO">${response_body} = {'message': 'Cadastro realizado com sucesso', '_id': 'cquMXB5rfb6pJ8WH'}</msg>
<msg timestamp="20220707 16:44:44.481" level="INFO">POST Request : url=http://localhost:3000/Produtos 
 path_url=/Produtos 
 headers={'User-Agent': 'python-requests/2.28.1', 'Accept-Encoding': 'gzip, deflate', 'Accept': '*/*', 'Connection': 'keep-alive', 'Authorization': 'Bearer eyJhbGciOiJIUzI1NiIsInR5cCI6IkpXVCJ9.eyJlbWFpbCI6ImV2ZXJ5b25lYnlyZHBhdWxAZXhhbXBsZS5vcmciLCJwYXNzd29yZCI6IiZKQzJXOXZ6KVQiLCJpYXQiOjE2NTcyMjMwODQsImV4cCI6MTY1NzIyMzY4NH0.Ct7l_b2wSp3tWPU_KbE0BLZ12ttbFllzvszZQrsJwtE', 'monitor': 'false', 'Content-Length': '142', 'Content-Type': 'application/json'} 
 body=b'{"nome": "billiondocument", "descricao": "Type classes first appeared in the Haskell programming language.", "preco": 195, "quantidade": 5147}' 
 </msg>
<msg timestamp="20220707 16:44:44.481" level="INFO">POST Response : url=http://localhost:3000/Produtos 
 status=201, reason=Created 
 headers={'Access-Control-Allow-Origin': '*', 'x-dns-prefetch-control': 'off', 'x-frame-options': 'SAMEORIGIN', 'strict-transport-security': 'max-age=15552000; includeSubDomains', 'x-download-options': 'noopen', 'x-content-type-options': 'nosniff', 'x-xss-protection': '1; mode=block', 'Content-Type': 'application/json; charset=utf-8', 'Content-Length': '82', 'Date': 'Thu, 07 Jul 2022 19:44:44 GMT', 'Connection': 'keep-alive', 'Keep-Alive': 'timeout=5'} 
 body={
    "message": "Cadastro realizado com sucesso",
    "_id": "F3dSYPgokGgcGleu"
} 
 </msg>
<msg timestamp="20220707 16:44:44.481" level="INFO">${response_time} = 0.004404</msg>
<msg timestamp="20220707 16:44:44.481" level="INFO">${response} = &lt;Response [201]&gt;</msg>
<msg timestamp="20220707 16:44:44.481" level="INFO">${response_body} = {'message': 'Cadastro realizado com sucesso', '_id': 'F3dSYPgokGgcGleu'}</msg>
<msg timestamp="20220707 16:44:44.487" level="INFO">POST Request : url=http://localhost:3000/Produtos 
 path_url=/Produtos 
 headers={'User-Agent': 'python-requests/2.28.1', 'Accept-Encoding': 'gzip, deflate', 'Accept': '*/*', 'Connection': 'keep-alive', 'Authorization': 'Bearer eyJhbGciOiJIUzI1NiIsInR5cCI6IkpXVCJ9.eyJlbWFpbCI6ImV2ZXJ5b25lYnlyZHBhdWxAZXhhbXBsZS5vcmciLCJwYXNzd29yZCI6IiZKQzJXOXZ6KVQiLCJpYXQiOjE2NTcyMjMwODQsImV4cCI6MTY1NzIyMzY4NH0.Ct7l_b2wSp3tWPU_KbE0BLZ12ttbFllzvszZQrsJwtE', 'monitor': 'false', 'Content-Length': '149', 'Content-Type': 'application/json'} 
 body=b'{"nome": "naturallyforce", "descricao": "Erlang is a general-purpose, concurrent, functional programming language.", "preco": 98, "quantidade": 8515}' 
 </msg>
<msg timestamp="20220707 16:44:44.488" level="INFO">POST Response : url=http://localhost:3000/Produtos 
 status=201, reason=Created 
 headers={'Access-Control-Allow-Origin': '*', 'x-dns-prefetch-control': 'off', 'x-frame-options': 'SAMEORIGIN', 'strict-transport-security': 'max-age=15552000; includeSubDomains', 'x-download-options': 'noopen', 'x-content-type-options': 'nosniff', 'x-xss-protection': '1; mode=block', 'Content-Type': 'application/json; charset=utf-8', 'Content-Length': '82', 'Date': 'Thu, 07 Jul 2022 19:44:44 GMT', 'Connection': 'keep-alive', 'Keep-Alive': 'timeout=5'} 
 body={
    "message": "Cadastro realizado com sucesso",
    "_id": "zMMiL7VA6VHf1tYH"
} 
 </msg>
<msg timestamp="20220707 16:44:44.488" level="INFO">${response_time} = 0.004588</msg>
<msg timestamp="20220707 16:44:44.488" level="INFO">${response} = &lt;Response [201]&gt;</msg>
<msg timestamp="20220707 16:44:44.488" level="INFO">${response_body} = {'message': 'Cadastro realizado com sucesso', '_id': 'zMMiL7VA6VHf1tYH'}</msg>
<msg timestamp="20220707 16:44:44.495" level="INFO">POST Request : url=http://localhost:3000/Produtos 
 path_url=/Produtos 
 headers={'User-Agent': 'python-requests/2.28.1', 'Accept-Encoding': 'gzip, deflate', 'Accept': '*/*', 'Connection': 'keep-alive', 'Authorization': 'Bearer eyJhbGciOiJIUzI1NiIsInR5cCI6IkpXVCJ9.eyJlbWFpbCI6ImV2ZXJ5b25lYnlyZHBhdWxAZXhhbXBsZS5vcmciLCJwYXNzd29yZCI6IiZKQzJXOXZ6KVQiLCJpYXQiOjE2NTcyMjMwODQsImV4cCI6MTY1NzIyMzY4NH0.Ct7l_b2wSp3tWPU_KbE0BLZ12ttbFllzvszZQrsJwtE', 'monitor': 'false', 'Content-Length': '193', 'Content-Type': 'application/json'} 
 body=b'{"nome": "rubberfucked", "descricao": "The Galactic Empire is nearing completion of the Death Star, a space station with the power to destroy entire planets.", "preco": 274, "quantidade": 8399}' 
 </msg>
<msg timestamp="20220707 16:44:44.495" level="INFO">POST Response : url=http://localhost:3000/Produtos 
 status=201, reason=Created 
 headers={'Access-Control-Allow-Origin': '*', 'x-dns-prefetch-control': 'off', 'x-frame-options': 'SAMEORIGIN', 'strict-transport-security': 'max-age=15552000; includeSubDomains', 'x-download-options': 'noopen', 'x-content-type-options': 'nosniff', 'x-xss-protection': '1; mode=block', 'Content-Type': 'application/json; charset=utf-8', 'Content-Length': '82', 'Date': 'Thu, 07 Jul 2022 19:44:44 GMT', 'Connection': 'keep-alive', 'Keep-Alive': 'timeout=5'} 
 body={
    "message": "Cadastro realizado com sucesso",
    "_id": "MS3Jb5tglg6s3ds4"
} 
 </msg>
<msg timestamp="20220707 16:44:44.495" level="INFO">${response_time} = 0.005378</msg>
<msg timestamp="20220707 16:44:44.495" level="INFO">${response} = &lt;Response [201]&gt;</msg>
<msg timestamp="20220707 16:44:44.495" level="INFO">${response_body} = {'message': 'Cadastro realizado com sucesso', '_id': 'MS3Jb5tglg6s3ds4'}</msg>
<msg timestamp="20220707 16:44:44.500" level="INFO">POST Request : url=http://localhost:3000/Produtos 
 path_url=/Produtos 
 headers={'User-Agent': 'python-requests/2.28.1', 'Accept-Encoding': 'gzip, deflate', 'Accept': '*/*', 'Connection': 'keep-alive', 'Authorization': 'Bearer eyJhbGciOiJIUzI1NiIsInR5cCI6IkpXVCJ9.eyJlbWFpbCI6ImV2ZXJ5b25lYnlyZHBhdWxAZXhhbXBsZS5vcmciLCJwYXNzd29yZCI6IiZKQzJXOXZ6KVQiLCJpYXQiOjE2NTcyMjMwODQsImV4cCI6MTY1NzIyMzY4NH0.Ct7l_b2wSp3tWPU_KbE0BLZ12ttbFllzvszZQrsJwtE', 'monitor': 'false', 'Content-Length': '151', 'Content-Type': 'application/json'} 
 body=b'{"nome": "healthyopposite", "descricao": "Erlang is a general-purpose, concurrent, functional programming language.", "preco": 582, "quantidade": 7882}' 
 </msg>
<msg timestamp="20220707 16:44:44.500" level="INFO">POST Response : url=http://localhost:3000/Produtos 
 status=201, reason=Created 
 headers={'Access-Control-Allow-Origin': '*', 'x-dns-prefetch-control': 'off', 'x-frame-options': 'SAMEORIGIN', 'strict-transport-security': 'max-age=15552000; includeSubDomains', 'x-download-options': 'noopen', 'x-content-type-options': 'nosniff', 'x-xss-protection': '1; mode=block', 'Content-Type': 'application/json; charset=utf-8', 'Content-Length': '82', 'Date': 'Thu, 07 Jul 2022 19:44:44 GMT', 'Connection': 'keep-alive', 'Keep-Alive': 'timeout=5'} 
 body={
    "message": "Cadastro realizado com sucesso",
    "_id": "74ht1X9wCq8bI22u"
} 
 </msg>
<msg timestamp="20220707 16:44:44.501" level="INFO">${response_time} = 0.004155</msg>
<msg timestamp="20220707 16:44:44.501" level="INFO">${response} = &lt;Response [201]&gt;</msg>
<msg timestamp="20220707 16:44:44.501" level="INFO">${response_body} = {'message': 'Cadastro realizado com sucesso', '_id': '74ht1X9wCq8bI22u'}</msg>
<msg timestamp="20220707 16:44:44.508" level="INFO">POST Request : url=http://localhost:3000/Produtos 
 path_url=/Produtos 
 headers={'User-Agent': 'python-requests/2.28.1', 'Accept-Encoding': 'gzip, deflate', 'Accept': '*/*', 'Connection': 'keep-alive', 'Authorization': 'Bearer eyJhbGciOiJIUzI1NiIsInR5cCI6IkpXVCJ9.eyJlbWFpbCI6ImV2ZXJ5b25lYnlyZHBhdWxAZXhhbXBsZS5vcmciLCJwYXNzd29yZCI6IiZKQzJXOXZ6KVQiLCJpYXQiOjE2NTcyMjMwODQsImV4cCI6MTY1NzIyMzY4NH0.Ct7l_b2wSp3tWPU_KbE0BLZ12ttbFllzvszZQrsJwtE', 'monitor': 'false', 'Content-Length': '137', 'Content-Type': 'application/json'} 
 body=b'{"nome": "roadsprimary", "descricao": "Tuples are containers for a fixed number of Erlang data types.", "preco": 636, "quantidade": 8983}' 
 </msg>
<msg timestamp="20220707 16:44:44.508" level="INFO">POST Response : url=http://localhost:3000/Produtos 
 status=201, reason=Created 
 headers={'Access-Control-Allow-Origin': '*', 'x-dns-prefetch-control': 'off', 'x-frame-options': 'SAMEORIGIN', 'strict-transport-security': 'max-age=15552000; includeSubDomains', 'x-download-options': 'noopen', 'x-content-type-options': 'nosniff', 'x-xss-protection': '1; mode=block', 'Content-Type': 'application/json; charset=utf-8', 'Content-Length': '82', 'Date': 'Thu, 07 Jul 2022 19:44:44 GMT', 'Connection': 'keep-alive', 'Keep-Alive': 'timeout=5'} 
 body={
    "message": "Cadastro realizado com sucesso",
    "_id": "jIGj3zlkqYYdvc17"
} 
 </msg>
<msg timestamp="20220707 16:44:44.508" level="INFO">${response_time} = 0.0058</msg>
<msg timestamp="20220707 16:44:44.508" level="INFO">${response} = &lt;Response [201]&gt;</msg>
<msg timestamp="20220707 16:44:44.508" level="INFO">${response_body} = {'message': 'Cadastro realizado com sucesso', '_id': 'jIGj3zlkqYYdvc17'}</msg>
<msg timestamp="20220707 16:44:44.514" level="INFO">POST Request : url=http://localhost:3000/Produtos 
 path_url=/Produtos 
 headers={'User-Agent': 'python-requests/2.28.1', 'Accept-Encoding': 'gzip, deflate', 'Accept': '*/*', 'Connection': 'keep-alive', 'Authorization': 'Bearer eyJhbGciOiJIUzI1NiIsInR5cCI6IkpXVCJ9.eyJlbWFpbCI6ImV2ZXJ5b25lYnlyZHBhdWxAZXhhbXBsZS5vcmciLCJwYXNzd29yZCI6IiZKQzJXOXZ6KVQiLCJpYXQiOjE2NTcyMjMwODQsImV4cCI6MTY1NzIyMzY4NH0.Ct7l_b2wSp3tWPU_KbE0BLZ12ttbFllzvszZQrsJwtE', 'monitor': 'false', 'Content-Length': '139', 'Content-Type': 'application/json'} 
 body=b'{"nome": "bmwfabric", "descricao": "He looked inquisitively at his keyboard and wrote another sentence.", "preco": 899, "quantidade": 3280}' 
 </msg>
<msg timestamp="20220707 16:44:44.514" level="INFO">POST Response : url=http://localhost:3000/Produtos 
 status=201, reason=Created 
 headers={'Access-Control-Allow-Origin': '*', 'x-dns-prefetch-control': 'off', 'x-frame-options': 'SAMEORIGIN', 'strict-transport-security': 'max-age=15552000; includeSubDomains', 'x-download-options': 'noopen', 'x-content-type-options': 'nosniff', 'x-xss-protection': '1; mode=block', 'Content-Type': 'application/json; charset=utf-8', 'Content-Length': '82', 'Date': 'Thu, 07 Jul 2022 19:44:44 GMT', 'Connection': 'keep-alive', 'Keep-Alive': 'timeout=5'} 
 body={
    "message": "Cadastro realizado com sucesso",
    "_id": "jUsMz3ABmiXTBLsW"
} 
 </msg>
<msg timestamp="20220707 16:44:44.514" level="INFO">${response_time} = 0.004218</msg>
<msg timestamp="20220707 16:44:44.514" level="INFO">${response} = &lt;Response [201]&gt;</msg>
<msg timestamp="20220707 16:44:44.515" level="INFO">${response_body} = {'message': 'Cadastro realizado com sucesso', '_id': 'jUsMz3ABmiXTBLsW'}</msg>
<msg timestamp="20220707 16:44:44.521" level="INFO">POST Request : url=http://localhost:3000/Produtos 
 path_url=/Produtos 
 headers={'User-Agent': 'python-requests/2.28.1', 'Accept-Encoding': 'gzip, deflate', 'Accept': '*/*', 'Connection': 'keep-alive', 'Authorization': 'Bearer eyJhbGciOiJIUzI1NiIsInR5cCI6IkpXVCJ9.eyJlbWFpbCI6ImV2ZXJ5b25lYnlyZHBhdWxAZXhhbXBsZS5vcmciLCJwYXNzd29yZCI6IiZKQzJXOXZ6KVQiLCJpYXQiOjE2NTcyMjMwODQsImV4cCI6MTY1NzIyMzY4NH0.Ct7l_b2wSp3tWPU_KbE0BLZ12ttbFllzvszZQrsJwtE', 'monitor': 'false', 'Content-Length': '140', 'Content-Type': 'application/json'} 
 body=b'{"nome": "riseav", "descricao": "Haskell features a type system with type inference and lazy evaluation.", "preco": 593, "quantidade": 3559}' 
 </msg>
<msg timestamp="20220707 16:44:44.521" level="INFO">POST Response : url=http://localhost:3000/Produtos 
 status=201, reason=Created 
 headers={'Access-Control-Allow-Origin': '*', 'x-dns-prefetch-control': 'off', 'x-frame-options': 'SAMEORIGIN', 'strict-transport-security': 'max-age=15552000; includeSubDomains', 'x-download-options': 'noopen', 'x-content-type-options': 'nosniff', 'x-xss-protection': '1; mode=block', 'Content-Type': 'application/json; charset=utf-8', 'Content-Length': '82', 'Date': 'Thu, 07 Jul 2022 19:44:44 GMT', 'Connection': 'keep-alive', 'Keep-Alive': 'timeout=5'} 
 body={
    "message": "Cadastro realizado com sucesso",
    "_id": "UWN9Zt0VieV4gOwW"
} 
 </msg>
<msg timestamp="20220707 16:44:44.521" level="INFO">${response_time} = 0.004532</msg>
<msg timestamp="20220707 16:44:44.521" level="INFO">${response} = &lt;Response [201]&gt;</msg>
<msg timestamp="20220707 16:44:44.521" level="INFO">${response_body} = {'message': 'Cadastro realizado com sucesso', '_id': 'UWN9Zt0VieV4gOwW'}</msg>
<msg timestamp="20220707 16:44:44.528" level="INFO">POST Request : url=http://localhost:3000/Produtos 
 path_url=/Produtos 
 headers={'User-Agent': 'python-requests/2.28.1', 'Accept-Encoding': 'gzip, deflate', 'Accept': '*/*', 'Connection': 'keep-alive', 'Authorization': 'Bearer eyJhbGciOiJIUzI1NiIsInR5cCI6IkpXVCJ9.eyJlbWFpbCI6ImV2ZXJ5b25lYnlyZHBhdWxAZXhhbXBsZS5vcmciLCJwYXNzd29yZCI6IiZKQzJXOXZ6KVQiLCJpYXQiOjE2NTcyMjMwODQsImV4cCI6MTY1NzIyMzY4NH0.Ct7l_b2wSp3tWPU_KbE0BLZ12ttbFllzvszZQrsJwtE', 'monitor': 'false', 'Content-Length': '190', 'Content-Type': 'application/json'} 
 body=b'{"nome": "illustratedpresidential", "descricao": "They are written as strings of consecutive alphanumeric characters, the first character being lowercase.", "preco": 282, "quantidade": 6302}' 
 </msg>
<msg timestamp="20220707 16:44:44.528" level="INFO">POST Response : url=http://localhost:3000/Produtos 
 status=201, reason=Created 
 headers={'Access-Control-Allow-Origin': '*', 'x-dns-prefetch-control': 'off', 'x-frame-options': 'SAMEORIGIN', 'strict-transport-security': 'max-age=15552000; includeSubDomains', 'x-download-options': 'noopen', 'x-content-type-options': 'nosniff', 'x-xss-protection': '1; mode=block', 'Content-Type': 'application/json; charset=utf-8', 'Content-Length': '82', 'Date': 'Thu, 07 Jul 2022 19:44:44 GMT', 'Connection': 'keep-alive', 'Keep-Alive': 'timeout=5'} 
 body={
    "message": "Cadastro realizado com sucesso",
    "_id": "8XbaCtFCYnAPjsmV"
} 
 </msg>
<msg timestamp="20220707 16:44:44.528" level="INFO">${response_time} = 0.004868</msg>
<msg timestamp="20220707 16:44:44.529" level="INFO">${response} = &lt;Response [201]&gt;</msg>
<msg timestamp="20220707 16:44:44.529" level="INFO">${response_body} = {'message': 'Cadastro realizado com sucesso', '_id': '8XbaCtFCYnAPjsmV'}</msg>
<msg timestamp="20220707 16:44:44.534" level="INFO">POST Request : url=http://localhost:3000/Produtos 
 path_url=/Produtos 
[...]
 </msg>
<msg timestamp="20220707 16:44:45.756" level="INFO">POST Response : url=http://localhost:3000/Produtos 
 status=201, reason=Created 
 headers={'Access-Control-Allow-Origin': '*', 'x-dns-prefetch-control': 'off', 'x-frame-options': 'SAMEORIGIN', 'strict-transport-security': 'max-age=15552000; includeSubDomains', 'x-download-options': 'noopen', 'x-content-type-options': 'nosniff', 'x-xss-protection': '1; mode=block', 'Content-Type': 'application/json; charset=utf-8', 'Content-Length': '82', 'Date': 'Thu, 07 Jul 2022 19:44:45 GMT', 'Connection': 'keep-alive', 'Keep-Alive': 'timeout=5'} 
 body={
    "message": "Cadastro realizado com sucesso",
    "_id": "AlKI0FUAoL1uvzvW"
} 
 </msg>
<msg timestamp="20220707 16:44:45.756" level="INFO">${response_time} = 0.006634</msg>
<msg timestamp="20220707 16:44:45.756" level="INFO">${response} = &lt;Response [201]&gt;</msg>
<msg timestamp="20220707 16:44:45.756" level="INFO">${response_body} = {'message': 'Cadastro realizado com sucesso', '_id': 'AlKI0FUAoL1uvzvW'}</msg>
<msg timestamp="20220707 16:44:45.763" level="INFO">POST Request : url=http://localhost:3000/Produtos 
 path_url=/Produtos 
 headers={'User-Agent': 'python-requests/2.28.1', 'Accept-Encoding': 'gzip, deflate', 'Accept': '*/*', 'Connection': 'keep-alive', 'Authorization': 'Bearer eyJhbGciOiJIUzI1NiIsInR5cCI6IkpXVCJ9.eyJlbWFpbCI6ImV2ZXJ5b25lYnlyZHBhdWxAZXhhbXBsZS5vcmciLCJwYXNzd29yZCI6IiZKQzJXOXZ6KVQiLCJpYXQiOjE2NTcyMjMwODQsImV4cCI6MTY1NzIyMzY4NH0.Ct7l_b2wSp3tWPU_KbE0BLZ12ttbFllzvszZQrsJwtE', 'monitor': 'false', 'Content-Length': '155', 'Content-Type': 'application/json'} 
 body=b'{"nome": "mindmissing", "descricao": "In 1989 the building was heavily damaged by fire, but it has since been restored.", "preco": 239, "quantidade": 2763}' 
 </msg>
<msg timestamp="20220707 16:44:45.763" level="INFO">POST Response : url=http://localhost:3000/Produtos 
 status=201, reason=Created 
 headers={'Access-Control-Allow-Origin': '*', 'x-dns-prefetch-control': 'off', 'x-frame-options': 'SAMEORIGIN', 'strict-transport-security': 'max-age=15552000; includeSubDomains', 'x-download-options': 'noopen', 'x-content-type-options': 'nosniff', 'x-xss-protection': '1; mode=block', 'Content-Type': 'application/json; charset=utf-8', 'Content-Length': '82', 'Date': 'Thu, 07 Jul 2022 19:44:45 GMT', 'Connection': 'keep-alive', 'Keep-Alive': 'timeout=5'} 
 body={
    "message": "Cadastro realizado com sucesso",
    "_id": "PunJii7ZBuQ96C24"
} 
 </msg>
<msg timestamp="20220707 16:44:45.763" level="INFO">${response_time} = 0.005508</msg>
<msg timestamp="20220707 16:44:45.764" level="INFO">${response} = &lt;Response [201]&gt;</msg>
<msg timestamp="20220707 16:44:45.764" level="INFO">${response_body} = {'message': 'Cadastro realizado com sucesso', '_id': 'PunJii7ZBuQ96C24'}</msg>
<msg timestamp="20220707 16:44:45.771" level="INFO">POST Request : url=http://localhost:3000/Produtos 
 path_url=/Produtos 
 headers={'User-Agent': 'python-requests/2.28.1', 'Accept-Encoding': 'gzip, deflate', 'Accept': '*/*', 'Connection': 'keep-alive', 'Authorization': 'Bearer eyJhbGciOiJIUzI1NiIsInR5cCI6IkpXVCJ9.eyJlbWFpbCI6ImV2ZXJ5b25lYnlyZHBhdWxAZXhhbXBsZS5vcmciLCJwYXNzd29yZCI6IiZKQzJXOXZ6KVQiLCJpYXQiOjE2NTcyMjMwODQsImV4cCI6MTY1NzIyMzY4NH0.Ct7l_b2wSp3tWPU_KbE0BLZ12ttbFllzvszZQrsJwtE', 'monitor': 'false', 'Content-Length': '138', 'Content-Type': 'application/json'} 
 body=b'{"nome": "trailmassive", "descricao": "Atoms are used within a program to denote distinguished values.", "preco": 591, "quantidade": 7329}' 
 </msg>
<msg timestamp="20220707 16:44:45.771" level="INFO">POST Response : url=http://localhost:3000/Produtos 
 status=201, reason=Created 
 headers={'Access-Control-Allow-Origin': '*', 'x-dns-prefetch-control': 'off', 'x-frame-options': 'SAMEORIGIN', 'strict-transport-security': 'max-age=15552000; includeSubDomains', 'x-download-options': 'noopen', 'x-content-type-options': 'nosniff', 'x-xss-protection': '1; mode=block', 'Content-Type': 'application/json; charset=utf-8', 'Content-Length': '82', 'Date': 'Thu, 07 Jul 2022 19:44:45 GMT', 'Connection': 'keep-alive', 'Keep-Alive': 'timeout=5'} 
 body={
    "message": "Cadastro realizado com sucesso",
    "_id": "HxjlpWkykEncDAh5"
} 
 </msg>
<msg timestamp="20220707 16:44:45.771" level="INFO">${response_time} = 0.005867</msg>
<msg timestamp="20220707 16:44:45.772" level="INFO">${response} = &lt;Response [201]&gt;</msg>
<msg timestamp="20220707 16:44:45.772" level="INFO">${response_body} = {'message': 'Cadastro realizado com sucesso', '_id': 'HxjlpWkykEncDAh5'}</msg>
<msg timestamp="20220707 16:44:45.779" level="INFO">POST Request : url=http://localhost:3000/Produtos 
 path_url=/Produtos 
 headers={'User-Agent': 'python-requests/2.28.1', 'Accept-Encoding': 'gzip, deflate', 'Accept': '*/*', 'Connection': 'keep-alive', 'Authorization': 'Bearer eyJhbGciOiJIUzI1NiIsInR5cCI6IkpXVCJ9.eyJlbWFpbCI6ImV2ZXJ5b25lYnlyZHBhdWxAZXhhbXBsZS5vcmciLCJwYXNzd29yZCI6IiZKQzJXOXZ6KVQiLCJpYXQiOjE2NTcyMjMwODQsImV4cCI6MTY1NzIyMzY4NH0.Ct7l_b2wSp3tWPU_KbE0BLZ12ttbFllzvszZQrsJwtE', 'monitor': 'false', 'Content-Length': '189', 'Content-Type': 'application/json'} 
 body=b'{"nome": "secretsbreakfast", "descricao": "Messages can be sent to and received from ports, but these messages must obey the so-called \\"port protocol.\\"", "preco": 495, "quantidade": 6664}' 
 </msg>
<msg timestamp="20220707 16:44:45.779" level="INFO">POST Response : url=http://localhost:3000/Produtos 
 status=201, reason=Created 
 headers={'Access-Control-Allow-Origin': '*', 'x-dns-prefetch-control': 'off', 'x-frame-options': 'SAMEORIGIN', 'strict-transport-security': 'max-age=15552000; includeSubDomains', 'x-download-options': 'noopen', 'x-content-type-options': 'nosniff', 'x-xss-protection': '1; mode=block', 'Content-Type': 'application/json; charset=utf-8', 'Content-Length': '82', 'Date': 'Thu, 07 Jul 2022 19:44:45 GMT', 'Connection': 'keep-alive', 'Keep-Alive': 'timeout=5'} 
 body={
    "message": "Cadastro realizado com sucesso",
    "_id": "4Q1vNGVB18Nn2WAf"
} 
 </msg>
<msg timestamp="20220707 16:44:45.779" level="INFO">${response_time} = 0.005586</msg>
<msg timestamp="20220707 16:44:45.779" level="INFO">${response} = &lt;Response [201]&gt;</msg>
<msg timestamp="20220707 16:44:45.779" level="INFO">${response_body} = {'message': 'Cadastro realizado com sucesso', '_id': '4Q1vNGVB18Nn2WAf'}</msg>
<msg timestamp="20220707 16:44:45.786" level="INFO">POST Request : url=http://localhost:3000/Produtos 
 path_url=/Produtos 
 headers={'User-Agent': 'python-requests/2.28.1', 'Accept-Encoding': 'gzip, deflate', 'Accept': '*/*', 'Connection': 'keep-alive', 'Authorization': 'Bearer eyJhbGciOiJIUzI1NiIsInR5cCI6IkpXVCJ9.eyJlbWFpbCI6ImV2ZXJ5b25lYnlyZHBhdWxAZXhhbXBsZS5vcmciLCJwYXNzd29yZCI6IiZKQzJXOXZ6KVQiLCJpYXQiOjE2NTcyMjMwODQsImV4cCI6MTY1NzIyMzY4NH0.Ct7l_b2wSp3tWPU_KbE0BLZ12ttbFllzvszZQrsJwtE', 'monitor': 'false', 'Content-Length': '208', 'Content-Type': 'application/json'} 
 body=b'{"nome": "readssister", "descricao": "Haskell is a standardized, general-purpose purely functional programming language, with non-strict semantics and strong static typing.", "preco": 795, "quantidade": 2458}' 
 </msg>
<msg timestamp="20220707 16:44:45.786" level="INFO">POST Response : url=http://localhost:3000/Produtos 
 status=201, reason=Created 
 headers={'Access-Control-Allow-Origin': '*', 'x-dns-prefetch-control': 'off', 'x-frame-options': 'SAMEORIGIN', 'strict-transport-security': 'max-age=15552000; includeSubDomains', 'x-download-options': 'noopen', 'x-content-type-options': 'nosniff', 'x-xss-protection': '1; mode=block', 'Content-Type': 'application/json; charset=utf-8', 'Content-Length': '82', 'Date': 'Thu, 07 Jul 2022 19:44:45 GMT', 'Connection': 'keep-alive', 'Keep-Alive': 'timeout=5'} 
 body={
    "message": "Cadastro realizado com sucesso",
    "_id": "Ley2lsdyVCkgB3tl"
} 
 </msg>
<msg timestamp="20220707 16:44:45.787" level="INFO">${response_time} = 0.005502</msg>
<msg timestamp="20220707 16:44:45.787" level="INFO">${response} = &lt;Response [201]&gt;</msg>
<msg timestamp="20220707 16:44:45.787" level="INFO">${response_body} = {'message': 'Cadastro realizado com sucesso', '_id': 'Ley2lsdyVCkgB3tl'}</msg>
<msg timestamp="20220707 16:44:45.794" level="INFO">POST Request : url=http://localhost:3000/Produtos 
 path_url=/Produtos 
 headers={'User-Agent': 'python-requests/2.28.1', 'Accept-Encoding': 'gzip, deflate', 'Accept': '*/*', 'Connection': 'keep-alive', 'Authorization': 'Bearer eyJhbGciOiJIUzI1NiIsInR5cCI6IkpXVCJ9.eyJlbWFpbCI6ImV2ZXJ5b25lYnlyZHBhdWxAZXhhbXBsZS5vcmciLCJwYXNzd29yZCI6IiZKQzJXOXZ6KVQiLCJpYXQiOjE2NTcyMjMwODQsImV4cCI6MTY1NzIyMzY4NH0.Ct7l_b2wSp3tWPU_KbE0BLZ12ttbFllzvszZQrsJwtE', 'monitor': 'false', 'Content-Length': '133', 'Content-Type': 'application/json'} 
 body=b'{"nome": "mtmotor", "descricao": "Atoms are used within a program to denote distinguished values.", "preco": 724, "quantidade": 9469}' 
 </msg>
<msg timestamp="20220707 16:44:45.794" level="INFO">POST Response : url=http://localhost:3000/Produtos 
 status=201, reason=Created 
 headers={'Access-Control-Allow-Origin': '*', 'x-dns-prefetch-control': 'off', 'x-frame-options': 'SAMEORIGIN', 'strict-transport-security': 'max-age=15552000; includeSubDomains', 'x-download-options': 'noopen', 'x-content-type-options': 'nosniff', 'x-xss-protection': '1; mode=block', 'Content-Type': 'application/json; charset=utf-8', 'Content-Length': '82', 'Date': 'Thu, 07 Jul 2022 19:44:45 GMT', 'Connection': 'keep-alive', 'Keep-Alive': 'timeout=5'} 
 body={
    "message": "Cadastro realizado com sucesso",
    "_id": "zOAhaZgcZ7roDVkb"
} 
 </msg>
<msg timestamp="20220707 16:44:45.795" level="INFO">${response_time} = 0.006136</msg>
<msg timestamp="20220707 16:44:45.795" level="INFO">${response} = &lt;Response [201]&gt;</msg>
<msg timestamp="20220707 16:44:45.795" level="INFO">${response_body} = {'message': 'Cadastro realizado com sucesso', '_id': 'zOAhaZgcZ7roDVkb'}</msg>
<msg timestamp="20220707 16:44:45.802" level="INFO">POST Request : url=http://localhost:3000/Produtos 
 path_url=/Produtos 
 headers={'User-Agent': 'python-requests/2.28.1', 'Accept-Encoding': 'gzip, deflate', 'Accept': '*/*', 'Connection': 'keep-alive', 'Authorization': 'Bearer eyJhbGciOiJIUzI1NiIsInR5cCI6IkpXVCJ9.eyJlbWFpbCI6ImV2ZXJ5b25lYnlyZHBhdWxAZXhhbXBsZS5vcmciLCJwYXNzd29yZCI6IiZKQzJXOXZ6KVQiLCJpYXQiOjE2NTcyMjMwODQsImV4cCI6MTY1NzIyMzY4NH0.Ct7l_b2wSp3tWPU_KbE0BLZ12ttbFllzvszZQrsJwtE', 'monitor': 'false', 'Content-Length': '99', 'Content-Type': 'application/json'} 
 body=b'{"nome": "damagesloaded", "descricao": "Do you come here often?", "preco": 811, "quantidade": 2667}' 
 </msg>
<msg timestamp="20220707 16:44:45.802" level="INFO">POST Response : url=http://localhost:3000/Produtos 
 status=201, reason=Created 
 headers={'Access-Control-Allow-Origin': '*', 'x-dns-prefetch-control': 'off', 'x-frame-options': 'SAMEORIGIN', 'strict-transport-security': 'max-age=15552000; includeSubDomains', 'x-download-options': 'noopen', 'x-content-type-options': 'nosniff', 'x-xss-protection': '1; mode=block', 'Content-Type': 'application/json; charset=utf-8', 'Content-Length': '82', 'Date': 'Thu, 07 Jul 2022 19:44:45 GMT', 'Connection': 'keep-alive', 'Keep-Alive': 'timeout=5'} 
 body={
    "message": "Cadastro realizado com sucesso",
    "_id": "g44AJQncO2t1S0zY"
} 
 </msg>
<msg timestamp="20220707 16:44:45.802" level="INFO">${response_time} = 0.005306</msg>
<msg timestamp="20220707 16:44:45.802" level="INFO">${response} = &lt;Response [201]&gt;</msg>
<msg timestamp="20220707 16:44:45.803" level="INFO">${response_body} = {'message': 'Cadastro realizado com sucesso', '_id': 'g44AJQncO2t1S0zY'}</msg>
<msg timestamp="20220707 16:44:45.811" level="INFO">POST Request : url=http://localhost:3000/Produtos 
 path_url=/Produtos 
 headers={'User-Agent': 'python-requests/2.28.1', 'Accept-Encoding': 'gzip, deflate', 'Accept': '*/*', 'Connection': 'keep-alive', 'Authorization': 'Bearer eyJhbGciOiJIUzI1NiIsInR5cCI6IkpXVCJ9.eyJlbWFpbCI6ImV2ZXJ5b25lYnlyZHBhdWxAZXhhbXBsZS5vcmciLCJwYXNzd29yZCI6IiZKQzJXOXZ6KVQiLCJpYXQiOjE2NTcyMjMwODQsImV4cCI6MTY1NzIyMzY4NH0.Ct7l_b2wSp3tWPU_KbE0BLZ12ttbFllzvszZQrsJwtE', 'monitor': 'false', 'Content-Length': '140', 'Content-Type': 'application/json'} 
 body=b'{"nome": "discussedstrike", "descricao": "Tuples are containers for a fixed number of Erlang data types.", "preco": 190, "quantidade": 9735}' 
 </msg>
<msg timestamp="20220707 16:44:45.811" level="INFO">POST Response : url=http://localhost:3000/Produtos 
 status=201, reason=Created 
 headers={'Access-Control-Allow-Origin': '*', 'x-dns-prefetch-control': 'off', 'x-frame-options': 'SAMEORIGIN', 'strict-transport-security': 'max-age=15552000; includeSubDomains', 'x-download-options': 'noopen', 'x-content-type-options': 'nosniff', 'x-xss-protection': '1; mode=block', 'Content-Type': 'application/json; charset=utf-8', 'Content-Length': '82', 'Date': 'Thu, 07 Jul 2022 19:44:45 GMT', 'Connection': 'keep-alive', 'Keep-Alive': 'timeout=5'} 
 body={
    "message": "Cadastro realizado com sucesso",
    "_id": "MyWwQcDOmEShBXIk"
} 
 </msg>
<msg timestamp="20220707 16:44:45.811" level="INFO">${response_time} = 0.006394</msg>
<msg timestamp="20220707 16:44:45.811" level="INFO">${response} = &lt;Response [201]&gt;</msg>
<msg timestamp="20220707 16:44:45.811" level="INFO">${response_body} = {'message': 'Cadastro realizado com sucesso', '_id': 'MyWwQcDOmEShBXIk'}</msg>
<msg timestamp="20220707 16:44:45.818" level="INFO">POST Request : url=http://localhost:3000/Produtos 
 path_url=/Produtos 
 headers={'User-Agent': 'python-requests/2.28.1', 'Accept-Encoding': 'gzip, deflate', 'Accept': '*/*', 'Connection': 'keep-alive', 'Authorization': 'Bearer eyJhbGciOiJIUzI1NiIsInR5cCI6IkpXVCJ9.eyJlbWFpbCI6ImV2ZXJ5b25lYnlyZHBhdWxAZXhhbXBsZS5vcmciLCJwYXNzd29yZCI6IiZKQzJXOXZ6KVQiLCJpYXQiOjE2NTcyMjMwODQsImV4cCI6MTY1NzIyMzY4NH0.Ct7l_b2wSp3tWPU_KbE0BLZ12ttbFllzvszZQrsJwtE', 'monitor': 'false', 'Content-Length': '237', 'Content-Type': 'application/json'} 
 body=b'{"nome": "bloggingpremier", "descricao": "Atoms can contain any character if they are enclosed within single quotes and an escape convention exists which allows any character to be used within an atom.", "preco": 212, "quantidade": 9931}' 
 </msg>
<msg timestamp="20220707 16:44:45.818" level="INFO">POST Response : url=http://localhost:3000/Produtos 
 status=201, reason=Created 
 headers={'Access-Control-Allow-Origin': '*', 'x-dns-prefetch-control': 'off', 'x-frame-options': 'SAMEORIGIN', 'strict-transport-security': 'max-age=15552000; includeSubDomains', 'x-download-options': 'noopen', 'x-content-type-options': 'nosniff', 'x-xss-protection': '1; mode=block', 'Content-Type': 'application/json; charset=utf-8', 'Content-Length': '82', 'Date': 'Thu, 07 Jul 2022 19:44:45 GMT', 'Connection': 'keep-alive', 'Keep-Alive': 'timeout=5'} 
 body={
    "message": "Cadastro realizado com sucesso",
    "_id": "eMOqEAShNgKCh9eS"
} 
 </msg>
<msg timestamp="20220707 16:44:45.818" level="INFO">${response_time} = 0.005592</msg>
<msg timestamp="20220707 16:44:45.818" level="INFO">${response} = &lt;Response [201]&gt;</msg>
<msg timestamp="20220707 16:44:45.818" level="INFO">${response_body} = {'message': 'Cadastro realizado com sucesso', '_id': 'eMOqEAShNgKCh9eS'}</msg>
<msg timestamp="20220707 16:44:45.826" level="INFO">POST Request : url=http://localhost:3000/Produtos 
 path_url=/Produtos 
 headers={'User-Agent': 'python-requests/2.28.1', 'Accept-Encoding': 'gzip, deflate', 'Accept': '*/*', 'Connection': 'keep-alive', 'Authorization': 'Bearer eyJhbGciOiJIUzI1NiIsInR5cCI6IkpXVCJ9.eyJlbWFpbCI6ImV2ZXJ5b25lYnlyZHBhdWxAZXhhbXBsZS5vcmciLCJwYXNzd29yZCI6IiZKQzJXOXZ6KVQiLCJpYXQiOjE2NTcyMjMwODQsImV4cCI6MTY1NzIyMzY4NH0.Ct7l_b2wSp3tWPU_KbE0BLZ12ttbFllzvszZQrsJwtE', 'monitor': 'false', 'Content-Length': '184', 'Content-Type': 'application/json'} 
 body=b'{"nome": "orproducers", "descricao": "Messages can be sent to and received from ports, but these messages must obey the so-called \\"port protocol.\\"", "preco": 957, "quantidade": 6239}' 
 </msg>
<msg timestamp="20220707 16:44:45.826" level="INFO">POST Response : url=http://localhost:3000/Produtos 
 status=201, reason=Created 
 headers={'Access-Control-Allow-Origin': '*', 'x-dns-prefetch-control': 'off', 'x-frame-options': 'SAMEORIGIN', 'strict-transport-security': 'max-age=15552000; includeSubDomains', 'x-download-options': 'noopen', 'x-content-type-options': 'nosniff', 'x-xss-protection': '1; mode=block', 'Content-Type': 'application/json; charset=utf-8', 'Content-Length': '82', 'Date': 'Thu, 07 Jul 2022 19:44:45 GMT', 'Connection': 'keep-alive', 'Keep-Alive': 'timeout=5'} 
 body={
    "message": "Cadastro realizado com sucesso",
    "_id": "Zrji6C8jxwkGmwzJ"
} 
 </msg>
<msg timestamp="20220707 16:44:45.826" level="INFO">${response_time} = 0.006525</msg>
<msg timestamp="20220707 16:44:45.827" level="INFO">${response} = &lt;Response [201]&gt;</msg>
<msg timestamp="20220707 16:44:45.827" level="INFO">${response_body} = {'message': 'Cadastro realizado com sucesso', '_id': 'Zrji6C8jxwkGmwzJ'}</msg>
<msg timestamp="20220707 16:44:45.834" level="INFO">POST Request : url=http://localhost:3000/Produtos 
 path_url=/Produtos 
 headers={'User-Agent': 'python-requests/2.28.1', 'Accept-Encoding': 'gzip, deflate', 'Accept': '*/*', 'Connection': 'keep-alive', 'Authorization': 'Bearer eyJhbGciOiJIUzI1NiIsInR5cCI6IkpXVCJ9.eyJlbWFpbCI6ImV2ZXJ5b25lYnlyZHBhdWxAZXhhbXBsZS5vcmciLCJwYXNzd29yZCI6IiZKQzJXOXZ6KVQiLCJpYXQiOjE2NTcyMjMwODQsImV4cCI6MTY1NzIyMzY4NH0.Ct7l_b2wSp3tWPU_KbE0BLZ12ttbFllzvszZQrsJwtE', 'monitor': 'false', 'Content-Length': '210', 'Content-Type': 'application/json'} 
 body=b'{"nome": "amendmentpetition", "descricao": "Initially composing light-hearted and irreverent works, he also wrote serious, sombre and religious pieces beginning in the 1930s.", "preco": 700, "quantidade": 6004}' 
 </msg>
<msg timestamp="20220707 16:44:45.834" level="INFO">POST Response : url=http://localhost:3000/Produtos 
 status=201, reason=Created 
 headers={'Access-Control-Allow-Origin': '*', 'x-dns-prefetch-control': 'off', 'x-frame-options': 'SAMEORIGIN', 'strict-transport-security': 'max-age=15552000; includeSubDomains', 'x-download-options': 'noopen', 'x-content-type-options': 'nosniff', 'x-xss-protection': '1; mode=block', 'Content-Type': 'application/json; charset=utf-8', 'Content-Length': '82', 'Date': 'Thu, 07 Jul 2022 19:44:45 GMT', 'Connection': 'keep-alive', 'Keep-Alive': 'timeout=5'} 
 body={
    "message": "Cadastro realizado com sucesso",
    "_id": "zv8rjfTFIKjn0qJu"
} 
 </msg>
<msg timestamp="20220707 16:44:45.834" level="INFO">${response_time} = 0.005489</msg>
<msg timestamp="20220707 16:44:45.834" level="INFO">${response} = &lt;Response [201]&gt;</msg>
<msg timestamp="20220707 16:44:45.835" level="INFO">${response_body} = {'message': 'Cadastro realizado com sucesso', '_id': 'zv8rjfTFIKjn0qJu'}</msg>
<status status="PASS" starttime="20220707 16:44:44.259" endtime="20220707 16:44:45.835"/>
</kw>
<tag>Cadastrar_Produto</tag>
<tag>POST</tag>
<tag>Teste_De_Carga_Produto</tag>
<status status="PASS" starttime="20220707 16:44:44.139" endtime="20220707 16:44:45.836"/>
</test>
<doc>Arquivo De Testes Relacionandos Ao EndPoint Produtos</doc>
<status status="PASS" starttime="20220707 16:44:43.526" endtime="20220707 16:44:45.837"/>
</suite>
<status status="PASS" starttime="20220707 16:44:43.505" endtime="20220707 16:44:45.838"/>
</suite>
<statistics>
<total>
<stat pass="1" fail="0" skip="0">All Tests</stat>
</total>
<tag>
<stat pass="1" fail="0" skip="0">Cadastrar_Produto</stat>
<stat pass="1" fail="0" skip="0">POST</stat>
<stat pass="1" fail="0" skip="0">Teste_De_Carga_Produto</stat>
</tag>
<suite>
<stat pass="1" fail="0" skip="0" id="s1" name="Tests">Tests</stat>
<stat pass="1" fail="0" skip="0" id="s1-s1" name="03 Produtos Tests">Tests.03 Produtos Tests</stat>
</suite>
</statistics>
<errors>
</errors>
</robot>
