<?xml version="1.0" encoding="UTF-8"?>
<robot generator="Robot 5.0.1 (Python 3.10.4 on win32)" generated="20220701 16:41:56.250" rpa="false" schemaversion="3">
<suite id="s1" name="Tests" source="C:\Users\Cleo\Documents\Python\CleoMaia_Compass_Sprint6\tests">
<suite id="s1-s1" name="03 Produtos Tests" source="C:\Users\Cleo\Documents\Python\CleoMaia_Compass_Sprint6\tests\03_produtos_tests.robot">
<kw name="Criar Sessao" library="common" type="SETUP">
<kw name="Create Session" library="RequestsLibrary">
<arg>serverest</arg>
<arg>${BASE_URI}</arg>
<arg>verify=true</arg>
<doc>Create Session: create a HTTP session to a server</doc>
<msg timestamp="20220701 16:41:56.876" level="INFO">Creating Session using : alias=serverest, url=http://localhost:3000/, headers={},                     cookies={}, auth=None, timeout=None, proxies=None, verify=True,                     debug=0 </msg>
<status status="PASS" starttime="20220701 16:41:56.876" endtime="20220701 16:41:56.876"/>
</kw>
<status status="PASS" starttime="20220701 16:41:56.875" endtime="20220701 16:41:56.876"/>
</kw>
<test id="s1-s1-t1" name="Cenario: Listar Todos Os Produtos Cadastrados" line="12">
<kw name="Cadastar Novo Produto" library="produtos_keywords">
<kw name="Gerar Novo Produto" library="produtos_keywords">
<var>${produto}</var>
<kw name="Text" library="FakerLibrary">
<var>${nome}</var>
<arg>max_nb_chars=30</arg>
<doc>Generate a text string.</doc>
<msg timestamp="20220701 16:41:56.879" level="INFO">${nome} = Term make scientist again.</msg>
<status status="PASS" starttime="20220701 16:41:56.878" endtime="20220701 16:41:56.879"/>
</kw>
<kw name="Text" library="FakerLibrary">
<var>${descricao}</var>
<arg>max_nb_chars=100</arg>
<doc>Generate a text string.</doc>
<msg timestamp="20220701 16:41:56.879" level="INFO">${descricao} = Morning everyone carry up middle cold. Indicate enjoy term yard now.</msg>
<status status="PASS" starttime="20220701 16:41:56.879" endtime="20220701 16:41:56.879"/>
</kw>
<kw name="Random Int" library="FakerLibrary">
<var>${preco}</var>
<arg>min=100</arg>
<arg>max=4000</arg>
<doc>Generate a random integer between two integers ``min`` and ``max`` inclusive
while observing the provided ``step`` value.</doc>
<msg timestamp="20220701 16:41:56.880" level="INFO">${preco} = 1315</msg>
<status status="PASS" starttime="20220701 16:41:56.879" endtime="20220701 16:41:56.880"/>
</kw>
<kw name="Random Int" library="FakerLibrary">
<var>${quantidade}</var>
<arg>min=300</arg>
<arg>max=1000</arg>
<doc>Generate a random integer between two integers ``min`` and ``max`` inclusive
while observing the provided ``step`` value.</doc>
<msg timestamp="20220701 16:41:56.880" level="INFO">${quantidade} = 698</msg>
<status status="PASS" starttime="20220701 16:41:56.880" endtime="20220701 16:41:56.880"/>
</kw>
<kw name="Create Dictionary" library="BuiltIn">
<var>&amp;{produto}</var>
<arg>nome=${nome}</arg>
<arg>descricao=${descricao}</arg>
<arg>preco=${preco}</arg>
<arg>quantidade=${quantidade}</arg>
<doc>Creates and returns a dictionary based on the given ``items``.</doc>
<msg timestamp="20220701 16:41:56.881" level="INFO">&amp;{produto} = { nome=Term make scientist again. | descricao=Morning everyone carry up middle cold. Indicate enjoy term yard now. | preco=1315 | quantidade=698 }</msg>
<status status="PASS" starttime="20220701 16:41:56.880" endtime="20220701 16:41:56.881"/>
</kw>
<msg timestamp="20220701 16:41:56.881" level="INFO">${produto} = {'nome': 'Term make scientist again.', 'descricao': 'Morning everyone carry up middle cold. Indicate enjoy term yard now.', 'preco': 1315, 'quantidade': 698}</msg>
<status status="PASS" starttime="20220701 16:41:56.878" endtime="20220701 16:41:56.881"/>
</kw>
<kw name="Logar E Salvar Token Como" library="login_keywords">
<arg>"Administrador"</arg>
<doc>Aceita como argumento um tipo de usuário e retorna um usuário do tipo desejado
Se não for passado um tipo de usuário, loga como usuário Não Administrador
Tipos de usuario Aceitos:
- "Administrador"
- "Nao Administrador"</doc>
<kw name="Cadastrar Novo Usuario" library="usuarios_keywords">
<var>${usuario_valido}</var>
<arg>${tipo}</arg>
<doc>Aceita como argumento um tipo de usuário e retorna um usuário do tipo desejado
Se não for passado um tipo de usuário, loga como usuário Não Administrador
Tipos de usuario Aceitos:
- "Administrador"
- "Nao Administrador"</doc>
<kw name="Criar Dados Usuario Valido Do Tipo" library="dynamics">
<var>${usuario}</var>
<arg>${tipo}</arg>
<doc>Aceita como argumento um tipo de usuário e retorna um usuário do tipo desejado
Se não for passado um tipo de usuário, retorna um usuario Não Administrador
Tipos de usuario Aceitos:
- "Administrador"
- "Nao Administrador"</doc>
<kw name="Name" library="FakerLibrary">
<var>${nome}</var>
<doc>:example 'John Doe'</doc>
<msg timestamp="20220701 16:41:56.883" level="INFO">${nome} = Melanie Lamb</msg>
<status status="PASS" starttime="20220701 16:41:56.883" endtime="20220701 16:41:56.883"/>
</kw>
<kw name="Email" library="FakerLibrary">
<var>${email}</var>
<msg timestamp="20220701 16:41:56.884" level="INFO">${email} = kenneth84@example.net</msg>
<status status="PASS" starttime="20220701 16:41:56.883" endtime="20220701 16:41:56.884"/>
</kw>
<kw name="Word" library="FakerLibrary">
<var>${word}</var>
<doc>Generate a word.</doc>
<msg timestamp="20220701 16:41:56.884" level="INFO">${word} = itself</msg>
<status status="PASS" starttime="20220701 16:41:56.884" endtime="20220701 16:41:56.884"/>
</kw>
<kw name="Catenate" library="BuiltIn">
<var>${email}</var>
<arg>SEPARATOR=</arg>
<arg>${word}</arg>
<arg>${email}</arg>
<doc>Catenates the given items together and returns the resulted string.</doc>
<msg timestamp="20220701 16:41:56.885" level="INFO">${email} = itselfkenneth84@example.net</msg>
<status status="PASS" starttime="20220701 16:41:56.884" endtime="20220701 16:41:56.885"/>
</kw>
<kw name="Password" library="FakerLibrary">
<var>${senha}</var>
<doc>Generate a random password of the specified ``length``.</doc>
<msg timestamp="20220701 16:41:56.885" level="INFO">${senha} = (ZT0QhscO#</msg>
<status status="PASS" starttime="20220701 16:41:56.885" endtime="20220701 16:41:56.885"/>
</kw>
<kw name="Set Variable If" library="BuiltIn">
<var>${administrador}</var>
<arg>${tipo} == "Administrador"</arg>
<arg>true</arg>
<arg>false</arg>
<doc>Sets variable based on the given condition.</doc>
<msg timestamp="20220701 16:41:56.886" level="INFO">${administrador} = true</msg>
<status status="PASS" starttime="20220701 16:41:56.885" endtime="20220701 16:41:56.886"/>
</kw>
<kw name="Create Dictionary" library="BuiltIn">
<var>&amp;{usuario}</var>
<arg>nome=${nome}</arg>
<arg>email=${email}</arg>
<arg>password=${senha}</arg>
<arg>administrador=${administrador}</arg>
<doc>Creates and returns a dictionary based on the given ``items``.</doc>
<msg timestamp="20220701 16:41:56.886" level="INFO">&amp;{usuario} = { nome=Melanie Lamb | email=itselfkenneth84@example.net | password=(ZT0QhscO# | administrador=true }</msg>
<status status="PASS" starttime="20220701 16:41:56.886" endtime="20220701 16:41:56.886"/>
</kw>
<msg timestamp="20220701 16:41:56.887" level="INFO">${usuario} = {'nome': 'Melanie Lamb', 'email': 'itselfkenneth84@example.net', 'password': '(ZT0QhscO#', 'administrador': 'true'}</msg>
<status status="PASS" starttime="20220701 16:41:56.882" endtime="20220701 16:41:56.887"/>
</kw>
<kw name="POST Endpoint &quot;/usuarios&quot; Com Body &quot;${usuario}&quot;" library="common" sourcename="POST Endpoint &quot;${endpoint}&quot; Com Body &quot;${body}&quot;">
<kw name="Run Keyword If" library="BuiltIn">
<arg>'_id' in ${body}</arg>
<arg>Remove From Dictionary</arg>
<arg>${body}</arg>
<arg>_id</arg>
<doc>Runs the given keyword with the given arguments, if ``condition`` is true.</doc>
<status status="PASS" starttime="20220701 16:41:56.888" endtime="20220701 16:41:56.888"/>
</kw>
<kw name="POST On Session" library="RequestsLibrary">
<var>${response}</var>
<arg>serverest</arg>
<arg>${endpoint}</arg>
<arg>json=${body}</arg>
<arg>expected_status=any</arg>
<doc>Sends a POST request on a previously created HTTP Session.</doc>
<msg timestamp="20220701 16:41:56.938" level="INFO">POST Request : url=http://localhost:3000/usuarios 
 path_url=/usuarios 
 headers={'User-Agent': 'python-requests/2.28.1', 'Accept-Encoding': 'gzip, deflate', 'Accept': '*/*', 'Connection': 'keep-alive', 'Content-Length': '115', 'Content-Type': 'application/json'} 
 body=b'{"nome": "Melanie Lamb", "email": "itselfkenneth84@example.net", "password": "(ZT0QhscO#", "administrador": "true"}' 
 </msg>
<msg timestamp="20220701 16:41:56.938" level="INFO">POST Response : url=http://localhost:3000/usuarios 
 status=201, reason=Created 
 headers={'Access-Control-Allow-Origin': '*', 'x-dns-prefetch-control': 'off', 'x-frame-options': 'SAMEORIGIN', 'strict-transport-security': 'max-age=15552000; includeSubDomains', 'x-download-options': 'noopen', 'x-content-type-options': 'nosniff', 'x-xss-protection': '1; mode=block', 'x-moesif-transaction-id': '0b1a0641-d20d-473a-a3f5-aad0957088df', 'Content-Type': 'application/json; charset=utf-8', 'Content-Length': '82', 'Date': 'Fri, 01 Jul 2022 19:41:56 GMT', 'Connection': 'keep-alive', 'Keep-Alive': 'timeout=5'} 
 body={
    "message": "Cadastro realizado com sucesso",
    "_id": "ggCWloysCG8BJCOv"
} 
 </msg>
<msg timestamp="20220701 16:41:56.938" level="INFO">${response} = &lt;Response [201]&gt;</msg>
<status status="PASS" starttime="20220701 16:41:56.888" endtime="20220701 16:41:56.938"/>
</kw>
<kw name="Set Test Variable" library="BuiltIn">
<arg>${response}</arg>
<doc>Makes a variable available everywhere within the scope of the current test.</doc>
<msg timestamp="20220701 16:41:56.939" level="INFO">${response} = &lt;Response [201]&gt;</msg>
<status status="PASS" starttime="20220701 16:41:56.939" endtime="20220701 16:41:56.939"/>
</kw>
<kw name="Set Test Variable" library="BuiltIn">
<arg>${response_body}</arg>
<arg>${response.json()}</arg>
<doc>Makes a variable available everywhere within the scope of the current test.</doc>
<msg timestamp="20220701 16:41:56.940" level="INFO">${response_body} = {'message': 'Cadastro realizado com sucesso', '_id': 'ggCWloysCG8BJCOv'}</msg>
<status status="PASS" starttime="20220701 16:41:56.939" endtime="20220701 16:41:56.940"/>
</kw>
<status status="PASS" starttime="20220701 16:41:56.887" endtime="20220701 16:41:56.941"/>
</kw>
<kw name="Validar Status Code &quot;201&quot;" library="common" sourcename="Validar Status Code &quot;${statuscode}&quot;">
<kw name="Should Be True" library="BuiltIn">
<arg>${response.status_code} == ${statuscode}</arg>
<doc>Fails if the given condition is not true.</doc>
<status status="PASS" starttime="20220701 16:41:56.941" endtime="20220701 16:41:56.942"/>
</kw>
<status status="PASS" starttime="20220701 16:41:56.941" endtime="20220701 16:41:56.942"/>
</kw>
<kw name="Validar Mensagem &quot;Cadastro realizado com sucesso&quot;" library="common" sourcename="Validar Mensagem &quot;${mensagem}&quot;">
<kw name="Should Be Equal" library="BuiltIn">
<arg>${response_body['message']}</arg>
<arg>${mensagem}</arg>
<doc>Fails if the given objects are unequal.</doc>
<status status="PASS" starttime="20220701 16:41:56.943" endtime="20220701 16:41:56.943"/>
</kw>
<status status="PASS" starttime="20220701 16:41:56.942" endtime="20220701 16:41:56.943"/>
</kw>
<kw name="Should Not Be Empty" library="BuiltIn">
<arg>${response_body['_id']}</arg>
<doc>Verifies that the given item is not empty.</doc>
<msg timestamp="20220701 16:41:56.944" level="INFO">Length is 16</msg>
<status status="PASS" starttime="20220701 16:41:56.944" endtime="20220701 16:41:56.944"/>
</kw>
<kw name="Set To Dictionary" library="Collections">
<arg>${usuario}</arg>
<arg>_id=${response_body['_id']}</arg>
<doc>Adds the given ``key_value_pairs`` and ``items`` to the ``dictionary``.</doc>
<status status="PASS" starttime="20220701 16:41:56.944" endtime="20220701 16:41:56.945"/>
</kw>
<kw name="Set Test Variable" library="BuiltIn">
<arg>${usuario_valido}</arg>
<arg>${usuario}</arg>
<doc>Makes a variable available everywhere within the scope of the current test.</doc>
<msg timestamp="20220701 16:41:56.946" level="INFO">${usuario_valido} = {'nome': 'Melanie Lamb', 'email': 'itselfkenneth84@example.net', 'password': '(ZT0QhscO#', 'administrador': 'true', '_id': 'ggCWloysCG8BJCOv'}</msg>
<status status="PASS" starttime="20220701 16:41:56.945" endtime="20220701 16:41:56.946"/>
</kw>
<msg timestamp="20220701 16:41:56.946" level="INFO">${usuario_valido} = None</msg>
<status status="PASS" starttime="20220701 16:41:56.882" endtime="20220701 16:41:56.946"/>
</kw>
<kw name="Remove From Dictionary" library="Collections">
<arg>${usuario_valido}</arg>
<arg>nome</arg>
<arg>administrador</arg>
<arg>_id</arg>
<doc>Removes the given ``keys`` from the ``dictionary``.</doc>
<msg timestamp="20220701 16:41:56.947" level="FAIL">TypeError: argument of type 'NoneType' is not iterable</msg>
<status status="FAIL" starttime="20220701 16:41:56.946" endtime="20220701 16:41:56.948"/>
</kw>
<kw name="POST Endpoint &quot;/login&quot; Com Body &quot;${usuario_valido}&quot;" library="common" sourcename="POST Endpoint &quot;${endpoint}&quot; Com Body &quot;${body}&quot;">
<status status="NOT RUN" starttime="20220701 16:41:56.948" endtime="20220701 16:41:56.948"/>
</kw>
<kw name="Validar Status Code &quot;200&quot;" library="common" sourcename="Validar Status Code &quot;${statuscode}&quot;">
<status status="NOT RUN" starttime="20220701 16:41:56.949" endtime="20220701 16:41:56.949"/>
</kw>
<kw name="Validar Mensagem &quot;Login realizado com sucesso&quot;" library="common" sourcename="Validar Mensagem &quot;${mensagem}&quot;">
<status status="NOT RUN" starttime="20220701 16:41:56.949" endtime="20220701 16:41:56.949"/>
</kw>
<kw name="Validar Token" library="login_keywords">
<status status="NOT RUN" starttime="20220701 16:41:56.949" endtime="20220701 16:41:56.950"/>
</kw>
<kw name="Create Dictionary" library="BuiltIn">
<var>&amp;{headers}</var>
<arg>Authorization=${response_body["authorization"]}</arg>
<doc>Creates and returns a dictionary based on the given ``items``.</doc>
<status status="NOT RUN" starttime="20220701 16:41:56.950" endtime="20220701 16:41:56.950"/>
</kw>
<kw name="Set Test Variable" library="BuiltIn">
<arg>${headers}</arg>
<doc>Makes a variable available everywhere within the scope of the current test.</doc>
<status status="NOT RUN" starttime="20220701 16:41:56.950" endtime="20220701 16:41:56.951"/>
</kw>
<status status="FAIL" starttime="20220701 16:41:56.881" endtime="20220701 16:41:56.951"/>
</kw>
<kw name="POST Autenticado EndPoint &quot;/produtos&quot; Com Body &quot;${produto}&quot; Headers &quot;${headers}&quot;" library="common" sourcename="POST Autenticado EndPoint &quot;${endpoint}&quot; Com Body &quot;${body}&quot; Headers &quot;${headers}&quot;">
<status status="NOT RUN" starttime="20220701 16:41:56.952" endtime="20220701 16:41:56.952"/>
</kw>
<kw name="Validar Mensagem &quot;Cadastro realizado com sucesso&quot;" library="common" sourcename="Validar Mensagem &quot;${mensagem}&quot;">
<status status="NOT RUN" starttime="20220701 16:41:56.952" endtime="20220701 16:41:56.952"/>
</kw>
<kw name="Validar Status Code &quot;201&quot;" library="common" sourcename="Validar Status Code &quot;${statuscode}&quot;">
<status status="NOT RUN" starttime="20220701 16:41:56.953" endtime="20220701 16:41:56.953"/>
</kw>
<kw name="Validar Se A Key Nao Esta Vazia &quot;_id&quot;" library="common" sourcename="Validar Se A Key Nao Esta Vazia &quot;${key}&quot;">
<status status="NOT RUN" starttime="20220701 16:41:56.953" endtime="20220701 16:41:56.953"/>
</kw>
<kw name="Set To Dictionary" library="Collections">
<arg>${produto}</arg>
<arg>_id=${response_body['_id']}</arg>
<doc>Adds the given ``key_value_pairs`` and ``items`` to the ``dictionary``.</doc>
<status status="NOT RUN" starttime="20220701 16:41:56.954" endtime="20220701 16:41:56.954"/>
</kw>
<status status="FAIL" starttime="20220701 16:41:56.878" endtime="20220701 16:41:56.954"/>
</kw>
<kw name="Get Endpoint &quot;/produtos&quot;" library="common" sourcename="GET Endpoint &quot;${endpoint}&quot;">
<status status="NOT RUN" starttime="20220701 16:41:56.955" endtime="20220701 16:41:56.955"/>
</kw>
<kw name="Validar Status Code &quot;200&quot;" library="common" sourcename="Validar Status Code &quot;${statuscode}&quot;">
<status status="NOT RUN" starttime="20220701 16:41:56.955" endtime="20220701 16:41:56.956"/>
</kw>
<kw name="Validar Quantidade De Produtos &gt; 0" library="common" sourcename="Validar Quantidade De ${item} ${operador} ${quantidade}">
<status status="NOT RUN" starttime="20220701 16:41:56.956" endtime="20220701 16:41:56.956"/>
</kw>
<tag>Buscar_Todos_Produtos</tag>
<tag>GET</tag>
<tag>GET_Produtos</tag>
<tag>Produtos</tag>
<status status="FAIL" starttime="20220701 16:41:56.877" endtime="20220701 16:41:56.957">TypeError: argument of type 'NoneType' is not iterable</status>
</test>
<test id="s1-s1-t2" name="Cenario: Buscar Produto Cadastrado" line="19">
<kw name="Cadastar Novo Produto" library="produtos_keywords">
<kw name="Gerar Novo Produto" library="produtos_keywords">
<var>${produto}</var>
<kw name="Text" library="FakerLibrary">
<var>${nome}</var>
<arg>max_nb_chars=30</arg>
<doc>Generate a text string.</doc>
<msg timestamp="20220701 16:41:56.969" level="INFO">${nome} = Car bag place painting speak.</msg>
<status status="PASS" starttime="20220701 16:41:56.968" endtime="20220701 16:41:56.969"/>
</kw>
<kw name="Text" library="FakerLibrary">
<var>${descricao}</var>
<arg>max_nb_chars=100</arg>
<doc>Generate a text string.</doc>
<msg timestamp="20220701 16:41:56.969" level="INFO">${descricao} = Development investment course significant able adult three. Explain build money medical first.</msg>
<status status="PASS" starttime="20220701 16:41:56.969" endtime="20220701 16:41:56.969"/>
</kw>
<kw name="Random Int" library="FakerLibrary">
<var>${preco}</var>
<arg>min=100</arg>
<arg>max=4000</arg>
<doc>Generate a random integer between two integers ``min`` and ``max`` inclusive
while observing the provided ``step`` value.</doc>
<msg timestamp="20220701 16:41:56.970" level="INFO">${preco} = 1821</msg>
<status status="PASS" starttime="20220701 16:41:56.969" endtime="20220701 16:41:56.970"/>
</kw>
<kw name="Random Int" library="FakerLibrary">
<var>${quantidade}</var>
<arg>min=300</arg>
<arg>max=1000</arg>
<doc>Generate a random integer between two integers ``min`` and ``max`` inclusive
while observing the provided ``step`` value.</doc>
<msg timestamp="20220701 16:41:56.970" level="INFO">${quantidade} = 694</msg>
<status status="PASS" starttime="20220701 16:41:56.970" endtime="20220701 16:41:56.970"/>
</kw>
<kw name="Create Dictionary" library="BuiltIn">
<var>&amp;{produto}</var>
<arg>nome=${nome}</arg>
<arg>descricao=${descricao}</arg>
<arg>preco=${preco}</arg>
<arg>quantidade=${quantidade}</arg>
<doc>Creates and returns a dictionary based on the given ``items``.</doc>
<msg timestamp="20220701 16:41:56.971" level="INFO">&amp;{produto} = { nome=Car bag place painting speak. | descricao=Development investment course significant able adult three. Explain build money medical first. | preco=1821 | quantidade=694 }</msg>
<status status="PASS" starttime="20220701 16:41:56.970" endtime="20220701 16:41:56.971"/>
</kw>
<msg timestamp="20220701 16:41:56.971" level="INFO">${produto} = {'nome': 'Car bag place painting speak.', 'descricao': 'Development investment course significant able adult three. Explain build money medical first.', 'preco': 1821, 'quantidade': 694}</msg>
<status status="PASS" starttime="20220701 16:41:56.968" endtime="20220701 16:41:56.971"/>
</kw>
<kw name="Logar E Salvar Token Como" library="login_keywords">
<arg>"Administrador"</arg>
<doc>Aceita como argumento um tipo de usuário e retorna um usuário do tipo desejado
Se não for passado um tipo de usuário, loga como usuário Não Administrador
Tipos de usuario Aceitos:
- "Administrador"
- "Nao Administrador"</doc>
<kw name="Cadastrar Novo Usuario" library="usuarios_keywords">
<var>${usuario_valido}</var>
<arg>${tipo}</arg>
<doc>Aceita como argumento um tipo de usuário e retorna um usuário do tipo desejado
Se não for passado um tipo de usuário, loga como usuário Não Administrador
Tipos de usuario Aceitos:
- "Administrador"
- "Nao Administrador"</doc>
<kw name="Criar Dados Usuario Valido Do Tipo" library="dynamics">
<var>${usuario}</var>
<arg>${tipo}</arg>
<doc>Aceita como argumento um tipo de usuário e retorna um usuário do tipo desejado
Se não for passado um tipo de usuário, retorna um usuario Não Administrador
Tipos de usuario Aceitos:
- "Administrador"
- "Nao Administrador"</doc>
<kw name="Name" library="FakerLibrary">
<var>${nome}</var>
<doc>:example 'John Doe'</doc>
<msg timestamp="20220701 16:41:56.973" level="INFO">${nome} = David Walls</msg>
<status status="PASS" starttime="20220701 16:41:56.972" endtime="20220701 16:41:56.973"/>
</kw>
<kw name="Email" library="FakerLibrary">
<var>${email}</var>
<msg timestamp="20220701 16:41:56.974" level="INFO">${email} = brownregina@example.org</msg>
<status status="PASS" starttime="20220701 16:41:56.973" endtime="20220701 16:41:56.974"/>
</kw>
<kw name="Word" library="FakerLibrary">
<var>${word}</var>
<doc>Generate a word.</doc>
<msg timestamp="20220701 16:41:56.974" level="INFO">${word} = position</msg>
<status status="PASS" starttime="20220701 16:41:56.974" endtime="20220701 16:41:56.974"/>
</kw>
<kw name="Catenate" library="BuiltIn">
<var>${email}</var>
<arg>SEPARATOR=</arg>
<arg>${word}</arg>
<arg>${email}</arg>
<doc>Catenates the given items together and returns the resulted string.</doc>
<msg timestamp="20220701 16:41:56.974" level="INFO">${email} = positionbrownregina@example.org</msg>
<status status="PASS" starttime="20220701 16:41:56.974" endtime="20220701 16:41:56.974"/>
</kw>
<kw name="Password" library="FakerLibrary">
<var>${senha}</var>
<doc>Generate a random password of the specified ``length``.</doc>
<msg timestamp="20220701 16:41:56.975" level="INFO">${senha} = _0X5Uj9l#@</msg>
<status status="PASS" starttime="20220701 16:41:56.975" endtime="20220701 16:41:56.975"/>
</kw>
<kw name="Set Variable If" library="BuiltIn">
<var>${administrador}</var>
<arg>${tipo} == "Administrador"</arg>
<arg>true</arg>
<arg>false</arg>
<doc>Sets variable based on the given condition.</doc>
<msg timestamp="20220701 16:41:56.975" level="INFO">${administrador} = true</msg>
<status status="PASS" starttime="20220701 16:41:56.975" endtime="20220701 16:41:56.975"/>
</kw>
<kw name="Create Dictionary" library="BuiltIn">
<var>&amp;{usuario}</var>
<arg>nome=${nome}</arg>
<arg>email=${email}</arg>
<arg>password=${senha}</arg>
<arg>administrador=${administrador}</arg>
<doc>Creates and returns a dictionary based on the given ``items``.</doc>
<msg timestamp="20220701 16:41:56.976" level="INFO">&amp;{usuario} = { nome=David Walls | email=positionbrownregina@example.org | password=_0X5Uj9l#@ | administrador=true }</msg>
<status status="PASS" starttime="20220701 16:41:56.975" endtime="20220701 16:41:56.976"/>
</kw>
<msg timestamp="20220701 16:41:56.976" level="INFO">${usuario} = {'nome': 'David Walls', 'email': 'positionbrownregina@example.org', 'password': '_0X5Uj9l#@', 'administrador': 'true'}</msg>
<status status="PASS" starttime="20220701 16:41:56.972" endtime="20220701 16:41:56.976"/>
</kw>
<kw name="POST Endpoint &quot;/usuarios&quot; Com Body &quot;${usuario}&quot;" library="common" sourcename="POST Endpoint &quot;${endpoint}&quot; Com Body &quot;${body}&quot;">
<kw name="Run Keyword If" library="BuiltIn">
<arg>'_id' in ${body}</arg>
<arg>Remove From Dictionary</arg>
<arg>${body}</arg>
<arg>_id</arg>
<doc>Runs the given keyword with the given arguments, if ``condition`` is true.</doc>
<status status="PASS" starttime="20220701 16:41:56.977" endtime="20220701 16:41:56.977"/>
</kw>
<kw name="POST On Session" library="RequestsLibrary">
<var>${response}</var>
<arg>serverest</arg>
<arg>${endpoint}</arg>
<arg>json=${body}</arg>
<arg>expected_status=any</arg>
<doc>Sends a POST request on a previously created HTTP Session.</doc>
<msg timestamp="20220701 16:41:57.024" level="INFO">POST Request : url=http://localhost:3000/usuarios 
 path_url=/usuarios 
 headers={'User-Agent': 'python-requests/2.28.1', 'Accept-Encoding': 'gzip, deflate', 'Accept': '*/*', 'Connection': 'keep-alive', 'Content-Length': '118', 'Content-Type': 'application/json'} 
 body=b'{"nome": "David Walls", "email": "positionbrownregina@example.org", "password": "_0X5Uj9l#@", "administrador": "true"}' 
 </msg>
<msg timestamp="20220701 16:41:57.024" level="INFO">POST Response : url=http://localhost:3000/usuarios 
 status=201, reason=Created 
 headers={'Access-Control-Allow-Origin': '*', 'x-dns-prefetch-control': 'off', 'x-frame-options': 'SAMEORIGIN', 'strict-transport-security': 'max-age=15552000; includeSubDomains', 'x-download-options': 'noopen', 'x-content-type-options': 'nosniff', 'x-xss-protection': '1; mode=block', 'x-moesif-transaction-id': 'cff49e38-88bb-4c52-b3cd-f96a411af739', 'Content-Type': 'application/json; charset=utf-8', 'Content-Length': '82', 'Date': 'Fri, 01 Jul 2022 19:41:57 GMT', 'Connection': 'keep-alive', 'Keep-Alive': 'timeout=5'} 
 body={
    "message": "Cadastro realizado com sucesso",
    "_id": "jxVVjvxc1kFXg3sF"
} 
 </msg>
<msg timestamp="20220701 16:41:57.024" level="INFO">${response} = &lt;Response [201]&gt;</msg>
<status status="PASS" starttime="20220701 16:41:56.977" endtime="20220701 16:41:57.024"/>
</kw>
<kw name="Set Test Variable" library="BuiltIn">
<arg>${response}</arg>
<doc>Makes a variable available everywhere within the scope of the current test.</doc>
<msg timestamp="20220701 16:41:57.025" level="INFO">${response} = &lt;Response [201]&gt;</msg>
<status status="PASS" starttime="20220701 16:41:57.024" endtime="20220701 16:41:57.025"/>
</kw>
<kw name="Set Test Variable" library="BuiltIn">
<arg>${response_body}</arg>
<arg>${response.json()}</arg>
<doc>Makes a variable available everywhere within the scope of the current test.</doc>
<msg timestamp="20220701 16:41:57.026" level="INFO">${response_body} = {'message': 'Cadastro realizado com sucesso', '_id': 'jxVVjvxc1kFXg3sF'}</msg>
<status status="PASS" starttime="20220701 16:41:57.025" endtime="20220701 16:41:57.026"/>
</kw>
<status status="PASS" starttime="20220701 16:41:56.976" endtime="20220701 16:41:57.026"/>
</kw>
<kw name="Validar Status Code &quot;201&quot;" library="common" sourcename="Validar Status Code &quot;${statuscode}&quot;">
<kw name="Should Be True" library="BuiltIn">
<arg>${response.status_code} == ${statuscode}</arg>
<doc>Fails if the given condition is not true.</doc>
<status status="PASS" starttime="20220701 16:41:57.027" endtime="20220701 16:41:57.028"/>
</kw>
<status status="PASS" starttime="20220701 16:41:57.027" endtime="20220701 16:41:57.028"/>
</kw>
<kw name="Validar Mensagem &quot;Cadastro realizado com sucesso&quot;" library="common" sourcename="Validar Mensagem &quot;${mensagem}&quot;">
<kw name="Should Be Equal" library="BuiltIn">
<arg>${response_body['message']}</arg>
<arg>${mensagem}</arg>
<doc>Fails if the given objects are unequal.</doc>
<status status="PASS" starttime="20220701 16:41:57.029" endtime="20220701 16:41:57.029"/>
</kw>
<status status="PASS" starttime="20220701 16:41:57.028" endtime="20220701 16:41:57.029"/>
</kw>
<kw name="Should Not Be Empty" library="BuiltIn">
<arg>${response_body['_id']}</arg>
<doc>Verifies that the given item is not empty.</doc>
<msg timestamp="20220701 16:41:57.030" level="INFO">Length is 16</msg>
<status status="PASS" starttime="20220701 16:41:57.030" endtime="20220701 16:41:57.030"/>
</kw>
<kw name="Set To Dictionary" library="Collections">
<arg>${usuario}</arg>
<arg>_id=${response_body['_id']}</arg>
<doc>Adds the given ``key_value_pairs`` and ``items`` to the ``dictionary``.</doc>
<status status="PASS" starttime="20220701 16:41:57.030" endtime="20220701 16:41:57.031"/>
</kw>
<kw name="Set Test Variable" library="BuiltIn">
<arg>${usuario_valido}</arg>
<arg>${usuario}</arg>
<doc>Makes a variable available everywhere within the scope of the current test.</doc>
<msg timestamp="20220701 16:41:57.032" level="INFO">${usuario_valido} = {'nome': 'David Walls', 'email': 'positionbrownregina@example.org', 'password': '_0X5Uj9l#@', 'administrador': 'true', '_id': 'jxVVjvxc1kFXg3sF'}</msg>
<status status="PASS" starttime="20220701 16:41:57.031" endtime="20220701 16:41:57.032"/>
</kw>
<msg timestamp="20220701 16:41:57.032" level="INFO">${usuario_valido} = None</msg>
<status status="PASS" starttime="20220701 16:41:56.972" endtime="20220701 16:41:57.032"/>
</kw>
<kw name="Remove From Dictionary" library="Collections">
<arg>${usuario_valido}</arg>
<arg>nome</arg>
<arg>administrador</arg>
<arg>_id</arg>
<doc>Removes the given ``keys`` from the ``dictionary``.</doc>
<msg timestamp="20220701 16:41:57.033" level="FAIL">TypeError: argument of type 'NoneType' is not iterable</msg>
<status status="FAIL" starttime="20220701 16:41:57.032" endtime="20220701 16:41:57.033"/>
</kw>
<kw name="POST Endpoint &quot;/login&quot; Com Body &quot;${usuario_valido}&quot;" library="common" sourcename="POST Endpoint &quot;${endpoint}&quot; Com Body &quot;${body}&quot;">
<status status="NOT RUN" starttime="20220701 16:41:57.033" endtime="20220701 16:41:57.033"/>
</kw>
<kw name="Validar Status Code &quot;200&quot;" library="common" sourcename="Validar Status Code &quot;${statuscode}&quot;">
<status status="NOT RUN" starttime="20220701 16:41:57.034" endtime="20220701 16:41:57.034"/>
</kw>
<kw name="Validar Mensagem &quot;Login realizado com sucesso&quot;" library="common" sourcename="Validar Mensagem &quot;${mensagem}&quot;">
<status status="NOT RUN" starttime="20220701 16:41:57.034" endtime="20220701 16:41:57.034"/>
</kw>
<kw name="Validar Token" library="login_keywords">
<status status="NOT RUN" starttime="20220701 16:41:57.034" endtime="20220701 16:41:57.034"/>
</kw>
<kw name="Create Dictionary" library="BuiltIn">
<var>&amp;{headers}</var>
<arg>Authorization=${response_body["authorization"]}</arg>
<doc>Creates and returns a dictionary based on the given ``items``.</doc>
<status status="NOT RUN" starttime="20220701 16:41:57.034" endtime="20220701 16:41:57.034"/>
</kw>
<kw name="Set Test Variable" library="BuiltIn">
<arg>${headers}</arg>
<doc>Makes a variable available everywhere within the scope of the current test.</doc>
<status status="NOT RUN" starttime="20220701 16:41:57.035" endtime="20220701 16:41:57.035"/>
</kw>
<status status="FAIL" starttime="20220701 16:41:56.971" endtime="20220701 16:41:57.035"/>
</kw>
<kw name="POST Autenticado EndPoint &quot;/produtos&quot; Com Body &quot;${produto}&quot; Headers &quot;${headers}&quot;" library="common" sourcename="POST Autenticado EndPoint &quot;${endpoint}&quot; Com Body &quot;${body}&quot; Headers &quot;${headers}&quot;">
<status status="NOT RUN" starttime="20220701 16:41:57.035" endtime="20220701 16:41:57.035"/>
</kw>
<kw name="Validar Mensagem &quot;Cadastro realizado com sucesso&quot;" library="common" sourcename="Validar Mensagem &quot;${mensagem}&quot;">
<status status="NOT RUN" starttime="20220701 16:41:57.036" endtime="20220701 16:41:57.036"/>
</kw>
<kw name="Validar Status Code &quot;201&quot;" library="common" sourcename="Validar Status Code &quot;${statuscode}&quot;">
<status status="NOT RUN" starttime="20220701 16:41:57.036" endtime="20220701 16:41:57.036"/>
</kw>
<kw name="Validar Se A Key Nao Esta Vazia &quot;_id&quot;" library="common" sourcename="Validar Se A Key Nao Esta Vazia &quot;${key}&quot;">
<status status="NOT RUN" starttime="20220701 16:41:57.036" endtime="20220701 16:41:57.036"/>
</kw>
<kw name="Set To Dictionary" library="Collections">
<arg>${produto}</arg>
<arg>_id=${response_body['_id']}</arg>
<doc>Adds the given ``key_value_pairs`` and ``items`` to the ``dictionary``.</doc>
<status status="NOT RUN" starttime="20220701 16:41:57.036" endtime="20220701 16:41:57.036"/>
</kw>
<status status="FAIL" starttime="20220701 16:41:56.967" endtime="20220701 16:41:57.037"/>
</kw>
<kw name="Pegar Produto Cadastrado" library="produtos_keywords">
<var>${produto}</var>
<status status="NOT RUN" starttime="20220701 16:41:57.037" endtime="20220701 16:41:57.037"/>
</kw>
<kw name="Get Endpoint &quot;/produtos/${produto['_id']}&quot;" library="common" sourcename="GET Endpoint &quot;${endpoint}&quot;">
<status status="NOT RUN" starttime="20220701 16:41:57.037" endtime="20220701 16:41:57.038"/>
</kw>
<kw name="Validar Status Code &quot;200&quot;" library="common" sourcename="Validar Status Code &quot;${statuscode}&quot;">
<status status="NOT RUN" starttime="20220701 16:41:57.038" endtime="20220701 16:41:57.038"/>
</kw>
<kw name="Validar Quantidade De Produtos &gt; 0" library="common" sourcename="Validar Quantidade De ${item} ${operador} ${quantidade}">
<status status="NOT RUN" starttime="20220701 16:41:57.038" endtime="20220701 16:41:57.038"/>
</kw>
<tag>Buscar_Produto_Cadastrado</tag>
<tag>GET</tag>
<tag>GET_Produtos</tag>
<tag>Produtos</tag>
<status status="FAIL" starttime="20220701 16:41:56.967" endtime="20220701 16:41:57.038">TypeError: argument of type 'NoneType' is not iterable</status>
</test>
<test id="s1-s1-t3" name="Cenario: Tentar Buscar Produto Nao Cadastrado" line="27">
<kw name="Get Endpoint &quot;/produtos/NaoCadastrado&quot;" library="common" sourcename="GET Endpoint &quot;${endpoint}&quot;">
<kw name="GET On Session" library="RequestsLibrary">
<var>${response}</var>
<arg>serverest</arg>
<arg>${endpoint}</arg>
<arg>expected_status=any</arg>
<doc>Sends a GET request on a previously created HTTP Session.</doc>
<msg timestamp="20220701 16:41:57.043" level="INFO">GET Request : url=http://localhost:3000/produtos/NaoCadastrado 
 path_url=/produtos/NaoCadastrado 
 headers={'User-Agent': 'python-requests/2.28.1', 'Accept-Encoding': 'gzip, deflate', 'Accept': '*/*', 'Connection': 'keep-alive'} 
 body=None 
 </msg>
<msg timestamp="20220701 16:41:57.043" level="INFO">GET Response : url=http://localhost:3000/produtos/NaoCadastrado 
 status=400, reason=Bad Request 
 headers={'Access-Control-Allow-Origin': '*', 'x-dns-prefetch-control': 'off', 'x-frame-options': 'SAMEORIGIN', 'strict-transport-security': 'max-age=15552000; includeSubDomains', 'x-download-options': 'noopen', 'x-content-type-options': 'nosniff', 'x-xss-protection': '1; mode=block', 'x-moesif-transaction-id': '22822b15-6948-4c8c-943a-d6a5c04b06d7', 'Content-Type': 'application/json; charset=utf-8', 'Content-Length': '44', 'Date': 'Fri, 01 Jul 2022 19:41:57 GMT', 'Connection': 'keep-alive', 'Keep-Alive': 'timeout=5'} 
 body={
    "message": "Produto não encontrado"
} 
 </msg>
<msg timestamp="20220701 16:41:57.043" level="INFO">${response} = &lt;Response [400]&gt;</msg>
<status status="PASS" starttime="20220701 16:41:57.039" endtime="20220701 16:41:57.043"/>
</kw>
<kw name="Set Test Variable" library="BuiltIn">
<arg>${response}</arg>
<doc>Makes a variable available everywhere within the scope of the current test.</doc>
<msg timestamp="20220701 16:41:57.044" level="INFO">${response} = &lt;Response [400]&gt;</msg>
<status status="PASS" starttime="20220701 16:41:57.043" endtime="20220701 16:41:57.044"/>
</kw>
<kw name="Set Test Variable" library="BuiltIn">
<arg>${response_body}</arg>
<arg>${response.json()}</arg>
<doc>Makes a variable available everywhere within the scope of the current test.</doc>
<msg timestamp="20220701 16:41:57.045" level="INFO">${response_body} = {'message': 'Produto não encontrado'}</msg>
<status status="PASS" starttime="20220701 16:41:57.044" endtime="20220701 16:41:57.045"/>
</kw>
<status status="PASS" starttime="20220701 16:41:57.039" endtime="20220701 16:41:57.045"/>
</kw>
<kw name="Validar Status Code &quot;400&quot;" library="common" sourcename="Validar Status Code &quot;${statuscode}&quot;">
<kw name="Should Be True" library="BuiltIn">
<arg>${response.status_code} == ${statuscode}</arg>
<doc>Fails if the given condition is not true.</doc>
<status status="PASS" starttime="20220701 16:41:57.046" endtime="20220701 16:41:57.047"/>
</kw>
<status status="PASS" starttime="20220701 16:41:57.045" endtime="20220701 16:41:57.047"/>
</kw>
<kw name="Validar Mensagem &quot;Produto não encontrado&quot;" library="common" sourcename="Validar Mensagem &quot;${mensagem}&quot;">
<kw name="Should Be Equal" library="BuiltIn">
<arg>${response_body['message']}</arg>
<arg>${mensagem}</arg>
<doc>Fails if the given objects are unequal.</doc>
<status status="PASS" starttime="20220701 16:41:57.047" endtime="20220701 16:41:57.048"/>
</kw>
<status status="PASS" starttime="20220701 16:41:57.047" endtime="20220701 16:41:57.048"/>
</kw>
<tag>Buscar_Produto_Nao_Cadastrado</tag>
<tag>GET</tag>
<tag>GET_Produtos</tag>
<tag>Produtos</tag>
<status status="PASS" starttime="20220701 16:41:57.039" endtime="20220701 16:41:57.048"/>
</test>
<test id="s1-s1-t4" name="Cenario: Cadastrar Produto Valido" line="36">
<kw name="Gerar Novo Produto" library="produtos_keywords">
<var>${produto}</var>
<kw name="Text" library="FakerLibrary">
<var>${nome}</var>
<arg>max_nb_chars=30</arg>
<doc>Generate a text string.</doc>
<msg timestamp="20220701 16:41:57.050" level="INFO">${nome} = Plant life right view.</msg>
<status status="PASS" starttime="20220701 16:41:57.049" endtime="20220701 16:41:57.050"/>
</kw>
<kw name="Text" library="FakerLibrary">
<var>${descricao}</var>
<arg>max_nb_chars=100</arg>
<doc>Generate a text string.</doc>
<msg timestamp="20220701 16:41:57.050" level="INFO">${descricao} = Bank yet provide across simply room. Blue that degree improve according. Same place five.</msg>
<status status="PASS" starttime="20220701 16:41:57.050" endtime="20220701 16:41:57.050"/>
</kw>
<kw name="Random Int" library="FakerLibrary">
<var>${preco}</var>
<arg>min=100</arg>
<arg>max=4000</arg>
<doc>Generate a random integer between two integers ``min`` and ``max`` inclusive
while observing the provided ``step`` value.</doc>
<msg timestamp="20220701 16:41:57.051" level="INFO">${preco} = 3083</msg>
<status status="PASS" starttime="20220701 16:41:57.050" endtime="20220701 16:41:57.051"/>
</kw>
<kw name="Random Int" library="FakerLibrary">
<var>${quantidade}</var>
<arg>min=300</arg>
<arg>max=1000</arg>
<doc>Generate a random integer between two integers ``min`` and ``max`` inclusive
while observing the provided ``step`` value.</doc>
<msg timestamp="20220701 16:41:57.051" level="INFO">${quantidade} = 985</msg>
<status status="PASS" starttime="20220701 16:41:57.051" endtime="20220701 16:41:57.051"/>
</kw>
<kw name="Create Dictionary" library="BuiltIn">
<var>&amp;{produto}</var>
<arg>nome=${nome}</arg>
<arg>descricao=${descricao}</arg>
<arg>preco=${preco}</arg>
<arg>quantidade=${quantidade}</arg>
<doc>Creates and returns a dictionary based on the given ``items``.</doc>
<msg timestamp="20220701 16:41:57.052" level="INFO">&amp;{produto} = { nome=Plant life right view. | descricao=Bank yet provide across simply room. Blue that degree improve according. Same place five. | preco=3083 | quantidade=985 }</msg>
<status status="PASS" starttime="20220701 16:41:57.051" endtime="20220701 16:41:57.052"/>
</kw>
<msg timestamp="20220701 16:41:57.052" level="INFO">${produto} = {'nome': 'Plant life right view.', 'descricao': 'Bank yet provide across simply room. Blue that degree improve according. Same place five.', 'preco': 3083, 'quantidade': 985}</msg>
<status status="PASS" starttime="20220701 16:41:57.049" endtime="20220701 16:41:57.052"/>
</kw>
<kw name="Logar E Salvar Token Como" library="login_keywords">
<arg>"Administrador"</arg>
<doc>Aceita como argumento um tipo de usuário e retorna um usuário do tipo desejado
Se não for passado um tipo de usuário, loga como usuário Não Administrador
Tipos de usuario Aceitos:
- "Administrador"
- "Nao Administrador"</doc>
<kw name="Cadastrar Novo Usuario" library="usuarios_keywords">
<var>${usuario_valido}</var>
<arg>${tipo}</arg>
<doc>Aceita como argumento um tipo de usuário e retorna um usuário do tipo desejado
Se não for passado um tipo de usuário, loga como usuário Não Administrador
Tipos de usuario Aceitos:
- "Administrador"
- "Nao Administrador"</doc>
<kw name="Criar Dados Usuario Valido Do Tipo" library="dynamics">
<var>${usuario}</var>
<arg>${tipo}</arg>
<doc>Aceita como argumento um tipo de usuário e retorna um usuário do tipo desejado
Se não for passado um tipo de usuário, retorna um usuario Não Administrador
Tipos de usuario Aceitos:
- "Administrador"
- "Nao Administrador"</doc>
<kw name="Name" library="FakerLibrary">
<var>${nome}</var>
<doc>:example 'John Doe'</doc>
<msg timestamp="20220701 16:41:57.054" level="INFO">${nome} = Virginia Schultz</msg>
<status status="PASS" starttime="20220701 16:41:57.054" endtime="20220701 16:41:57.054"/>
</kw>
<kw name="Email" library="FakerLibrary">
<var>${email}</var>
<msg timestamp="20220701 16:41:57.054" level="INFO">${email} = rrodriguez@example.org</msg>
<status status="PASS" starttime="20220701 16:41:57.054" endtime="20220701 16:41:57.054"/>
</kw>
<kw name="Word" library="FakerLibrary">
<var>${word}</var>
<doc>Generate a word.</doc>
<msg timestamp="20220701 16:41:57.055" level="INFO">${word} = interesting</msg>
<status status="PASS" starttime="20220701 16:41:57.055" endtime="20220701 16:41:57.055"/>
</kw>
<kw name="Catenate" library="BuiltIn">
<var>${email}</var>
<arg>SEPARATOR=</arg>
<arg>${word}</arg>
<arg>${email}</arg>
<doc>Catenates the given items together and returns the resulted string.</doc>
<msg timestamp="20220701 16:41:57.055" level="INFO">${email} = interestingrrodriguez@example.org</msg>
<status status="PASS" starttime="20220701 16:41:57.055" endtime="20220701 16:41:57.055"/>
</kw>
<kw name="Password" library="FakerLibrary">
<var>${senha}</var>
<doc>Generate a random password of the specified ``length``.</doc>
<msg timestamp="20220701 16:41:57.056" level="INFO">${senha} = 4@(6K_Wiht</msg>
<status status="PASS" starttime="20220701 16:41:57.055" endtime="20220701 16:41:57.056"/>
</kw>
<kw name="Set Variable If" library="BuiltIn">
<var>${administrador}</var>
<arg>${tipo} == "Administrador"</arg>
<arg>true</arg>
<arg>false</arg>
<doc>Sets variable based on the given condition.</doc>
<msg timestamp="20220701 16:41:57.056" level="INFO">${administrador} = true</msg>
<status status="PASS" starttime="20220701 16:41:57.056" endtime="20220701 16:41:57.056"/>
</kw>
<kw name="Create Dictionary" library="BuiltIn">
<var>&amp;{usuario}</var>
<arg>nome=${nome}</arg>
<arg>email=${email}</arg>
<arg>password=${senha}</arg>
<arg>administrador=${administrador}</arg>
<doc>Creates and returns a dictionary based on the given ``items``.</doc>
<msg timestamp="20220701 16:41:57.057" level="INFO">&amp;{usuario} = { nome=Virginia Schultz | email=interestingrrodriguez@example.org | password=4@(6K_Wiht | administrador=true }</msg>
<status status="PASS" starttime="20220701 16:41:57.056" endtime="20220701 16:41:57.057"/>
</kw>
<msg timestamp="20220701 16:41:57.057" level="INFO">${usuario} = {'nome': 'Virginia Schultz', 'email': 'interestingrrodriguez@example.org', 'password': '4@(6K_Wiht', 'administrador': 'true'}</msg>
<status status="PASS" starttime="20220701 16:41:57.053" endtime="20220701 16:41:57.057"/>
</kw>
<kw name="POST Endpoint &quot;/usuarios&quot; Com Body &quot;${usuario}&quot;" library="common" sourcename="POST Endpoint &quot;${endpoint}&quot; Com Body &quot;${body}&quot;">
<kw name="Run Keyword If" library="BuiltIn">
<arg>'_id' in ${body}</arg>
<arg>Remove From Dictionary</arg>
<arg>${body}</arg>
<arg>_id</arg>
<doc>Runs the given keyword with the given arguments, if ``condition`` is true.</doc>
<status status="PASS" starttime="20220701 16:41:57.058" endtime="20220701 16:41:57.058"/>
</kw>
<kw name="POST On Session" library="RequestsLibrary">
<var>${response}</var>
<arg>serverest</arg>
<arg>${endpoint}</arg>
<arg>json=${body}</arg>
<arg>expected_status=any</arg>
<doc>Sends a POST request on a previously created HTTP Session.</doc>
<msg timestamp="20220701 16:41:57.091" level="INFO">POST Request : url=http://localhost:3000/usuarios 
 path_url=/usuarios 
 headers={'User-Agent': 'python-requests/2.28.1', 'Accept-Encoding': 'gzip, deflate', 'Accept': '*/*', 'Connection': 'keep-alive', 'Content-Length': '125', 'Content-Type': 'application/json'} 
 body=b'{"nome": "Virginia Schultz", "email": "interestingrrodriguez@example.org", "password": "4@(6K_Wiht", "administrador": "true"}' 
 </msg>
<msg timestamp="20220701 16:41:57.091" level="INFO">POST Response : url=http://localhost:3000/usuarios 
 status=201, reason=Created 
 headers={'Access-Control-Allow-Origin': '*', 'x-dns-prefetch-control': 'off', 'x-frame-options': 'SAMEORIGIN', 'strict-transport-security': 'max-age=15552000; includeSubDomains', 'x-download-options': 'noopen', 'x-content-type-options': 'nosniff', 'x-xss-protection': '1; mode=block', 'x-moesif-transaction-id': '56959a15-b1dc-4d16-aecf-ae8cfe2d9754', 'Content-Type': 'application/json; charset=utf-8', 'Content-Length': '82', 'Date': 'Fri, 01 Jul 2022 19:41:57 GMT', 'Connection': 'keep-alive', 'Keep-Alive': 'timeout=5'} 
 body={
    "message": "Cadastro realizado com sucesso",
    "_id": "FYc6KunZ9PZz57BZ"
} 
 </msg>
<msg timestamp="20220701 16:41:57.091" level="INFO">${response} = &lt;Response [201]&gt;</msg>
<status status="PASS" starttime="20220701 16:41:57.059" endtime="20220701 16:41:57.092"/>
</kw>
<kw name="Set Test Variable" library="BuiltIn">
<arg>${response}</arg>
<doc>Makes a variable available everywhere within the scope of the current test.</doc>
<msg timestamp="20220701 16:41:57.092" level="INFO">${response} = &lt;Response [201]&gt;</msg>
<status status="PASS" starttime="20220701 16:41:57.092" endtime="20220701 16:41:57.092"/>
</kw>
<kw name="Set Test Variable" library="BuiltIn">
<arg>${response_body}</arg>
<arg>${response.json()}</arg>
<doc>Makes a variable available everywhere within the scope of the current test.</doc>
<msg timestamp="20220701 16:41:57.094" level="INFO">${response_body} = {'message': 'Cadastro realizado com sucesso', '_id': 'FYc6KunZ9PZz57BZ'}</msg>
<status status="PASS" starttime="20220701 16:41:57.092" endtime="20220701 16:41:57.094"/>
</kw>
<status status="PASS" starttime="20220701 16:41:57.058" endtime="20220701 16:41:57.094"/>
</kw>
<kw name="Validar Status Code &quot;201&quot;" library="common" sourcename="Validar Status Code &quot;${statuscode}&quot;">
<kw name="Should Be True" library="BuiltIn">
<arg>${response.status_code} == ${statuscode}</arg>
<doc>Fails if the given condition is not true.</doc>
<status status="PASS" starttime="20220701 16:41:57.095" endtime="20220701 16:41:57.096"/>
</kw>
<status status="PASS" starttime="20220701 16:41:57.094" endtime="20220701 16:41:57.096"/>
</kw>
<kw name="Validar Mensagem &quot;Cadastro realizado com sucesso&quot;" library="common" sourcename="Validar Mensagem &quot;${mensagem}&quot;">
<kw name="Should Be Equal" library="BuiltIn">
<arg>${response_body['message']}</arg>
<arg>${mensagem}</arg>
<doc>Fails if the given objects are unequal.</doc>
<status status="PASS" starttime="20220701 16:41:57.096" endtime="20220701 16:41:57.097"/>
</kw>
<status status="PASS" starttime="20220701 16:41:57.096" endtime="20220701 16:41:57.097"/>
</kw>
<kw name="Should Not Be Empty" library="BuiltIn">
<arg>${response_body['_id']}</arg>
<doc>Verifies that the given item is not empty.</doc>
<msg timestamp="20220701 16:41:57.098" level="INFO">Length is 16</msg>
<status status="PASS" starttime="20220701 16:41:57.097" endtime="20220701 16:41:57.098"/>
</kw>
<kw name="Set To Dictionary" library="Collections">
<arg>${usuario}</arg>
<arg>_id=${response_body['_id']}</arg>
<doc>Adds the given ``key_value_pairs`` and ``items`` to the ``dictionary``.</doc>
<status status="PASS" starttime="20220701 16:41:57.098" endtime="20220701 16:41:57.099"/>
</kw>
<kw name="Set Test Variable" library="BuiltIn">
<arg>${usuario_valido}</arg>
<arg>${usuario}</arg>
<doc>Makes a variable available everywhere within the scope of the current test.</doc>
<msg timestamp="20220701 16:41:57.100" level="INFO">${usuario_valido} = {'nome': 'Virginia Schultz', 'email': 'interestingrrodriguez@example.org', 'password': '4@(6K_Wiht', 'administrador': 'true', '_id': 'FYc6KunZ9PZz57BZ'}</msg>
<status status="PASS" starttime="20220701 16:41:57.099" endtime="20220701 16:41:57.100"/>
</kw>
<msg timestamp="20220701 16:41:57.100" level="INFO">${usuario_valido} = None</msg>
<status status="PASS" starttime="20220701 16:41:57.053" endtime="20220701 16:41:57.100"/>
</kw>
<kw name="Remove From Dictionary" library="Collections">
<arg>${usuario_valido}</arg>
<arg>nome</arg>
<arg>administrador</arg>
<arg>_id</arg>
<doc>Removes the given ``keys`` from the ``dictionary``.</doc>
<msg timestamp="20220701 16:41:57.101" level="FAIL">TypeError: argument of type 'NoneType' is not iterable</msg>
<status status="FAIL" starttime="20220701 16:41:57.100" endtime="20220701 16:41:57.101"/>
</kw>
<kw name="POST Endpoint &quot;/login&quot; Com Body &quot;${usuario_valido}&quot;" library="common" sourcename="POST Endpoint &quot;${endpoint}&quot; Com Body &quot;${body}&quot;">
<status status="NOT RUN" starttime="20220701 16:41:57.101" endtime="20220701 16:41:57.101"/>
</kw>
<kw name="Validar Status Code &quot;200&quot;" library="common" sourcename="Validar Status Code &quot;${statuscode}&quot;">
<status status="NOT RUN" starttime="20220701 16:41:57.101" endtime="20220701 16:41:57.101"/>
</kw>
<kw name="Validar Mensagem &quot;Login realizado com sucesso&quot;" library="common" sourcename="Validar Mensagem &quot;${mensagem}&quot;">
<status status="NOT RUN" starttime="20220701 16:41:57.102" endtime="20220701 16:41:57.102"/>
</kw>
<kw name="Validar Token" library="login_keywords">
<status status="NOT RUN" starttime="20220701 16:41:57.102" endtime="20220701 16:41:57.102"/>
</kw>
<kw name="Create Dictionary" library="BuiltIn">
<var>&amp;{headers}</var>
<arg>Authorization=${response_body["authorization"]}</arg>
<doc>Creates and returns a dictionary based on the given ``items``.</doc>
<status status="NOT RUN" starttime="20220701 16:41:57.102" endtime="20220701 16:41:57.102"/>
</kw>
<kw name="Set Test Variable" library="BuiltIn">
<arg>${headers}</arg>
<doc>Makes a variable available everywhere within the scope of the current test.</doc>
<status status="NOT RUN" starttime="20220701 16:41:57.102" endtime="20220701 16:41:57.102"/>
</kw>
<status status="FAIL" starttime="20220701 16:41:57.052" endtime="20220701 16:41:57.103"/>
</kw>
<kw name="POST Autenticado EndPoint &quot;/produtos&quot; Com Body &quot;${produto}&quot; Headers &quot;${headers}&quot;" library="common" sourcename="POST Autenticado EndPoint &quot;${endpoint}&quot; Com Body &quot;${body}&quot; Headers &quot;${headers}&quot;">
<status status="NOT RUN" starttime="20220701 16:41:57.103" endtime="20220701 16:41:57.103"/>
</kw>
<kw name="Validar Mensagem &quot;Cadastro realizado com sucesso&quot;" library="common" sourcename="Validar Mensagem &quot;${mensagem}&quot;">
<status status="NOT RUN" starttime="20220701 16:41:57.103" endtime="20220701 16:41:57.103"/>
</kw>
<kw name="Validar Status Code &quot;201&quot;" library="common" sourcename="Validar Status Code &quot;${statuscode}&quot;">
<status status="NOT RUN" starttime="20220701 16:41:57.104" endtime="20220701 16:41:57.104"/>
</kw>
<kw name="Validar Se A Key Nao Esta Vazia &quot;_id&quot;" library="common" sourcename="Validar Se A Key Nao Esta Vazia &quot;${key}&quot;">
<status status="NOT RUN" starttime="20220701 16:41:57.104" endtime="20220701 16:41:57.104"/>
</kw>
<tag>Cadastar_Produto_Valido</tag>
<tag>Cadastrar_Produto</tag>
<tag>POST</tag>
<status status="FAIL" starttime="20220701 16:41:57.049" endtime="20220701 16:41:57.104">TypeError: argument of type 'NoneType' is not iterable</status>
</test>
<test id="s1-s1-t5" name="Cenario: Cadastrar 20 Produtos" line="45">
<kw name="Logar E Salvar Token Como" library="login_keywords">
<arg>"Administrador"</arg>
<doc>Aceita como argumento um tipo de usuário e retorna um usuário do tipo desejado
Se não for passado um tipo de usuário, loga como usuário Não Administrador
Tipos de usuario Aceitos:
- "Administrador"
- "Nao Administrador"</doc>
<kw name="Cadastrar Novo Usuario" library="usuarios_keywords">
<var>${usuario_valido}</var>
<arg>${tipo}</arg>
<doc>Aceita como argumento um tipo de usuário e retorna um usuário do tipo desejado
Se não for passado um tipo de usuário, loga como usuário Não Administrador
Tipos de usuario Aceitos:
- "Administrador"
- "Nao Administrador"</doc>
<kw name="Criar Dados Usuario Valido Do Tipo" library="dynamics">
<var>${usuario}</var>
<arg>${tipo}</arg>
<doc>Aceita como argumento um tipo de usuário e retorna um usuário do tipo desejado
Se não for passado um tipo de usuário, retorna um usuario Não Administrador
Tipos de usuario Aceitos:
- "Administrador"
- "Nao Administrador"</doc>
<kw name="Name" library="FakerLibrary">
<var>${nome}</var>
<doc>:example 'John Doe'</doc>
<msg timestamp="20220701 16:41:57.106" level="INFO">${nome} = Douglas Rodriguez</msg>
<status status="PASS" starttime="20220701 16:41:57.106" endtime="20220701 16:41:57.107"/>
</kw>
<kw name="Email" library="FakerLibrary">
<var>${email}</var>
<msg timestamp="20220701 16:41:57.107" level="INFO">${email} = pmoody@example.com</msg>
<status status="PASS" starttime="20220701 16:41:57.107" endtime="20220701 16:41:57.107"/>
</kw>
<kw name="Word" library="FakerLibrary">
<var>${word}</var>
<doc>Generate a word.</doc>
<msg timestamp="20220701 16:41:57.107" level="INFO">${word} = yourself</msg>
<status status="PASS" starttime="20220701 16:41:57.107" endtime="20220701 16:41:57.107"/>
</kw>
<kw name="Catenate" library="BuiltIn">
<var>${email}</var>
<arg>SEPARATOR=</arg>
<arg>${word}</arg>
<arg>${email}</arg>
<doc>Catenates the given items together and returns the resulted string.</doc>
<msg timestamp="20220701 16:41:57.108" level="INFO">${email} = yourselfpmoody@example.com</msg>
<status status="PASS" starttime="20220701 16:41:57.108" endtime="20220701 16:41:57.108"/>
</kw>
<kw name="Password" library="FakerLibrary">
<var>${senha}</var>
<doc>Generate a random password of the specified ``length``.</doc>
<msg timestamp="20220701 16:41:57.108" level="INFO">${senha} = _dDwSqXpQ3</msg>
<status status="PASS" starttime="20220701 16:41:57.108" endtime="20220701 16:41:57.108"/>
</kw>
<kw name="Set Variable If" library="BuiltIn">
<var>${administrador}</var>
<arg>${tipo} == "Administrador"</arg>
<arg>true</arg>
<arg>false</arg>
<doc>Sets variable based on the given condition.</doc>
<msg timestamp="20220701 16:41:57.109" level="INFO">${administrador} = true</msg>
<status status="PASS" starttime="20220701 16:41:57.108" endtime="20220701 16:41:57.109"/>
</kw>
<kw name="Create Dictionary" library="BuiltIn">
<var>&amp;{usuario}</var>
<arg>nome=${nome}</arg>
<arg>email=${email}</arg>
<arg>password=${senha}</arg>
<arg>administrador=${administrador}</arg>
<doc>Creates and returns a dictionary based on the given ``items``.</doc>
<msg timestamp="20220701 16:41:57.109" level="INFO">&amp;{usuario} = { nome=Douglas Rodriguez | email=yourselfpmoody@example.com | password=_dDwSqXpQ3 | administrador=true }</msg>
<status status="PASS" starttime="20220701 16:41:57.109" endtime="20220701 16:41:57.109"/>
</kw>
<msg timestamp="20220701 16:41:57.110" level="INFO">${usuario} = {'nome': 'Douglas Rodriguez', 'email': 'yourselfpmoody@example.com', 'password': '_dDwSqXpQ3', 'administrador': 'true'}</msg>
<status status="PASS" starttime="20220701 16:41:57.106" endtime="20220701 16:41:57.110"/>
</kw>
<kw name="POST Endpoint &quot;/usuarios&quot; Com Body &quot;${usuario}&quot;" library="common" sourcename="POST Endpoint &quot;${endpoint}&quot; Com Body &quot;${body}&quot;">
<kw name="Run Keyword If" library="BuiltIn">
<arg>'_id' in ${body}</arg>
<arg>Remove From Dictionary</arg>
<arg>${body}</arg>
<arg>_id</arg>
<doc>Runs the given keyword with the given arguments, if ``condition`` is true.</doc>
<status status="PASS" starttime="20220701 16:41:57.110" endtime="20220701 16:41:57.110"/>
</kw>
<kw name="POST On Session" library="RequestsLibrary">
<var>${response}</var>
<arg>serverest</arg>
<arg>${endpoint}</arg>
<arg>json=${body}</arg>
<arg>expected_status=any</arg>
<doc>Sends a POST request on a previously created HTTP Session.</doc>
<msg timestamp="20220701 16:41:57.159" level="INFO">POST Request : url=http://localhost:3000/usuarios 
 path_url=/usuarios 
 headers={'User-Agent': 'python-requests/2.28.1', 'Accept-Encoding': 'gzip, deflate', 'Accept': '*/*', 'Connection': 'keep-alive', 'Content-Length': '119', 'Content-Type': 'application/json'} 
 body=b'{"nome": "Douglas Rodriguez", "email": "yourselfpmoody@example.com", "password": "_dDwSqXpQ3", "administrador": "true"}' 
 </msg>
<msg timestamp="20220701 16:41:57.159" level="INFO">POST Response : url=http://localhost:3000/usuarios 
 status=201, reason=Created 
 headers={'Access-Control-Allow-Origin': '*', 'x-dns-prefetch-control': 'off', 'x-frame-options': 'SAMEORIGIN', 'strict-transport-security': 'max-age=15552000; includeSubDomains', 'x-download-options': 'noopen', 'x-content-type-options': 'nosniff', 'x-xss-protection': '1; mode=block', 'x-moesif-transaction-id': '57926b46-9687-4e9b-a94b-1f79eb4d230d', 'Content-Type': 'application/json; charset=utf-8', 'Content-Length': '82', 'Date': 'Fri, 01 Jul 2022 19:41:57 GMT', 'Connection': 'keep-alive', 'Keep-Alive': 'timeout=5'} 
 body={
    "message": "Cadastro realizado com sucesso",
    "_id": "PBrcexTDzrvH8m4d"
} 
 </msg>
<msg timestamp="20220701 16:41:57.159" level="INFO">${response} = &lt;Response [201]&gt;</msg>
<status status="PASS" starttime="20220701 16:41:57.111" endtime="20220701 16:41:57.159"/>
</kw>
<kw name="Set Test Variable" library="BuiltIn">
<arg>${response}</arg>
<doc>Makes a variable available everywhere within the scope of the current test.</doc>
<msg timestamp="20220701 16:41:57.160" level="INFO">${response} = &lt;Response [201]&gt;</msg>
<status status="PASS" starttime="20220701 16:41:57.160" endtime="20220701 16:41:57.161"/>
</kw>
<kw name="Set Test Variable" library="BuiltIn">
<arg>${response_body}</arg>
<arg>${response.json()}</arg>
<doc>Makes a variable available everywhere within the scope of the current test.</doc>
<msg timestamp="20220701 16:41:57.162" level="INFO">${response_body} = {'message': 'Cadastro realizado com sucesso', '_id': 'PBrcexTDzrvH8m4d'}</msg>
<status status="PASS" starttime="20220701 16:41:57.161" endtime="20220701 16:41:57.163"/>
</kw>
<status status="PASS" starttime="20220701 16:41:57.110" endtime="20220701 16:41:57.163"/>
</kw>
<kw name="Validar Status Code &quot;201&quot;" library="common" sourcename="Validar Status Code &quot;${statuscode}&quot;">
<kw name="Should Be True" library="BuiltIn">
<arg>${response.status_code} == ${statuscode}</arg>
<doc>Fails if the given condition is not true.</doc>
<status status="PASS" starttime="20220701 16:41:57.163" endtime="20220701 16:41:57.164"/>
</kw>
<status status="PASS" starttime="20220701 16:41:57.163" endtime="20220701 16:41:57.165"/>
</kw>
<kw name="Validar Mensagem &quot;Cadastro realizado com sucesso&quot;" library="common" sourcename="Validar Mensagem &quot;${mensagem}&quot;">
<kw name="Should Be Equal" library="BuiltIn">
<arg>${response_body['message']}</arg>
<arg>${mensagem}</arg>
<doc>Fails if the given objects are unequal.</doc>
<status status="PASS" starttime="20220701 16:41:57.166" endtime="20220701 16:41:57.167"/>
</kw>
<status status="PASS" starttime="20220701 16:41:57.165" endtime="20220701 16:41:57.167"/>
</kw>
<kw name="Should Not Be Empty" library="BuiltIn">
<arg>${response_body['_id']}</arg>
<doc>Verifies that the given item is not empty.</doc>
<msg timestamp="20220701 16:41:57.168" level="INFO">Length is 16</msg>
<status status="PASS" starttime="20220701 16:41:57.167" endtime="20220701 16:41:57.168"/>
</kw>
<kw name="Set To Dictionary" library="Collections">
<arg>${usuario}</arg>
<arg>_id=${response_body['_id']}</arg>
<doc>Adds the given ``key_value_pairs`` and ``items`` to the ``dictionary``.</doc>
<status status="PASS" starttime="20220701 16:41:57.169" endtime="20220701 16:41:57.170"/>
</kw>
<kw name="Set Test Variable" library="BuiltIn">
<arg>${usuario_valido}</arg>
<arg>${usuario}</arg>
<doc>Makes a variable available everywhere within the scope of the current test.</doc>
<msg timestamp="20220701 16:41:57.172" level="INFO">${usuario_valido} = {'nome': 'Douglas Rodriguez', 'email': 'yourselfpmoody@example.com', 'password': '_dDwSqXpQ3', 'administrador': 'true', '_id': 'PBrcexTDzrvH8m4d'}</msg>
<status status="PASS" starttime="20220701 16:41:57.170" endtime="20220701 16:41:57.172"/>
</kw>
<msg timestamp="20220701 16:41:57.172" level="INFO">${usuario_valido} = None</msg>
<status status="PASS" starttime="20220701 16:41:57.105" endtime="20220701 16:41:57.172"/>
</kw>
<kw name="Remove From Dictionary" library="Collections">
<arg>${usuario_valido}</arg>
<arg>nome</arg>
<arg>administrador</arg>
<arg>_id</arg>
<doc>Removes the given ``keys`` from the ``dictionary``.</doc>
<msg timestamp="20220701 16:41:57.173" level="FAIL">TypeError: argument of type 'NoneType' is not iterable</msg>
<status status="FAIL" starttime="20220701 16:41:57.172" endtime="20220701 16:41:57.173"/>
</kw>
<kw name="POST Endpoint &quot;/login&quot; Com Body &quot;${usuario_valido}&quot;" library="common" sourcename="POST Endpoint &quot;${endpoint}&quot; Com Body &quot;${body}&quot;">
<status status="NOT RUN" starttime="20220701 16:41:57.174" endtime="20220701 16:41:57.174"/>
</kw>
<kw name="Validar Status Code &quot;200&quot;" library="common" sourcename="Validar Status Code &quot;${statuscode}&quot;">
<status status="NOT RUN" starttime="20220701 16:41:57.174" endtime="20220701 16:41:57.174"/>
</kw>
<kw name="Validar Mensagem &quot;Login realizado com sucesso&quot;" library="common" sourcename="Validar Mensagem &quot;${mensagem}&quot;">
<status status="NOT RUN" starttime="20220701 16:41:57.175" endtime="20220701 16:41:57.175"/>
</kw>
<kw name="Validar Token" library="login_keywords">
<status status="NOT RUN" starttime="20220701 16:41:57.175" endtime="20220701 16:41:57.175"/>
</kw>
<kw name="Create Dictionary" library="BuiltIn">
<var>&amp;{headers}</var>
<arg>Authorization=${response_body["authorization"]}</arg>
<doc>Creates and returns a dictionary based on the given ``items``.</doc>
<status status="NOT RUN" starttime="20220701 16:41:57.175" endtime="20220701 16:41:57.176"/>
</kw>
<kw name="Set Test Variable" library="BuiltIn">
<arg>${headers}</arg>
<doc>Makes a variable available everywhere within the scope of the current test.</doc>
<status status="NOT RUN" starttime="20220701 16:41:57.176" endtime="20220701 16:41:57.176"/>
</kw>
<status status="FAIL" starttime="20220701 16:41:57.105" endtime="20220701 16:41:57.177"/>
</kw>
<for flavor="IN RANGE">
<var>${i}</var>
<value>20</value>
<iter>
<var name="${i}"/>
<kw name="Gerar Novo Produto" library="produtos_keywords">
<var>${produto}</var>
<status status="NOT RUN" starttime="20220701 16:41:57.178" endtime="20220701 16:41:57.178"/>
</kw>
<kw name="POST Autenticado EndPoint &quot;/produtos&quot; Com Body &quot;${produto}&quot; Headers &quot;${headers}&quot;" library="common" sourcename="POST Autenticado EndPoint &quot;${endpoint}&quot; Com Body &quot;${body}&quot; Headers &quot;${headers}&quot;">
<status status="NOT RUN" starttime="20220701 16:41:57.178" endtime="20220701 16:41:57.178"/>
</kw>
<kw name="Validar Mensagem &quot;Cadastro realizado com sucesso&quot;" library="common" sourcename="Validar Mensagem &quot;${mensagem}&quot;">
<status status="NOT RUN" starttime="20220701 16:41:57.179" endtime="20220701 16:41:57.179"/>
</kw>
<kw name="Validar Status Code &quot;201&quot;" library="common" sourcename="Validar Status Code &quot;${statuscode}&quot;">
<status status="NOT RUN" starttime="20220701 16:41:57.179" endtime="20220701 16:41:57.179"/>
</kw>
<kw name="Validar Se A Key Nao Esta Vazia &quot;_id&quot;" library="common" sourcename="Validar Se A Key Nao Esta Vazia &quot;${key}&quot;">
<status status="NOT RUN" starttime="20220701 16:41:57.180" endtime="20220701 16:41:57.180"/>
</kw>
<status status="NOT RUN" starttime="20220701 16:41:57.177" endtime="20220701 16:41:57.180"/>
</iter>
<status status="NOT RUN" starttime="20220701 16:41:57.177" endtime="20220701 16:41:57.180"/>
</for>
<tag>Cadastar_Produto_20_Produtos</tag>
<tag>Cadastrar_Produto</tag>
<tag>POST</tag>
<status status="FAIL" starttime="20220701 16:41:57.105" endtime="20220701 16:41:57.180">TypeError: argument of type 'NoneType' is not iterable</status>
</test>
<test id="s1-s1-t6" name="Cenario: Tentar Cadastrar Produto Valido Nao Administrador" line="56">
<kw name="Gerar Novo Produto" library="produtos_keywords">
<var>${produto}</var>
<kw name="Text" library="FakerLibrary">
<var>${nome}</var>
<arg>max_nb_chars=30</arg>
<doc>Generate a text string.</doc>
<msg timestamp="20220701 16:41:57.183" level="INFO">${nome} = A process coach rise.</msg>
<status status="PASS" starttime="20220701 16:41:57.183" endtime="20220701 16:41:57.183"/>
</kw>
<kw name="Text" library="FakerLibrary">
<var>${descricao}</var>
<arg>max_nb_chars=100</arg>
<doc>Generate a text string.</doc>
<msg timestamp="20220701 16:41:57.184" level="INFO">${descricao} = Offer current practice apply church care nation quite. Father into affect.</msg>
<status status="PASS" starttime="20220701 16:41:57.184" endtime="20220701 16:41:57.184"/>
</kw>
<kw name="Random Int" library="FakerLibrary">
<var>${preco}</var>
<arg>min=100</arg>
<arg>max=4000</arg>
<doc>Generate a random integer between two integers ``min`` and ``max`` inclusive
while observing the provided ``step`` value.</doc>
<msg timestamp="20220701 16:41:57.185" level="INFO">${preco} = 1270</msg>
<status status="PASS" starttime="20220701 16:41:57.184" endtime="20220701 16:41:57.185"/>
</kw>
<kw name="Random Int" library="FakerLibrary">
<var>${quantidade}</var>
<arg>min=300</arg>
<arg>max=1000</arg>
<doc>Generate a random integer between two integers ``min`` and ``max`` inclusive
while observing the provided ``step`` value.</doc>
<msg timestamp="20220701 16:41:57.185" level="INFO">${quantidade} = 828</msg>
<status status="PASS" starttime="20220701 16:41:57.185" endtime="20220701 16:41:57.185"/>
</kw>
<kw name="Create Dictionary" library="BuiltIn">
<var>&amp;{produto}</var>
<arg>nome=${nome}</arg>
<arg>descricao=${descricao}</arg>
<arg>preco=${preco}</arg>
<arg>quantidade=${quantidade}</arg>
<doc>Creates and returns a dictionary based on the given ``items``.</doc>
<msg timestamp="20220701 16:41:57.186" level="INFO">&amp;{produto} = { nome=A process coach rise. | descricao=Offer current practice apply church care nation quite. Father into affect. | preco=1270 | quantidade=828 }</msg>
<status status="PASS" starttime="20220701 16:41:57.186" endtime="20220701 16:41:57.186"/>
</kw>
<msg timestamp="20220701 16:41:57.186" level="INFO">${produto} = {'nome': 'A process coach rise.', 'descricao': 'Offer current practice apply church care nation quite. Father into affect.', 'preco': 1270, 'quantidade': 828}</msg>
<status status="PASS" starttime="20220701 16:41:57.182" endtime="20220701 16:41:57.186"/>
</kw>
<kw name="Logar E Salvar Token Como" library="login_keywords">
<arg>"Nao Administrador"</arg>
<doc>Aceita como argumento um tipo de usuário e retorna um usuário do tipo desejado
Se não for passado um tipo de usuário, loga como usuário Não Administrador
Tipos de usuario Aceitos:
- "Administrador"
- "Nao Administrador"</doc>
<kw name="Cadastrar Novo Usuario" library="usuarios_keywords">
<var>${usuario_valido}</var>
<arg>${tipo}</arg>
<doc>Aceita como argumento um tipo de usuário e retorna um usuário do tipo desejado
Se não for passado um tipo de usuário, loga como usuário Não Administrador
Tipos de usuario Aceitos:
- "Administrador"
- "Nao Administrador"</doc>
<kw name="Criar Dados Usuario Valido Do Tipo" library="dynamics">
<var>${usuario}</var>
<arg>${tipo}</arg>
<doc>Aceita como argumento um tipo de usuário e retorna um usuário do tipo desejado
Se não for passado um tipo de usuário, retorna um usuario Não Administrador
Tipos de usuario Aceitos:
- "Administrador"
- "Nao Administrador"</doc>
<kw name="Name" library="FakerLibrary">
<var>${nome}</var>
<doc>:example 'John Doe'</doc>
<msg timestamp="20220701 16:41:57.188" level="INFO">${nome} = Dawn Taylor</msg>
<status status="PASS" starttime="20220701 16:41:57.188" endtime="20220701 16:41:57.188"/>
</kw>
<kw name="Email" library="FakerLibrary">
<var>${email}</var>
<msg timestamp="20220701 16:41:57.189" level="INFO">${email} = philip61@example.com</msg>
<status status="PASS" starttime="20220701 16:41:57.188" endtime="20220701 16:41:57.189"/>
</kw>
<kw name="Word" library="FakerLibrary">
<var>${word}</var>
<doc>Generate a word.</doc>
<msg timestamp="20220701 16:41:57.189" level="INFO">${word} = place</msg>
<status status="PASS" starttime="20220701 16:41:57.189" endtime="20220701 16:41:57.189"/>
</kw>
<kw name="Catenate" library="BuiltIn">
<var>${email}</var>
<arg>SEPARATOR=</arg>
<arg>${word}</arg>
<arg>${email}</arg>
<doc>Catenates the given items together and returns the resulted string.</doc>
<msg timestamp="20220701 16:41:57.190" level="INFO">${email} = placephilip61@example.com</msg>
<status status="PASS" starttime="20220701 16:41:57.189" endtime="20220701 16:41:57.190"/>
</kw>
<kw name="Password" library="FakerLibrary">
<var>${senha}</var>
<doc>Generate a random password of the specified ``length``.</doc>
<msg timestamp="20220701 16:41:57.190" level="INFO">${senha} = s2R7Q4Uq$E</msg>
<status status="PASS" starttime="20220701 16:41:57.190" endtime="20220701 16:41:57.190"/>
</kw>
<kw name="Set Variable If" library="BuiltIn">
<var>${administrador}</var>
<arg>${tipo} == "Administrador"</arg>
<arg>true</arg>
<arg>false</arg>
<doc>Sets variable based on the given condition.</doc>
<msg timestamp="20220701 16:41:57.191" level="INFO">${administrador} = false</msg>
<status status="PASS" starttime="20220701 16:41:57.190" endtime="20220701 16:41:57.191"/>
</kw>
<kw name="Create Dictionary" library="BuiltIn">
<var>&amp;{usuario}</var>
<arg>nome=${nome}</arg>
<arg>email=${email}</arg>
<arg>password=${senha}</arg>
<arg>administrador=${administrador}</arg>
<doc>Creates and returns a dictionary based on the given ``items``.</doc>
<msg timestamp="20220701 16:41:57.192" level="INFO">&amp;{usuario} = { nome=Dawn Taylor | email=placephilip61@example.com | password=s2R7Q4Uq$E | administrador=false }</msg>
<status status="PASS" starttime="20220701 16:41:57.191" endtime="20220701 16:41:57.192"/>
</kw>
<msg timestamp="20220701 16:41:57.192" level="INFO">${usuario} = {'nome': 'Dawn Taylor', 'email': 'placephilip61@example.com', 'password': 's2R7Q4Uq$E', 'administrador': 'false'}</msg>
<status status="PASS" starttime="20220701 16:41:57.187" endtime="20220701 16:41:57.192"/>
</kw>
<kw name="POST Endpoint &quot;/usuarios&quot; Com Body &quot;${usuario}&quot;" library="common" sourcename="POST Endpoint &quot;${endpoint}&quot; Com Body &quot;${body}&quot;">
<kw name="Run Keyword If" library="BuiltIn">
<arg>'_id' in ${body}</arg>
<arg>Remove From Dictionary</arg>
<arg>${body}</arg>
<arg>_id</arg>
<doc>Runs the given keyword with the given arguments, if ``condition`` is true.</doc>
<status status="PASS" starttime="20220701 16:41:57.192" endtime="20220701 16:41:57.197"/>
</kw>
<kw name="POST On Session" library="RequestsLibrary">
<var>${response}</var>
<arg>serverest</arg>
<arg>${endpoint}</arg>
<arg>json=${body}</arg>
<arg>expected_status=any</arg>
<doc>Sends a POST request on a previously created HTTP Session.</doc>
<msg timestamp="20220701 16:41:57.236" level="INFO">POST Request : url=http://localhost:3000/usuarios 
 path_url=/usuarios 
 headers={'User-Agent': 'python-requests/2.28.1', 'Accept-Encoding': 'gzip, deflate', 'Accept': '*/*', 'Connection': 'keep-alive', 'Content-Length': '113', 'Content-Type': 'application/json'} 
 body=b'{"nome": "Dawn Taylor", "email": "placephilip61@example.com", "password": "s2R7Q4Uq$E", "administrador": "false"}' 
 </msg>
<msg timestamp="20220701 16:41:57.236" level="INFO">POST Response : url=http://localhost:3000/usuarios 
 status=201, reason=Created 
 headers={'Access-Control-Allow-Origin': '*', 'x-dns-prefetch-control': 'off', 'x-frame-options': 'SAMEORIGIN', 'strict-transport-security': 'max-age=15552000; includeSubDomains', 'x-download-options': 'noopen', 'x-content-type-options': 'nosniff', 'x-xss-protection': '1; mode=block', 'x-moesif-transaction-id': '2c215ed3-0b1b-4b12-b7da-b8788f97f3dc', 'Content-Type': 'application/json; charset=utf-8', 'Content-Length': '82', 'Date': 'Fri, 01 Jul 2022 19:41:57 GMT', 'Connection': 'keep-alive', 'Keep-Alive': 'timeout=5'} 
 body={
    "message": "Cadastro realizado com sucesso",
    "_id": "jNqpNMo85nBE2X68"
} 
 </msg>
<msg timestamp="20220701 16:41:57.236" level="INFO">${response} = &lt;Response [201]&gt;</msg>
<status status="PASS" starttime="20220701 16:41:57.198" endtime="20220701 16:41:57.236"/>
</kw>
<kw name="Set Test Variable" library="BuiltIn">
<arg>${response}</arg>
<doc>Makes a variable available everywhere within the scope of the current test.</doc>
<msg timestamp="20220701 16:41:57.237" level="INFO">${response} = &lt;Response [201]&gt;</msg>
<status status="PASS" starttime="20220701 16:41:57.236" endtime="20220701 16:41:57.237"/>
</kw>
<kw name="Set Test Variable" library="BuiltIn">
<arg>${response_body}</arg>
<arg>${response.json()}</arg>
<doc>Makes a variable available everywhere within the scope of the current test.</doc>
<msg timestamp="20220701 16:41:57.238" level="INFO">${response_body} = {'message': 'Cadastro realizado com sucesso', '_id': 'jNqpNMo85nBE2X68'}</msg>
<status status="PASS" starttime="20220701 16:41:57.237" endtime="20220701 16:41:57.238"/>
</kw>
<status status="PASS" starttime="20220701 16:41:57.192" endtime="20220701 16:41:57.238"/>
</kw>
<kw name="Validar Status Code &quot;201&quot;" library="common" sourcename="Validar Status Code &quot;${statuscode}&quot;">
<kw name="Should Be True" library="BuiltIn">
<arg>${response.status_code} == ${statuscode}</arg>
<doc>Fails if the given condition is not true.</doc>
<status status="PASS" starttime="20220701 16:41:57.239" endtime="20220701 16:41:57.240"/>
</kw>
<status status="PASS" starttime="20220701 16:41:57.238" endtime="20220701 16:41:57.240"/>
</kw>
<kw name="Validar Mensagem &quot;Cadastro realizado com sucesso&quot;" library="common" sourcename="Validar Mensagem &quot;${mensagem}&quot;">
<kw name="Should Be Equal" library="BuiltIn">
<arg>${response_body['message']}</arg>
<arg>${mensagem}</arg>
<doc>Fails if the given objects are unequal.</doc>
<status status="PASS" starttime="20220701 16:41:57.240" endtime="20220701 16:41:57.241"/>
</kw>
<status status="PASS" starttime="20220701 16:41:57.240" endtime="20220701 16:41:57.241"/>
</kw>
<kw name="Should Not Be Empty" library="BuiltIn">
<arg>${response_body['_id']}</arg>
<doc>Verifies that the given item is not empty.</doc>
<msg timestamp="20220701 16:41:57.242" level="INFO">Length is 16</msg>
<status status="PASS" starttime="20220701 16:41:57.241" endtime="20220701 16:41:57.242"/>
</kw>
<kw name="Set To Dictionary" library="Collections">
<arg>${usuario}</arg>
<arg>_id=${response_body['_id']}</arg>
<doc>Adds the given ``key_value_pairs`` and ``items`` to the ``dictionary``.</doc>
<status status="PASS" starttime="20220701 16:41:57.242" endtime="20220701 16:41:57.243"/>
</kw>
<kw name="Set Test Variable" library="BuiltIn">
<arg>${usuario_valido}</arg>
<arg>${usuario}</arg>
<doc>Makes a variable available everywhere within the scope of the current test.</doc>
<msg timestamp="20220701 16:41:57.244" level="INFO">${usuario_valido} = {'nome': 'Dawn Taylor', 'email': 'placephilip61@example.com', 'password': 's2R7Q4Uq$E', 'administrador': 'false', '_id': 'jNqpNMo85nBE2X68'}</msg>
<status status="PASS" starttime="20220701 16:41:57.243" endtime="20220701 16:41:57.244"/>
</kw>
<msg timestamp="20220701 16:41:57.244" level="INFO">${usuario_valido} = None</msg>
<status status="PASS" starttime="20220701 16:41:57.187" endtime="20220701 16:41:57.244"/>
</kw>
<kw name="Remove From Dictionary" library="Collections">
<arg>${usuario_valido}</arg>
<arg>nome</arg>
<arg>administrador</arg>
<arg>_id</arg>
<doc>Removes the given ``keys`` from the ``dictionary``.</doc>
<msg timestamp="20220701 16:41:57.245" level="FAIL">TypeError: argument of type 'NoneType' is not iterable</msg>
<status status="FAIL" starttime="20220701 16:41:57.244" endtime="20220701 16:41:57.245"/>
</kw>
<kw name="POST Endpoint &quot;/login&quot; Com Body &quot;${usuario_valido}&quot;" library="common" sourcename="POST Endpoint &quot;${endpoint}&quot; Com Body &quot;${body}&quot;">
<status status="NOT RUN" starttime="20220701 16:41:57.245" endtime="20220701 16:41:57.245"/>
</kw>
<kw name="Validar Status Code &quot;200&quot;" library="common" sourcename="Validar Status Code &quot;${statuscode}&quot;">
<status status="NOT RUN" starttime="20220701 16:41:57.245" endtime="20220701 16:41:57.246"/>
</kw>
<kw name="Validar Mensagem &quot;Login realizado com sucesso&quot;" library="common" sourcename="Validar Mensagem &quot;${mensagem}&quot;">
<status status="NOT RUN" starttime="20220701 16:41:57.246" endtime="20220701 16:41:57.246"/>
</kw>
<kw name="Validar Token" library="login_keywords">
<status status="NOT RUN" starttime="20220701 16:41:57.246" endtime="20220701 16:41:57.246"/>
</kw>
<kw name="Create Dictionary" library="BuiltIn">
<var>&amp;{headers}</var>
<arg>Authorization=${response_body["authorization"]}</arg>
<doc>Creates and returns a dictionary based on the given ``items``.</doc>
<status status="NOT RUN" starttime="20220701 16:41:57.246" endtime="20220701 16:41:57.246"/>
</kw>
<kw name="Set Test Variable" library="BuiltIn">
<arg>${headers}</arg>
<doc>Makes a variable available everywhere within the scope of the current test.</doc>
<status status="NOT RUN" starttime="20220701 16:41:57.246" endtime="20220701 16:41:57.246"/>
</kw>
<status status="FAIL" starttime="20220701 16:41:57.187" endtime="20220701 16:41:57.247"/>
</kw>
<kw name="POST Autenticado EndPoint &quot;/produtos&quot; Com Body &quot;${produto}&quot; Headers &quot;${headers}&quot;" library="common" sourcename="POST Autenticado EndPoint &quot;${endpoint}&quot; Com Body &quot;${body}&quot; Headers &quot;${headers}&quot;">
<status status="NOT RUN" starttime="20220701 16:41:57.247" endtime="20220701 16:41:57.247"/>
</kw>
<kw name="Validar Mensagem &quot;Rota exclusiva para administradores&quot;" library="common" sourcename="Validar Mensagem &quot;${mensagem}&quot;">
<status status="NOT RUN" starttime="20220701 16:41:57.247" endtime="20220701 16:41:57.247"/>
</kw>
<kw name="Validar Status Code &quot;403&quot;" library="common" sourcename="Validar Status Code &quot;${statuscode}&quot;">
<status status="NOT RUN" starttime="20220701 16:41:57.248" endtime="20220701 16:41:57.248"/>
</kw>
<tag>Cadastar_Produto_Valido_Nao Administrador</tag>
<tag>Cadastrar_Produto</tag>
<tag>POST</tag>
<status status="FAIL" starttime="20220701 16:41:57.181" endtime="20220701 16:41:57.248">TypeError: argument of type 'NoneType' is not iterable</status>
</test>
<test id="s1-s1-t7" name="Cenario: Tentar Cadastar Produto Nao Autenticado" line="64">
<kw name="Gerar Novo Produto" library="produtos_keywords">
<var>${produto}</var>
<kw name="Text" library="FakerLibrary">
<var>${nome}</var>
<arg>max_nb_chars=30</arg>
<doc>Generate a text string.</doc>
<msg timestamp="20220701 16:41:57.249" level="INFO">${nome} = Majority require chair area.</msg>
<status status="PASS" starttime="20220701 16:41:57.249" endtime="20220701 16:41:57.249"/>
</kw>
<kw name="Text" library="FakerLibrary">
<var>${descricao}</var>
<arg>max_nb_chars=100</arg>
<doc>Generate a text string.</doc>
<msg timestamp="20220701 16:41:57.250" level="INFO">${descricao} = Organization case yes others. Defense player product series material.</msg>
<status status="PASS" starttime="20220701 16:41:57.250" endtime="20220701 16:41:57.250"/>
</kw>
[...]
</kw>
<kw name="Validar Mensagem &quot;Token de acesso ausente, inválido, expirado ou usuário do token não existe mais&quot;" library="common" sourcename="Validar Mensagem &quot;${mensagem}&quot;">
<status status="NOT RUN" starttime="20220701 16:41:58.475" endtime="20220701 16:41:58.475"/>
</kw>
<tag>Deletar_Produto_Sem_Autenticacao</tag>
<tag>DELETE</tag>
<tag>DELETE_Produtos</tag>
<tag>Produtos</tag>
<status status="FAIL" starttime="20220701 16:41:58.430" endtime="20220701 16:41:58.476">TypeError: argument of type 'NoneType' is not iterable</status>
</test>
<test id="s1-s1-t30" name="Cenario: Tentar Deletar Produto Cadastrado Com Autenticacao De Nao Administrador" line="250">
<kw name="Cadastar Novo Produto" library="produtos_keywords">
<var>${produto}</var>
<kw name="Gerar Novo Produto" library="produtos_keywords">
<var>${produto}</var>
<kw name="Text" library="FakerLibrary">
<var>${nome}</var>
<arg>max_nb_chars=30</arg>
<doc>Generate a text string.</doc>
<msg timestamp="20220701 16:41:58.477" level="INFO">${nome} = Hear rate may see guess.</msg>
<status status="PASS" starttime="20220701 16:41:58.477" endtime="20220701 16:41:58.477"/>
</kw>
<kw name="Text" library="FakerLibrary">
<var>${descricao}</var>
<arg>max_nb_chars=100</arg>
<doc>Generate a text string.</doc>
<msg timestamp="20220701 16:41:58.478" level="INFO">${descricao} = Relationship suddenly mission begin view but.</msg>
<status status="PASS" starttime="20220701 16:41:58.478" endtime="20220701 16:41:58.478"/>
</kw>
<kw name="Random Int" library="FakerLibrary">
<var>${preco}</var>
<arg>min=100</arg>
<arg>max=4000</arg>
<doc>Generate a random integer between two integers ``min`` and ``max`` inclusive
while observing the provided ``step`` value.</doc>
<msg timestamp="20220701 16:41:58.478" level="INFO">${preco} = 3393</msg>
<status status="PASS" starttime="20220701 16:41:58.478" endtime="20220701 16:41:58.478"/>
</kw>
<kw name="Random Int" library="FakerLibrary">
<var>${quantidade}</var>
<arg>min=300</arg>
<arg>max=1000</arg>
<doc>Generate a random integer between two integers ``min`` and ``max`` inclusive
while observing the provided ``step`` value.</doc>
<msg timestamp="20220701 16:41:58.479" level="INFO">${quantidade} = 677</msg>
<status status="PASS" starttime="20220701 16:41:58.479" endtime="20220701 16:41:58.479"/>
</kw>
<kw name="Create Dictionary" library="BuiltIn">
<var>&amp;{produto}</var>
<arg>nome=${nome}</arg>
<arg>descricao=${descricao}</arg>
<arg>preco=${preco}</arg>
<arg>quantidade=${quantidade}</arg>
<doc>Creates and returns a dictionary based on the given ``items``.</doc>
<msg timestamp="20220701 16:41:58.479" level="INFO">&amp;{produto} = { nome=Hear rate may see guess. | descricao=Relationship suddenly mission begin view but. | preco=3393 | quantidade=677 }</msg>
<status status="PASS" starttime="20220701 16:41:58.479" endtime="20220701 16:41:58.480"/>
</kw>
<msg timestamp="20220701 16:41:58.480" level="INFO">${produto} = {'nome': 'Hear rate may see guess.', 'descricao': 'Relationship suddenly mission begin view but.', 'preco': 3393, 'quantidade': 677}</msg>
<status status="PASS" starttime="20220701 16:41:58.477" endtime="20220701 16:41:58.480"/>
</kw>
<kw name="Logar E Salvar Token Como" library="login_keywords">
<arg>"Administrador"</arg>
<doc>Aceita como argumento um tipo de usuário e retorna um usuário do tipo desejado
Se não for passado um tipo de usuário, loga como usuário Não Administrador
Tipos de usuario Aceitos:
- "Administrador"
- "Nao Administrador"</doc>
<kw name="Cadastrar Novo Usuario" library="usuarios_keywords">
<var>${usuario_valido}</var>
<arg>${tipo}</arg>
<doc>Aceita como argumento um tipo de usuário e retorna um usuário do tipo desejado
Se não for passado um tipo de usuário, loga como usuário Não Administrador
Tipos de usuario Aceitos:
- "Administrador"
- "Nao Administrador"</doc>
<kw name="Criar Dados Usuario Valido Do Tipo" library="dynamics">
<var>${usuario}</var>
<arg>${tipo}</arg>
<doc>Aceita como argumento um tipo de usuário e retorna um usuário do tipo desejado
Se não for passado um tipo de usuário, retorna um usuario Não Administrador
Tipos de usuario Aceitos:
- "Administrador"
- "Nao Administrador"</doc>
<kw name="Name" library="FakerLibrary">
<var>${nome}</var>
<doc>:example 'John Doe'</doc>
<msg timestamp="20220701 16:41:58.481" level="INFO">${nome} = Christopher Bond</msg>
<status status="PASS" starttime="20220701 16:41:58.481" endtime="20220701 16:41:58.481"/>
</kw>
<kw name="Email" library="FakerLibrary">
<var>${email}</var>
<msg timestamp="20220701 16:41:58.482" level="INFO">${email} = vhouston@example.org</msg>
<status status="PASS" starttime="20220701 16:41:58.481" endtime="20220701 16:41:58.482"/>
</kw>
<kw name="Word" library="FakerLibrary">
<var>${word}</var>
<doc>Generate a word.</doc>
<msg timestamp="20220701 16:41:58.482" level="INFO">${word} = skin</msg>
<status status="PASS" starttime="20220701 16:41:58.482" endtime="20220701 16:41:58.482"/>
</kw>
<kw name="Catenate" library="BuiltIn">
<var>${email}</var>
<arg>SEPARATOR=</arg>
<arg>${word}</arg>
<arg>${email}</arg>
<doc>Catenates the given items together and returns the resulted string.</doc>
<msg timestamp="20220701 16:41:58.483" level="INFO">${email} = skinvhouston@example.org</msg>
<status status="PASS" starttime="20220701 16:41:58.482" endtime="20220701 16:41:58.483"/>
</kw>
<kw name="Password" library="FakerLibrary">
<var>${senha}</var>
<doc>Generate a random password of the specified ``length``.</doc>
<msg timestamp="20220701 16:41:58.483" level="INFO">${senha} = D%5Ospj2w$</msg>
<status status="PASS" starttime="20220701 16:41:58.483" endtime="20220701 16:41:58.483"/>
</kw>
<kw name="Set Variable If" library="BuiltIn">
<var>${administrador}</var>
<arg>${tipo} == "Administrador"</arg>
<arg>true</arg>
<arg>false</arg>
<doc>Sets variable based on the given condition.</doc>
<msg timestamp="20220701 16:41:58.483" level="INFO">${administrador} = true</msg>
<status status="PASS" starttime="20220701 16:41:58.483" endtime="20220701 16:41:58.483"/>
</kw>
<kw name="Create Dictionary" library="BuiltIn">
<var>&amp;{usuario}</var>
<arg>nome=${nome}</arg>
<arg>email=${email}</arg>
<arg>password=${senha}</arg>
<arg>administrador=${administrador}</arg>
<doc>Creates and returns a dictionary based on the given ``items``.</doc>
<msg timestamp="20220701 16:41:58.484" level="INFO">&amp;{usuario} = { nome=Christopher Bond | email=skinvhouston@example.org | password=D%5Ospj2w$ | administrador=true }</msg>
<status status="PASS" starttime="20220701 16:41:58.483" endtime="20220701 16:41:58.484"/>
</kw>
<msg timestamp="20220701 16:41:58.484" level="INFO">${usuario} = {'nome': 'Christopher Bond', 'email': 'skinvhouston@example.org', 'password': 'D%5Ospj2w$', 'administrador': 'true'}</msg>
<status status="PASS" starttime="20220701 16:41:58.481" endtime="20220701 16:41:58.484"/>
</kw>
<kw name="POST Endpoint &quot;/usuarios&quot; Com Body &quot;${usuario}&quot;" library="common" sourcename="POST Endpoint &quot;${endpoint}&quot; Com Body &quot;${body}&quot;">
<kw name="Run Keyword If" library="BuiltIn">
<arg>'_id' in ${body}</arg>
<arg>Remove From Dictionary</arg>
<arg>${body}</arg>
<arg>_id</arg>
<doc>Runs the given keyword with the given arguments, if ``condition`` is true.</doc>
<status status="PASS" starttime="20220701 16:41:58.485" endtime="20220701 16:41:58.485"/>
</kw>
<kw name="POST On Session" library="RequestsLibrary">
<var>${response}</var>
<arg>serverest</arg>
<arg>${endpoint}</arg>
<arg>json=${body}</arg>
<arg>expected_status=any</arg>
<doc>Sends a POST request on a previously created HTTP Session.</doc>
<msg timestamp="20220701 16:41:58.508" level="INFO">POST Request : url=http://localhost:3000/usuarios 
 path_url=/usuarios 
 headers={'User-Agent': 'python-requests/2.28.1', 'Accept-Encoding': 'gzip, deflate', 'Accept': '*/*', 'Connection': 'keep-alive', 'Content-Length': '116', 'Content-Type': 'application/json'} 
 body=b'{"nome": "Christopher Bond", "email": "skinvhouston@example.org", "password": "D%5Ospj2w$", "administrador": "true"}' 
 </msg>
<msg timestamp="20220701 16:41:58.509" level="INFO">POST Response : url=http://localhost:3000/usuarios 
 status=201, reason=Created 
 headers={'Access-Control-Allow-Origin': '*', 'x-dns-prefetch-control': 'off', 'x-frame-options': 'SAMEORIGIN', 'strict-transport-security': 'max-age=15552000; includeSubDomains', 'x-download-options': 'noopen', 'x-content-type-options': 'nosniff', 'x-xss-protection': '1; mode=block', 'x-moesif-transaction-id': '1e64e0d9-6a95-440f-bad3-c33af52256a5', 'Content-Type': 'application/json; charset=utf-8', 'Content-Length': '82', 'Date': 'Fri, 01 Jul 2022 19:41:58 GMT', 'Connection': 'keep-alive', 'Keep-Alive': 'timeout=5'} 
 body={
    "message": "Cadastro realizado com sucesso",
    "_id": "Wvtzu68y5CKojGN6"
} 
 </msg>
<msg timestamp="20220701 16:41:58.509" level="INFO">${response} = &lt;Response [201]&gt;</msg>
<status status="PASS" starttime="20220701 16:41:58.485" endtime="20220701 16:41:58.509"/>
</kw>
<kw name="Set Test Variable" library="BuiltIn">
<arg>${response}</arg>
<doc>Makes a variable available everywhere within the scope of the current test.</doc>
<msg timestamp="20220701 16:41:58.509" level="INFO">${response} = &lt;Response [201]&gt;</msg>
<status status="PASS" starttime="20220701 16:41:58.509" endtime="20220701 16:41:58.509"/>
</kw>
<kw name="Set Test Variable" library="BuiltIn">
<arg>${response_body}</arg>
<arg>${response.json()}</arg>
<doc>Makes a variable available everywhere within the scope of the current test.</doc>
<msg timestamp="20220701 16:41:58.511" level="INFO">${response_body} = {'message': 'Cadastro realizado com sucesso', '_id': 'Wvtzu68y5CKojGN6'}</msg>
<status status="PASS" starttime="20220701 16:41:58.510" endtime="20220701 16:41:58.511"/>
</kw>
<status status="PASS" starttime="20220701 16:41:58.484" endtime="20220701 16:41:58.511"/>
</kw>
<kw name="Validar Status Code &quot;201&quot;" library="common" sourcename="Validar Status Code &quot;${statuscode}&quot;">
<kw name="Should Be True" library="BuiltIn">
<arg>${response.status_code} == ${statuscode}</arg>
<doc>Fails if the given condition is not true.</doc>
<status status="PASS" starttime="20220701 16:41:58.511" endtime="20220701 16:41:58.512"/>
</kw>
<status status="PASS" starttime="20220701 16:41:58.511" endtime="20220701 16:41:58.513"/>
</kw>
<kw name="Validar Mensagem &quot;Cadastro realizado com sucesso&quot;" library="common" sourcename="Validar Mensagem &quot;${mensagem}&quot;">
<kw name="Should Be Equal" library="BuiltIn">
<arg>${response_body['message']}</arg>
<arg>${mensagem}</arg>
<doc>Fails if the given objects are unequal.</doc>
<status status="PASS" starttime="20220701 16:41:58.513" endtime="20220701 16:41:58.514"/>
</kw>
<status status="PASS" starttime="20220701 16:41:58.513" endtime="20220701 16:41:58.514"/>
</kw>
<kw name="Should Not Be Empty" library="BuiltIn">
<arg>${response_body['_id']}</arg>
<doc>Verifies that the given item is not empty.</doc>
<msg timestamp="20220701 16:41:58.514" level="INFO">Length is 16</msg>
<status status="PASS" starttime="20220701 16:41:58.514" endtime="20220701 16:41:58.514"/>
</kw>
<kw name="Set To Dictionary" library="Collections">
<arg>${usuario}</arg>
<arg>_id=${response_body['_id']}</arg>
<doc>Adds the given ``key_value_pairs`` and ``items`` to the ``dictionary``.</doc>
<status status="PASS" starttime="20220701 16:41:58.514" endtime="20220701 16:41:58.515"/>
</kw>
<kw name="Set Test Variable" library="BuiltIn">
<arg>${usuario_valido}</arg>
<arg>${usuario}</arg>
<doc>Makes a variable available everywhere within the scope of the current test.</doc>
<msg timestamp="20220701 16:41:58.516" level="INFO">${usuario_valido} = {'nome': 'Christopher Bond', 'email': 'skinvhouston@example.org', 'password': 'D%5Ospj2w$', 'administrador': 'true', '_id': 'Wvtzu68y5CKojGN6'}</msg>
<status status="PASS" starttime="20220701 16:41:58.515" endtime="20220701 16:41:58.516"/>
</kw>
<msg timestamp="20220701 16:41:58.516" level="INFO">${usuario_valido} = None</msg>
<status status="PASS" starttime="20220701 16:41:58.480" endtime="20220701 16:41:58.516"/>
</kw>
<kw name="Remove From Dictionary" library="Collections">
<arg>${usuario_valido}</arg>
<arg>nome</arg>
<arg>administrador</arg>
<arg>_id</arg>
<doc>Removes the given ``keys`` from the ``dictionary``.</doc>
<msg timestamp="20220701 16:41:58.517" level="FAIL">TypeError: argument of type 'NoneType' is not iterable</msg>
<status status="FAIL" starttime="20220701 16:41:58.516" endtime="20220701 16:41:58.517"/>
</kw>
<kw name="POST Endpoint &quot;/login&quot; Com Body &quot;${usuario_valido}&quot;" library="common" sourcename="POST Endpoint &quot;${endpoint}&quot; Com Body &quot;${body}&quot;">
<status status="NOT RUN" starttime="20220701 16:41:58.517" endtime="20220701 16:41:58.517"/>
</kw>
<kw name="Validar Status Code &quot;200&quot;" library="common" sourcename="Validar Status Code &quot;${statuscode}&quot;">
<status status="NOT RUN" starttime="20220701 16:41:58.517" endtime="20220701 16:41:58.518"/>
</kw>
<kw name="Validar Mensagem &quot;Login realizado com sucesso&quot;" library="common" sourcename="Validar Mensagem &quot;${mensagem}&quot;">
<status status="NOT RUN" starttime="20220701 16:41:58.518" endtime="20220701 16:41:58.518"/>
</kw>
<kw name="Validar Token" library="login_keywords">
<status status="NOT RUN" starttime="20220701 16:41:58.518" endtime="20220701 16:41:58.518"/>
</kw>
<kw name="Create Dictionary" library="BuiltIn">
<var>&amp;{headers}</var>
<arg>Authorization=${response_body["authorization"]}</arg>
<doc>Creates and returns a dictionary based on the given ``items``.</doc>
<status status="NOT RUN" starttime="20220701 16:41:58.518" endtime="20220701 16:41:58.518"/>
</kw>
<kw name="Set Test Variable" library="BuiltIn">
<arg>${headers}</arg>
<doc>Makes a variable available everywhere within the scope of the current test.</doc>
<status status="NOT RUN" starttime="20220701 16:41:58.518" endtime="20220701 16:41:58.519"/>
</kw>
<status status="FAIL" starttime="20220701 16:41:58.480" endtime="20220701 16:41:58.519"/>
</kw>
<kw name="POST Autenticado EndPoint &quot;/produtos&quot; Com Body &quot;${produto}&quot; Headers &quot;${headers}&quot;" library="common" sourcename="POST Autenticado EndPoint &quot;${endpoint}&quot; Com Body &quot;${body}&quot; Headers &quot;${headers}&quot;">
<status status="NOT RUN" starttime="20220701 16:41:58.519" endtime="20220701 16:41:58.520"/>
</kw>
<kw name="Validar Mensagem &quot;Cadastro realizado com sucesso&quot;" library="common" sourcename="Validar Mensagem &quot;${mensagem}&quot;">
<status status="NOT RUN" starttime="20220701 16:41:58.520" endtime="20220701 16:41:58.520"/>
</kw>
<kw name="Validar Status Code &quot;201&quot;" library="common" sourcename="Validar Status Code &quot;${statuscode}&quot;">
<status status="NOT RUN" starttime="20220701 16:41:58.520" endtime="20220701 16:41:58.520"/>
</kw>
<kw name="Validar Se A Key Nao Esta Vazia &quot;_id&quot;" library="common" sourcename="Validar Se A Key Nao Esta Vazia &quot;${key}&quot;">
<status status="NOT RUN" starttime="20220701 16:41:58.520" endtime="20220701 16:41:58.520"/>
</kw>
<kw name="Set To Dictionary" library="Collections">
<arg>${produto}</arg>
<arg>_id=${response_body['_id']}</arg>
<doc>Adds the given ``key_value_pairs`` and ``items`` to the ``dictionary``.</doc>
<status status="NOT RUN" starttime="20220701 16:41:58.520" endtime="20220701 16:41:58.521"/>
</kw>
<status status="FAIL" starttime="20220701 16:41:58.476" endtime="20220701 16:41:58.521"/>
</kw>
<kw name="Logar E Salvar Token Como" library="login_keywords">
<arg>"Nao Administrador"</arg>
<doc>Aceita como argumento um tipo de usuário e retorna um usuário do tipo desejado
Se não for passado um tipo de usuário, loga como usuário Não Administrador
Tipos de usuario Aceitos:
- "Administrador"
- "Nao Administrador"</doc>
<status status="NOT RUN" starttime="20220701 16:41:58.521" endtime="20220701 16:41:58.521"/>
</kw>
<kw name="DELETE Autenticado EndPoint &quot;/produtos/${produto['_id']}&quot; Headers &quot;${headers}&quot;" library="common" sourcename="DELETE Autenticado EndPoint &quot;${endpoint}&quot; Headers &quot;${headers}&quot;">
<status status="NOT RUN" starttime="20220701 16:41:58.521" endtime="20220701 16:41:58.521"/>
</kw>
<kw name="Validar Status Code &quot;403&quot;" library="common" sourcename="Validar Status Code &quot;${statuscode}&quot;">
<status status="NOT RUN" starttime="20220701 16:41:58.522" endtime="20220701 16:41:58.522"/>
</kw>
<tag>Deletar_Produto_Nao Administrador</tag>
<tag>DELETE</tag>
<tag>DELETE_Produtos</tag>
<tag>Produtos</tag>
<status status="FAIL" starttime="20220701 16:41:58.476" endtime="20220701 16:41:58.522">TypeError: argument of type 'NoneType' is not iterable</status>
</test>
<doc>Arquivo De Testes Relacionandos Ao EndPoint Produtos</doc>
<status status="FAIL" starttime="20220701 16:41:56.279" endtime="20220701 16:41:58.523"/>
</suite>
<status status="FAIL" starttime="20220701 16:41:56.258" endtime="20220701 16:41:58.524"/>
</suite>
<statistics>
<total>
<stat pass="5" fail="25" skip="0">All Tests</stat>
</total>
<tag>
<stat pass="0" fail="1" skip="0">Atualizar_Produto_Descricao</stat>
<stat pass="0" fail="1" skip="0">Atualizar_Produto_Nao Administrador</stat>
<stat pass="0" fail="1" skip="0">Atualizar_Produto_NAO_CADASTRADO</stat>
<stat pass="0" fail="1" skip="0">Atualizar_Produto_Nome</stat>
<stat pass="0" fail="1" skip="0">Atualizar_Produto_Preco</stat>
<stat pass="0" fail="1" skip="0">Atualizar_Produto_Preco_Invalido</stat>
<stat pass="0" fail="1" skip="0">Atualizar_Produto_Quantidade</stat>
<stat pass="0" fail="1" skip="0">Atualizar_Produto_Quantidade_Invalida</stat>
<stat pass="0" fail="1" skip="0">Atualizar_Produto_Sem_Alteracao</stat>
<stat pass="1" fail="0" skip="0">Atualizar_Produto_Sem_Autenticacao</stat>
<stat pass="1" fail="0" skip="0">Atualizar_Produto_Token_Invalido</stat>
<stat pass="0" fail="1" skip="0">Buscar_Produto_Cadastrado</stat>
<stat pass="1" fail="0" skip="0">Buscar_Produto_Nao_Cadastrado</stat>
<stat pass="0" fail="1" skip="0">Buscar_Todos_Produtos</stat>
<stat pass="0" fail="1" skip="0">Cadastar_Produto_20_Produtos</stat>
<stat pass="0" fail="1" skip="0">Cadastar_Produto_Com_Descricao_Vazia</stat>
<stat pass="0" fail="1" skip="0">Cadastar_Produto_Com_Nome_Vazio</stat>
<stat pass="0" fail="1" skip="0">Cadastar_Produto_Com_Preco_Vazio</stat>
<stat pass="0" fail="1" skip="0">Cadastar_Produto_Com_Quantidade_Vazia</stat>
<stat pass="1" fail="0" skip="0">Cadastar_Produto_Com_Token_Invalido</stat>
<stat pass="0" fail="1" skip="0">Cadastar_Produto_Ja_Cadastrado</stat>
<stat pass="1" fail="0" skip="0">Cadastar_Produto_Nao_Autenticado</stat>
<stat pass="0" fail="1" skip="0">Cadastar_Produto_Preco_Invalido</stat>
<stat pass="0" fail="1" skip="0">Cadastar_Produto_Quantidade_Invalida</stat>
<stat pass="0" fail="1" skip="0">Cadastar_Produto_Valido</stat>
<stat pass="0" fail="1" skip="0">Cadastar_Produto_Valido_Nao Administrador</stat>
<stat pass="2" fail="10" skip="0">Cadastrar_Produto</stat>
<stat pass="0" fail="1" skip="0">Deletar_Produto_Cadastrado</stat>
<stat pass="0" fail="1" skip="0">Deletar_Produto_Nao Administrador</stat>
<stat pass="0" fail="1" skip="0">Deletar_Produto_Nao_Cadastrado</stat>
<stat pass="0" fail="1" skip="0">Deletar_Produto_Sem_Autenticacao</stat>
<stat pass="0" fail="4" skip="0">DELETE</stat>
<stat pass="0" fail="4" skip="0">DELETE_Produtos</stat>
<stat pass="1" fail="2" skip="0">GET</stat>
<stat pass="1" fail="2" skip="0">GET_Produtos</stat>
<stat pass="2" fail="10" skip="0">POST</stat>
<stat pass="3" fail="15" skip="0">Produtos</stat>
<stat pass="2" fail="9" skip="0">PUT</stat>
<stat pass="2" fail="9" skip="0">PUT_Produtos</stat>
</tag>
<suite>
<stat pass="5" fail="25" skip="0" id="s1" name="Tests">Tests</stat>
<stat pass="5" fail="25" skip="0" id="s1-s1" name="03 Produtos Tests">Tests.03 Produtos Tests</stat>
</suite>
</statistics>
<errors>
</errors>
</robot>
